[0.009s] Invoking command in '/home/cgrundman/ros2_ws/build/my_cpp_pkg': CMAKE_PREFIX_PATH=/home/cgrundman/ros2_ws/install/my_robot_interfaces:/home/cgrundman/ros2_ws/install/my_cpp_pkg:/opt/ros/jazzy/opt/gz_math_vendor:/opt/ros/jazzy/opt/gz_utils_vendor:/opt/ros/jazzy/opt/gz_cmake_vendor:/home/cgrundman/ros2_ws/install/my_py_pkg:/opt/ros/jazzy DEBUGINFOD_URLS=https://debuginfod.ubuntu.com PYTHONPATH=/home/cgrundman/ros2_ws/install/my_robot_interfaces/lib/python3.12/site-packages:/home/cgrundman/GitLab/python-icitdlas:/home/cgrundman/ros2_ws/build/my_py_pkg:/home/cgrundman/ros2_ws/install/my_py_pkg/lib/python3.12/site-packages:/opt/ros/jazzy/lib/python3.12/site-packages /usr/bin/cmake --build /home/cgrundman/ros2_ws/build/my_cpp_pkg -- -j14 -l14
[0.049s] [ 12%] Built target node_name
[0.050s] [ 25%] Built target smartphone
[0.052s] [ 37%] Built target add_two_ints_client_oop
[0.052s] [ 50%] Built target cpp_node
[0.053s] [ 62%] Built target add_two_ints_client_no_oop
[0.053s] [ 75%] Built target add_two_ints_server
[0.054s] [ 87%] Built target robot_news_station
[0.058s] [100%] Built target hw_status_publisher
[0.174s] Invoked command in '/home/cgrundman/ros2_ws/build/my_cpp_pkg' returned '0': CMAKE_PREFIX_PATH=/home/cgrundman/ros2_ws/install/my_robot_interfaces:/home/cgrundman/ros2_ws/install/my_cpp_pkg:/opt/ros/jazzy/opt/gz_math_vendor:/opt/ros/jazzy/opt/gz_utils_vendor:/opt/ros/jazzy/opt/gz_cmake_vendor:/home/cgrundman/ros2_ws/install/my_py_pkg:/opt/ros/jazzy DEBUGINFOD_URLS=https://debuginfod.ubuntu.com PYTHONPATH=/home/cgrundman/ros2_ws/install/my_robot_interfaces/lib/python3.12/site-packages:/home/cgrundman/GitLab/python-icitdlas:/home/cgrundman/ros2_ws/build/my_py_pkg:/home/cgrundman/ros2_ws/install/my_py_pkg/lib/python3.12/site-packages:/opt/ros/jazzy/lib/python3.12/site-packages /usr/bin/cmake --build /home/cgrundman/ros2_ws/build/my_cpp_pkg -- -j14 -l14
[0.175s] Invoking command in '/home/cgrundman/ros2_ws/build/my_cpp_pkg': CMAKE_PREFIX_PATH=/home/cgrundman/ros2_ws/install/my_robot_interfaces:/home/cgrundman/ros2_ws/install/my_cpp_pkg:/opt/ros/jazzy/opt/gz_math_vendor:/opt/ros/jazzy/opt/gz_utils_vendor:/opt/ros/jazzy/opt/gz_cmake_vendor:/home/cgrundman/ros2_ws/install/my_py_pkg:/opt/ros/jazzy DEBUGINFOD_URLS=https://debuginfod.ubuntu.com PYTHONPATH=/home/cgrundman/ros2_ws/install/my_robot_interfaces/lib/python3.12/site-packages:/home/cgrundman/GitLab/python-icitdlas:/home/cgrundman/ros2_ws/build/my_py_pkg:/home/cgrundman/ros2_ws/install/my_py_pkg/lib/python3.12/site-packages:/opt/ros/jazzy/lib/python3.12/site-packages /usr/bin/cmake --install /home/cgrundman/ros2_ws/build/my_cpp_pkg
[0.183s] -- Install configuration: ""
[0.184s] -- Up-to-date: /home/cgrundman/ros2_ws/install/my_cpp_pkg/lib/my_cpp_pkg/cpp_node
[0.184s] -- Up-to-date: /home/cgrundman/ros2_ws/install/my_cpp_pkg/lib/my_cpp_pkg/robot_news_station
[0.184s] -- Up-to-date: /home/cgrundman/ros2_ws/install/my_cpp_pkg/lib/my_cpp_pkg/smartphone
[0.184s] -- Up-to-date: /home/cgrundman/ros2_ws/install/my_cpp_pkg/lib/my_cpp_pkg/add_two_ints_server
[0.184s] -- Up-to-date: /home/cgrundman/ros2_ws/install/my_cpp_pkg/lib/my_cpp_pkg/add_two_ints_client_no_oop
[0.184s] -- Up-to-date: /home/cgrundman/ros2_ws/install/my_cpp_pkg/lib/my_cpp_pkg/add_two_ints_client_oop
[0.185s] -- Up-to-date: /home/cgrundman/ros2_ws/install/my_cpp_pkg/lib/my_cpp_pkg/hw_status_publisher
[0.185s] -- Up-to-date: /home/cgrundman/ros2_ws/install/my_cpp_pkg/share/ament_index/resource_index/package_run_dependencies/my_cpp_pkg
[0.185s] -- Up-to-date: /home/cgrundman/ros2_ws/install/my_cpp_pkg/share/ament_index/resource_index/parent_prefix_path/my_cpp_pkg
[0.185s] -- Up-to-date: /home/cgrundman/ros2_ws/install/my_cpp_pkg/share/my_cpp_pkg/environment/ament_prefix_path.sh
[0.185s] -- Up-to-date: /home/cgrundman/ros2_ws/install/my_cpp_pkg/share/my_cpp_pkg/environment/ament_prefix_path.dsv
[0.185s] -- Up-to-date: /home/cgrundman/ros2_ws/install/my_cpp_pkg/share/my_cpp_pkg/environment/path.sh
[0.185s] -- Up-to-date: /home/cgrundman/ros2_ws/install/my_cpp_pkg/share/my_cpp_pkg/environment/path.dsv
[0.185s] -- Up-to-date: /home/cgrundman/ros2_ws/install/my_cpp_pkg/share/my_cpp_pkg/local_setup.bash
[0.185s] -- Up-to-date: /home/cgrundman/ros2_ws/install/my_cpp_pkg/share/my_cpp_pkg/local_setup.sh
[0.185s] -- Up-to-date: /home/cgrundman/ros2_ws/install/my_cpp_pkg/share/my_cpp_pkg/local_setup.zsh
[0.185s] -- Up-to-date: /home/cgrundman/ros2_ws/install/my_cpp_pkg/share/my_cpp_pkg/local_setup.dsv
[0.185s] -- Installing: /home/cgrundman/ros2_ws/install/my_cpp_pkg/share/my_cpp_pkg/package.dsv
[0.186s] -- Up-to-date: /home/cgrundman/ros2_ws/install/my_cpp_pkg/share/ament_index/resource_index/packages/my_cpp_pkg
[0.186s] -- Up-to-date: /home/cgrundman/ros2_ws/install/my_cpp_pkg/share/my_cpp_pkg/cmake/my_cpp_pkgConfig.cmake
[0.186s] -- Up-to-date: /home/cgrundman/ros2_ws/install/my_cpp_pkg/share/my_cpp_pkg/cmake/my_cpp_pkgConfig-version.cmake
[0.186s] -- Up-to-date: /home/cgrundman/ros2_ws/install/my_cpp_pkg/share/my_cpp_pkg/package.xml
[0.188s] Invoked command in '/home/cgrundman/ros2_ws/build/my_cpp_pkg' returned '0': CMAKE_PREFIX_PATH=/home/cgrundman/ros2_ws/install/my_robot_interfaces:/home/cgrundman/ros2_ws/install/my_cpp_pkg:/opt/ros/jazzy/opt/gz_math_vendor:/opt/ros/jazzy/opt/gz_utils_vendor:/opt/ros/jazzy/opt/gz_cmake_vendor:/home/cgrundman/ros2_ws/install/my_py_pkg:/opt/ros/jazzy DEBUGINFOD_URLS=https://debuginfod.ubuntu.com PYTHONPATH=/home/cgrundman/ros2_ws/install/my_robot_interfaces/lib/python3.12/site-packages:/home/cgrundman/GitLab/python-icitdlas:/home/cgrundman/ros2_ws/build/my_py_pkg:/home/cgrundman/ros2_ws/install/my_py_pkg/lib/python3.12/site-packages:/opt/ros/jazzy/lib/python3.12/site-packages /usr/bin/cmake --install /home/cgrundman/ros2_ws/build/my_cpp_pkg
