[0.542s] Invoking command in '/home/cgrundman/ros2_ws/src/my_py_pkg': DEBUGINFOD_URLS=https://debuginfod.ubuntu.com PYTHONPATH=/home/cgrundman/ros2_ws/src/build/my_py_pkg/prefix_override:/usr/lib/python3/dist-packages/colcon_core/task/python/colcon_distutils_commands:/home/cgrundman/ros2_ws/src/install/my_py_pkg/lib/python3.12/site-packages:${PYTHONPATH} /usr/bin/python3 -W ignore:setup.py install is deprecated -W ignore:easy_install command is deprecated setup.py egg_info --egg-base ../build/my_py_pkg build --build-base /home/cgrundman/ros2_ws/src/build/my_py_pkg/build install --record /home/cgrundman/ros2_ws/src/build/my_py_pkg/install.log --single-version-externally-managed install_data
[0.732s] running egg_info
[0.745s] writing ../build/my_py_pkg/my_py_pkg.egg-info/PKG-INFO
[0.745s] writing dependency_links to ../build/my_py_pkg/my_py_pkg.egg-info/dependency_links.txt
[0.745s] writing entry points to ../build/my_py_pkg/my_py_pkg.egg-info/entry_points.txt
[0.745s] writing requirements to ../build/my_py_pkg/my_py_pkg.egg-info/requires.txt
[0.745s] writing top-level names to ../build/my_py_pkg/my_py_pkg.egg-info/top_level.txt
[0.773s] reading manifest file '../build/my_py_pkg/my_py_pkg.egg-info/SOURCES.txt'
[0.774s] writing manifest file '../build/my_py_pkg/my_py_pkg.egg-info/SOURCES.txt'
[0.774s] running build
[0.774s] running build_py
[0.774s] running install
[0.779s] running install_lib
[0.796s] running install_data
[0.796s] running install_egg_info
[0.812s] removing '/home/cgrundman/ros2_ws/src/install/my_py_pkg/lib/python3.12/site-packages/my_py_pkg-0.0.0-py3.12.egg-info' (and everything under it)
[0.812s] Copying ../build/my_py_pkg/my_py_pkg.egg-info to /home/cgrundman/ros2_ws/src/install/my_py_pkg/lib/python3.12/site-packages/my_py_pkg-0.0.0-py3.12.egg-info
[0.813s] running install_scripts
[0.897s] Installing add_two_ints_server script to /home/cgrundman/ros2_ws/src/install/my_py_pkg/lib/my_py_pkg
[0.897s] Installing number_counter script to /home/cgrundman/ros2_ws/src/install/my_py_pkg/lib/my_py_pkg
[0.897s] Installing number_publisher script to /home/cgrundman/ros2_ws/src/install/my_py_pkg/lib/my_py_pkg
[0.897s] Installing py_node script to /home/cgrundman/ros2_ws/src/install/my_py_pkg/lib/my_py_pkg
[0.897s] Installing robot_news_station script to /home/cgrundman/ros2_ws/src/install/my_py_pkg/lib/my_py_pkg
[0.897s] Installing smartphone script to /home/cgrundman/ros2_ws/src/install/my_py_pkg/lib/my_py_pkg
[0.897s] writing list of installed files to '/home/cgrundman/ros2_ws/src/build/my_py_pkg/install.log'
[0.918s] Invoked command in '/home/cgrundman/ros2_ws/src/my_py_pkg' returned '0': DEBUGINFOD_URLS=https://debuginfod.ubuntu.com PYTHONPATH=/home/cgrundman/ros2_ws/src/build/my_py_pkg/prefix_override:/usr/lib/python3/dist-packages/colcon_core/task/python/colcon_distutils_commands:/home/cgrundman/ros2_ws/src/install/my_py_pkg/lib/python3.12/site-packages:${PYTHONPATH} /usr/bin/python3 -W ignore:setup.py install is deprecated -W ignore:easy_install command is deprecated setup.py egg_info --egg-base ../build/my_py_pkg build --build-base /home/cgrundman/ros2_ws/src/build/my_py_pkg/build install --record /home/cgrundman/ros2_ws/src/build/my_py_pkg/install.log --single-version-externally-managed install_data
