[0.010s] Invoking command in '/home/cgrundman/ros2_ws/build/my_robot_interfaces': CMAKE_PREFIX_PATH=${CMAKE_PREFIX_PATH}:/home/cgrundman/ros2_ws/install/my_py_pkg:/opt/ros/jazzy DEBUGINFOD_URLS=https://debuginfod.ubuntu.com /usr/bin/cmake --build /home/cgrundman/ros2_ws/build/my_robot_interfaces -- -j14 -l14
[0.053s] [  1%] Built target my_robot_interfaces__rosidl_generator_type_description
[0.062s] [  1%] Built target ament_cmake_python_copy_my_robot_interfaces
[0.071s] [  6%] Built target my_robot_interfaces__cpp
[0.071s] [ 25%] Built target my_robot_interfaces__rosidl_generator_c
[0.086s] [ 37%] Built target my_robot_interfaces__rosidl_typesupport_c
[0.086s] [ 43%] Built target my_robot_interfaces__rosidl_typesupport_introspection_c
[0.091s] [ 53%] Built target my_robot_interfaces__rosidl_typesupport_cpp
[0.093s] [ 62%] Built target my_robot_interfaces__rosidl_typesupport_fastrtps_c
[0.093s] [ 71%] Built target my_robot_interfaces__rosidl_typesupport_introspection_cpp
[0.094s] [ 81%] Built target my_robot_interfaces__rosidl_typesupport_fastrtps_cpp
[0.110s] [ 81%] Built target my_robot_interfaces
[0.129s] [ 82%] Built target my_robot_interfaces__py
[0.151s] [ 90%] Built target my_robot_interfaces__rosidl_generator_py
[0.170s] [ 95%] Built target my_robot_interfaces_s__rosidl_typesupport_fastrtps_c
[0.170s] [ 96%] Built target my_robot_interfaces_s__rosidl_typesupport_c
[0.172s] [100%] Built target my_robot_interfaces_s__rosidl_typesupport_introspection_c
[0.258s] running egg_info
[0.272s] writing my_robot_interfaces.egg-info/PKG-INFO
[0.272s] writing dependency_links to my_robot_interfaces.egg-info/dependency_links.txt
[0.272s] writing top-level names to my_robot_interfaces.egg-info/top_level.txt
[0.312s] reading manifest file 'my_robot_interfaces.egg-info/SOURCES.txt'
[0.313s] writing manifest file 'my_robot_interfaces.egg-info/SOURCES.txt'
[0.337s] [100%] Built target ament_cmake_python_build_my_robot_interfaces_egg
[0.349s] Invoked command in '/home/cgrundman/ros2_ws/build/my_robot_interfaces' returned '0': CMAKE_PREFIX_PATH=${CMAKE_PREFIX_PATH}:/home/cgrundman/ros2_ws/install/my_py_pkg:/opt/ros/jazzy DEBUGINFOD_URLS=https://debuginfod.ubuntu.com /usr/bin/cmake --build /home/cgrundman/ros2_ws/build/my_robot_interfaces -- -j14 -l14
[0.358s] Invoking command in '/home/cgrundman/ros2_ws/build/my_robot_interfaces': CMAKE_PREFIX_PATH=${CMAKE_PREFIX_PATH}:/home/cgrundman/ros2_ws/install/my_py_pkg:/opt/ros/jazzy DEBUGINFOD_URLS=https://debuginfod.ubuntu.com /usr/bin/cmake --install /home/cgrundman/ros2_ws/build/my_robot_interfaces
[0.364s] -- Install configuration: ""
[0.365s] -- Up-to-date: /home/cgrundman/ros2_ws/install/my_robot_interfaces/share/ament_index/resource_index/rosidl_interfaces/my_robot_interfaces
[0.365s] -- Up-to-date: /home/cgrundman/ros2_ws/install/my_robot_interfaces/share/my_robot_interfaces/msg/HardwareStatus.json
[0.365s] -- Up-to-date: /home/cgrundman/ros2_ws/install/my_robot_interfaces/share/my_robot_interfaces/msg/LEDPanelState.json
[0.365s] -- Up-to-date: /home/cgrundman/ros2_ws/install/my_robot_interfaces/share/my_robot_interfaces/srv/ComputeRectangleArea.json
[0.365s] -- Up-to-date: /home/cgrundman/ros2_ws/install/my_robot_interfaces/share/my_robot_interfaces/srv/SetLed.json
[0.365s] -- Up-to-date: /home/cgrundman/ros2_ws/install/my_robot_interfaces/include/my_robot_interfaces/my_robot_interfaces
[0.365s] -- Up-to-date: /home/cgrundman/ros2_ws/install/my_robot_interfaces/include/my_robot_interfaces/my_robot_interfaces/msg
[0.365s] -- Up-to-date: /home/cgrundman/ros2_ws/install/my_robot_interfaces/include/my_robot_interfaces/my_robot_interfaces/msg/rosidl_generator_c__visibility_control.h
[0.365s] -- Up-to-date: /home/cgrundman/ros2_ws/install/my_robot_interfaces/include/my_robot_interfaces/my_robot_interfaces/msg/led_panel_state.h
[0.365s] -- Up-to-date: /home/cgrundman/ros2_ws/install/my_robot_interfaces/include/my_robot_interfaces/my_robot_interfaces/msg/hardware_status.h
[0.365s] -- Up-to-date: /home/cgrundman/ros2_ws/install/my_robot_interfaces/include/my_robot_interfaces/my_robot_interfaces/msg/detail
[0.365s] -- Up-to-date: /home/cgrundman/ros2_ws/install/my_robot_interfaces/include/my_robot_interfaces/my_robot_interfaces/msg/detail/led_panel_state__functions.h
[0.365s] -- Up-to-date: /home/cgrundman/ros2_ws/install/my_robot_interfaces/include/my_robot_interfaces/my_robot_interfaces/msg/detail/hardware_status__description.c
[0.365s] -- Up-to-date: /home/cgrundman/ros2_ws/install/my_robot_interfaces/include/my_robot_interfaces/my_robot_interfaces/msg/detail/led_panel_state__description.c
[0.365s] -- Up-to-date: /home/cgrundman/ros2_ws/install/my_robot_interfaces/include/my_robot_interfaces/my_robot_interfaces/msg/detail/hardware_status__type_support.c
[0.366s] -- Up-to-date: /home/cgrundman/ros2_ws/install/my_robot_interfaces/include/my_robot_interfaces/my_robot_interfaces/msg/detail/led_panel_state__type_support.c
[0.366s] -- Up-to-date: /home/cgrundman/ros2_ws/install/my_robot_interfaces/include/my_robot_interfaces/my_robot_interfaces/msg/detail/hardware_status__type_support.h
[0.366s] -- Up-to-date: /home/cgrundman/ros2_ws/install/my_robot_interfaces/include/my_robot_interfaces/my_robot_interfaces/msg/detail/hardware_status__functions.c
[0.366s] -- Up-to-date: /home/cgrundman/ros2_ws/install/my_robot_interfaces/include/my_robot_interfaces/my_robot_interfaces/msg/detail/hardware_status__struct.h
[0.366s] -- Up-to-date: /home/cgrundman/ros2_ws/install/my_robot_interfaces/include/my_robot_interfaces/my_robot_interfaces/msg/detail/led_panel_state__functions.c
[0.366s] -- Up-to-date: /home/cgrundman/ros2_ws/install/my_robot_interfaces/include/my_robot_interfaces/my_robot_interfaces/msg/detail/hardware_status__functions.h
[0.366s] -- Up-to-date: /home/cgrundman/ros2_ws/install/my_robot_interfaces/include/my_robot_interfaces/my_robot_interfaces/msg/detail/led_panel_state__struct.h
[0.366s] -- Up-to-date: /home/cgrundman/ros2_ws/install/my_robot_interfaces/include/my_robot_interfaces/my_robot_interfaces/msg/detail/led_panel_state__type_support.h
[0.366s] -- Up-to-date: /home/cgrundman/ros2_ws/install/my_robot_interfaces/include/my_robot_interfaces/my_robot_interfaces/srv
[0.366s] -- Up-to-date: /home/cgrundman/ros2_ws/install/my_robot_interfaces/include/my_robot_interfaces/my_robot_interfaces/srv/compute_rectangle_area.h
[0.366s] -- Up-to-date: /home/cgrundman/ros2_ws/install/my_robot_interfaces/include/my_robot_interfaces/my_robot_interfaces/srv/detail
[0.366s] -- Up-to-date: /home/cgrundman/ros2_ws/install/my_robot_interfaces/include/my_robot_interfaces/my_robot_interfaces/srv/detail/set_led__type_support.h
[0.366s] -- Up-to-date: /home/cgrundman/ros2_ws/install/my_robot_interfaces/include/my_robot_interfaces/my_robot_interfaces/srv/detail/compute_rectangle_area__type_support.h
[0.366s] -- Up-to-date: /home/cgrundman/ros2_ws/install/my_robot_interfaces/include/my_robot_interfaces/my_robot_interfaces/srv/detail/compute_rectangle_area__type_support.c
[0.367s] -- Up-to-date: /home/cgrundman/ros2_ws/install/my_robot_interfaces/include/my_robot_interfaces/my_robot_interfaces/srv/detail/set_led__struct.h
[0.367s] -- Up-to-date: /home/cgrundman/ros2_ws/install/my_robot_interfaces/include/my_robot_interfaces/my_robot_interfaces/srv/detail/compute_rectangle_area__functions.h
[0.367s] -- Up-to-date: /home/cgrundman/ros2_ws/install/my_robot_interfaces/include/my_robot_interfaces/my_robot_interfaces/srv/detail/compute_rectangle_area__description.c
[0.367s] -- Up-to-date: /home/cgrundman/ros2_ws/install/my_robot_interfaces/include/my_robot_interfaces/my_robot_interfaces/srv/detail/set_led__type_support.c
[0.367s] -- Up-to-date: /home/cgrundman/ros2_ws/install/my_robot_interfaces/include/my_robot_interfaces/my_robot_interfaces/srv/detail/set_led__functions.h
[0.367s] -- Up-to-date: /home/cgrundman/ros2_ws/install/my_robot_interfaces/include/my_robot_interfaces/my_robot_interfaces/srv/detail/set_led__description.c
[0.367s] -- Up-to-date: /home/cgrundman/ros2_ws/install/my_robot_interfaces/include/my_robot_interfaces/my_robot_interfaces/srv/detail/set_led__functions.c
[0.367s] -- Up-to-date: /home/cgrundman/ros2_ws/install/my_robot_interfaces/include/my_robot_interfaces/my_robot_interfaces/srv/detail/compute_rectangle_area__functions.c
[0.367s] -- Up-to-date: /home/cgrundman/ros2_ws/install/my_robot_interfaces/include/my_robot_interfaces/my_robot_interfaces/srv/detail/compute_rectangle_area__struct.h
[0.367s] -- Up-to-date: /home/cgrundman/ros2_ws/install/my_robot_interfaces/include/my_robot_interfaces/my_robot_interfaces/srv/set_led.h
[0.367s] -- Up-to-date: /home/cgrundman/ros2_ws/install/my_robot_interfaces/share/my_robot_interfaces/environment/library_path.sh
[0.367s] -- Up-to-date: /home/cgrundman/ros2_ws/install/my_robot_interfaces/share/my_robot_interfaces/environment/library_path.dsv
[0.367s] -- Up-to-date: /home/cgrundman/ros2_ws/install/my_robot_interfaces/lib/libmy_robot_interfaces__rosidl_generator_c.so
[0.367s] -- Up-to-date: /home/cgrundman/ros2_ws/install/my_robot_interfaces/include/my_robot_interfaces/my_robot_interfaces
[0.367s] -- Up-to-date: /home/cgrundman/ros2_ws/install/my_robot_interfaces/include/my_robot_interfaces/my_robot_interfaces/msg
[0.367s] -- Up-to-date: /home/cgrundman/ros2_ws/install/my_robot_interfaces/include/my_robot_interfaces/my_robot_interfaces/msg/rosidl_typesupport_fastrtps_c__visibility_control.h
[0.367s] -- Up-to-date: /home/cgrundman/ros2_ws/install/my_robot_interfaces/include/my_robot_interfaces/my_robot_interfaces/msg/detail
[0.367s] -- Up-to-date: /home/cgrundman/ros2_ws/install/my_robot_interfaces/include/my_robot_interfaces/my_robot_interfaces/msg/detail/hardware_status__rosidl_typesupport_fastrtps_c.h
[0.368s] -- Up-to-date: /home/cgrundman/ros2_ws/install/my_robot_interfaces/include/my_robot_interfaces/my_robot_interfaces/msg/detail/led_panel_state__rosidl_typesupport_fastrtps_c.h
[0.368s] -- Up-to-date: /home/cgrundman/ros2_ws/install/my_robot_interfaces/include/my_robot_interfaces/my_robot_interfaces/srv
[0.368s] -- Up-to-date: /home/cgrundman/ros2_ws/install/my_robot_interfaces/include/my_robot_interfaces/my_robot_interfaces/srv/detail
[0.368s] -- Up-to-date: /home/cgrundman/ros2_ws/install/my_robot_interfaces/include/my_robot_interfaces/my_robot_interfaces/srv/detail/set_led__rosidl_typesupport_fastrtps_c.h
[0.368s] -- Up-to-date: /home/cgrundman/ros2_ws/install/my_robot_interfaces/include/my_robot_interfaces/my_robot_interfaces/srv/detail/compute_rectangle_area__rosidl_typesupport_fastrtps_c.h
[0.368s] -- Up-to-date: /home/cgrundman/ros2_ws/install/my_robot_interfaces/lib/libmy_robot_interfaces__rosidl_typesupport_fastrtps_c.so
[0.368s] -- Up-to-date: /home/cgrundman/ros2_ws/install/my_robot_interfaces/include/my_robot_interfaces/my_robot_interfaces
[0.368s] -- Up-to-date: /home/cgrundman/ros2_ws/install/my_robot_interfaces/include/my_robot_interfaces/my_robot_interfaces/msg
[0.368s] -- Up-to-date: /home/cgrundman/ros2_ws/install/my_robot_interfaces/include/my_robot_interfaces/my_robot_interfaces/msg/detail
[0.368s] -- Up-to-date: /home/cgrundman/ros2_ws/install/my_robot_interfaces/include/my_robot_interfaces/my_robot_interfaces/msg/detail/hardware_status__type_support.c
[0.368s] -- Up-to-date: /home/cgrundman/ros2_ws/install/my_robot_interfaces/include/my_robot_interfaces/my_robot_interfaces/msg/detail/led_panel_state__type_support.c
[0.368s] -- Up-to-date: /home/cgrundman/ros2_ws/install/my_robot_interfaces/include/my_robot_interfaces/my_robot_interfaces/msg/detail/hardware_status__rosidl_typesupport_introspection_c.h
[0.368s] -- Up-to-date: /home/cgrundman/ros2_ws/install/my_robot_interfaces/include/my_robot_interfaces/my_robot_interfaces/msg/detail/led_panel_state__rosidl_typesupport_introspection_c.h
[0.368s] -- Up-to-date: /home/cgrundman/ros2_ws/install/my_robot_interfaces/include/my_robot_interfaces/my_robot_interfaces/msg/rosidl_typesupport_introspection_c__visibility_control.h
[0.368s] -- Up-to-date: /home/cgrundman/ros2_ws/install/my_robot_interfaces/include/my_robot_interfaces/my_robot_interfaces/srv
[0.368s] -- Up-to-date: /home/cgrundman/ros2_ws/install/my_robot_interfaces/include/my_robot_interfaces/my_robot_interfaces/srv/detail
[0.368s] -- Up-to-date: /home/cgrundman/ros2_ws/install/my_robot_interfaces/include/my_robot_interfaces/my_robot_interfaces/srv/detail/set_led__rosidl_typesupport_introspection_c.h
[0.368s] -- Up-to-date: /home/cgrundman/ros2_ws/install/my_robot_interfaces/include/my_robot_interfaces/my_robot_interfaces/srv/detail/compute_rectangle_area__type_support.c
[0.368s] -- Up-to-date: /home/cgrundman/ros2_ws/install/my_robot_interfaces/include/my_robot_interfaces/my_robot_interfaces/srv/detail/set_led__type_support.c
[0.368s] -- Up-to-date: /home/cgrundman/ros2_ws/install/my_robot_interfaces/include/my_robot_interfaces/my_robot_interfaces/srv/detail/compute_rectangle_area__rosidl_typesupport_introspection_c.h
[0.369s] -- Up-to-date: /home/cgrundman/ros2_ws/install/my_robot_interfaces/lib/libmy_robot_interfaces__rosidl_typesupport_introspection_c.so
[0.369s] -- Up-to-date: /home/cgrundman/ros2_ws/install/my_robot_interfaces/lib/libmy_robot_interfaces__rosidl_typesupport_c.so
[0.369s] -- Up-to-date: /home/cgrundman/ros2_ws/install/my_robot_interfaces/include/my_robot_interfaces/my_robot_interfaces
[0.369s] -- Up-to-date: /home/cgrundman/ros2_ws/install/my_robot_interfaces/include/my_robot_interfaces/my_robot_interfaces/msg
[0.369s] -- Up-to-date: /home/cgrundman/ros2_ws/install/my_robot_interfaces/include/my_robot_interfaces/my_robot_interfaces/msg/rosidl_generator_cpp__visibility_control.hpp
[0.369s] -- Up-to-date: /home/cgrundman/ros2_ws/install/my_robot_interfaces/include/my_robot_interfaces/my_robot_interfaces/msg/led_panel_state.hpp
[0.369s] -- Up-to-date: /home/cgrundman/ros2_ws/install/my_robot_interfaces/include/my_robot_interfaces/my_robot_interfaces/msg/detail
[0.369s] -- Up-to-date: /home/cgrundman/ros2_ws/install/my_robot_interfaces/include/my_robot_interfaces/my_robot_interfaces/msg/detail/hardware_status__type_support.hpp
[0.369s] -- Up-to-date: /home/cgrundman/ros2_ws/install/my_robot_interfaces/include/my_robot_interfaces/my_robot_interfaces/msg/detail/hardware_status__struct.hpp
[0.369s] -- Up-to-date: /home/cgrundman/ros2_ws/install/my_robot_interfaces/include/my_robot_interfaces/my_robot_interfaces/msg/detail/led_panel_state__type_support.hpp
[0.369s] -- Up-to-date: /home/cgrundman/ros2_ws/install/my_robot_interfaces/include/my_robot_interfaces/my_robot_interfaces/msg/detail/led_panel_state__struct.hpp
[0.369s] -- Up-to-date: /home/cgrundman/ros2_ws/install/my_robot_interfaces/include/my_robot_interfaces/my_robot_interfaces/msg/detail/hardware_status__traits.hpp
[0.369s] -- Up-to-date: /home/cgrundman/ros2_ws/install/my_robot_interfaces/include/my_robot_interfaces/my_robot_interfaces/msg/detail/led_panel_state__builder.hpp
[0.370s] -- Up-to-date: /home/cgrundman/ros2_ws/install/my_robot_interfaces/include/my_robot_interfaces/my_robot_interfaces/msg/detail/led_panel_state__traits.hpp
[0.370s] -- Up-to-date: /home/cgrundman/ros2_ws/install/my_robot_interfaces/include/my_robot_interfaces/my_robot_interfaces/msg/detail/hardware_status__builder.hpp
[0.370s] -- Up-to-date: /home/cgrundman/ros2_ws/install/my_robot_interfaces/include/my_robot_interfaces/my_robot_interfaces/msg/hardware_status.hpp
[0.370s] -- Up-to-date: /home/cgrundman/ros2_ws/install/my_robot_interfaces/include/my_robot_interfaces/my_robot_interfaces/srv
[0.370s] -- Up-to-date: /home/cgrundman/ros2_ws/install/my_robot_interfaces/include/my_robot_interfaces/my_robot_interfaces/srv/compute_rectangle_area.hpp
[0.370s] -- Up-to-date: /home/cgrundman/ros2_ws/install/my_robot_interfaces/include/my_robot_interfaces/my_robot_interfaces/srv/detail
[0.370s] -- Up-to-date: /home/cgrundman/ros2_ws/install/my_robot_interfaces/include/my_robot_interfaces/my_robot_interfaces/srv/detail/compute_rectangle_area__builder.hpp
[0.370s] -- Up-to-date: /home/cgrundman/ros2_ws/install/my_robot_interfaces/include/my_robot_interfaces/my_robot_interfaces/srv/detail/set_led__builder.hpp
[0.370s] -- Up-to-date: /home/cgrundman/ros2_ws/install/my_robot_interfaces/include/my_robot_interfaces/my_robot_interfaces/srv/detail/compute_rectangle_area__struct.hpp
[0.370s] -- Up-to-date: /home/cgrundman/ros2_ws/install/my_robot_interfaces/include/my_robot_interfaces/my_robot_interfaces/srv/detail/set_led__type_support.hpp
[0.370s] -- Up-to-date: /home/cgrundman/ros2_ws/install/my_robot_interfaces/include/my_robot_interfaces/my_robot_interfaces/srv/detail/set_led__traits.hpp
[0.370s] -- Up-to-date: /home/cgrundman/ros2_ws/install/my_robot_interfaces/include/my_robot_interfaces/my_robot_interfaces/srv/detail/compute_rectangle_area__traits.hpp
[0.370s] -- Up-to-date: /home/cgrundman/ros2_ws/install/my_robot_interfaces/include/my_robot_interfaces/my_robot_interfaces/srv/detail/set_led__struct.hpp
[0.370s] -- Up-to-date: /home/cgrundman/ros2_ws/install/my_robot_interfaces/include/my_robot_interfaces/my_robot_interfaces/srv/detail/compute_rectangle_area__type_support.hpp
[0.370s] -- Up-to-date: /home/cgrundman/ros2_ws/install/my_robot_interfaces/include/my_robot_interfaces/my_robot_interfaces/srv/set_led.hpp
[0.370s] -- Up-to-date: /home/cgrundman/ros2_ws/install/my_robot_interfaces/include/my_robot_interfaces/my_robot_interfaces
[0.370s] -- Up-to-date: /home/cgrundman/ros2_ws/install/my_robot_interfaces/include/my_robot_interfaces/my_robot_interfaces/msg
[0.370s] -- Up-to-date: /home/cgrundman/ros2_ws/install/my_robot_interfaces/include/my_robot_interfaces/my_robot_interfaces/msg/rosidl_typesupport_fastrtps_cpp__visibility_control.h
[0.370s] -- Up-to-date: /home/cgrundman/ros2_ws/install/my_robot_interfaces/include/my_robot_interfaces/my_robot_interfaces/msg/detail
[0.371s] -- Up-to-date: /home/cgrundman/ros2_ws/install/my_robot_interfaces/include/my_robot_interfaces/my_robot_interfaces/msg/detail/hardware_status__rosidl_typesupport_fastrtps_cpp.hpp
[0.371s] -- Up-to-date: /home/cgrundman/ros2_ws/install/my_robot_interfaces/include/my_robot_interfaces/my_robot_interfaces/msg/detail/dds_fastrtps
[0.371s] -- Up-to-date: /home/cgrundman/ros2_ws/install/my_robot_interfaces/include/my_robot_interfaces/my_robot_interfaces/msg/detail/led_panel_state__rosidl_typesupport_fastrtps_cpp.hpp
[0.371s] -- Up-to-date: /home/cgrundman/ros2_ws/install/my_robot_interfaces/include/my_robot_interfaces/my_robot_interfaces/srv
[0.371s] -- Up-to-date: /home/cgrundman/ros2_ws/install/my_robot_interfaces/include/my_robot_interfaces/my_robot_interfaces/srv/detail
[0.371s] -- Up-to-date: /home/cgrundman/ros2_ws/install/my_robot_interfaces/include/my_robot_interfaces/my_robot_interfaces/srv/detail/compute_rectangle_area__rosidl_typesupport_fastrtps_cpp.hpp
[0.371s] -- Up-to-date: /home/cgrundman/ros2_ws/install/my_robot_interfaces/include/my_robot_interfaces/my_robot_interfaces/srv/detail/dds_fastrtps
[0.371s] -- Up-to-date: /home/cgrundman/ros2_ws/install/my_robot_interfaces/include/my_robot_interfaces/my_robot_interfaces/srv/detail/set_led__rosidl_typesupport_fastrtps_cpp.hpp
[0.371s] -- Up-to-date: /home/cgrundman/ros2_ws/install/my_robot_interfaces/lib/libmy_robot_interfaces__rosidl_typesupport_fastrtps_cpp.so
[0.371s] -- Up-to-date: /home/cgrundman/ros2_ws/install/my_robot_interfaces/include/my_robot_interfaces/my_robot_interfaces
[0.371s] -- Up-to-date: /home/cgrundman/ros2_ws/install/my_robot_interfaces/include/my_robot_interfaces/my_robot_interfaces/msg
[0.371s] -- Up-to-date: /home/cgrundman/ros2_ws/install/my_robot_interfaces/include/my_robot_interfaces/my_robot_interfaces/msg/detail
[0.371s] -- Up-to-date: /home/cgrundman/ros2_ws/install/my_robot_interfaces/include/my_robot_interfaces/my_robot_interfaces/msg/detail/led_panel_state__rosidl_typesupport_introspection_cpp.hpp
[0.371s] -- Up-to-date: /home/cgrundman/ros2_ws/install/my_robot_interfaces/include/my_robot_interfaces/my_robot_interfaces/msg/detail/hardware_status__type_support.cpp
[0.371s] -- Up-to-date: /home/cgrundman/ros2_ws/install/my_robot_interfaces/include/my_robot_interfaces/my_robot_interfaces/msg/detail/led_panel_state__type_support.cpp
[0.371s] -- Up-to-date: /home/cgrundman/ros2_ws/install/my_robot_interfaces/include/my_robot_interfaces/my_robot_interfaces/msg/detail/hardware_status__rosidl_typesupport_introspection_cpp.hpp
[0.371s] -- Up-to-date: /home/cgrundman/ros2_ws/install/my_robot_interfaces/include/my_robot_interfaces/my_robot_interfaces/srv
[0.371s] -- Up-to-date: /home/cgrundman/ros2_ws/install/my_robot_interfaces/include/my_robot_interfaces/my_robot_interfaces/srv/detail
[0.371s] -- Up-to-date: /home/cgrundman/ros2_ws/install/my_robot_interfaces/include/my_robot_interfaces/my_robot_interfaces/srv/detail/set_led__rosidl_typesupport_introspection_cpp.hpp
[0.371s] -- Up-to-date: /home/cgrundman/ros2_ws/install/my_robot_interfaces/include/my_robot_interfaces/my_robot_interfaces/srv/detail/set_led__type_support.cpp
[0.371s] -- Up-to-date: /home/cgrundman/ros2_ws/install/my_robot_interfaces/include/my_robot_interfaces/my_robot_interfaces/srv/detail/compute_rectangle_area__type_support.cpp
[0.371s] -- Up-to-date: /home/cgrundman/ros2_ws/install/my_robot_interfaces/include/my_robot_interfaces/my_robot_interfaces/srv/detail/compute_rectangle_area__rosidl_typesupport_introspection_cpp.hpp
[0.371s] -- Up-to-date: /home/cgrundman/ros2_ws/install/my_robot_interfaces/lib/libmy_robot_interfaces__rosidl_typesupport_introspection_cpp.so
[0.371s] -- Up-to-date: /home/cgrundman/ros2_ws/install/my_robot_interfaces/lib/libmy_robot_interfaces__rosidl_typesupport_cpp.so
[0.371s] -- Up-to-date: /home/cgrundman/ros2_ws/install/my_robot_interfaces/share/my_robot_interfaces/environment/pythonpath.sh
[0.371s] -- Up-to-date: /home/cgrundman/ros2_ws/install/my_robot_interfaces/share/my_robot_interfaces/environment/pythonpath.dsv
[0.371s] -- Up-to-date: /home/cgrundman/ros2_ws/install/my_robot_interfaces/lib/python3.12/site-packages/my_robot_interfaces-0.0.0-py3.12.egg-info
[0.372s] -- Installing: /home/cgrundman/ros2_ws/install/my_robot_interfaces/lib/python3.12/site-packages/my_robot_interfaces-0.0.0-py3.12.egg-info/SOURCES.txt
[0.372s] -- Installing: /home/cgrundman/ros2_ws/install/my_robot_interfaces/lib/python3.12/site-packages/my_robot_interfaces-0.0.0-py3.12.egg-info/PKG-INFO
[0.372s] -- Installing: /home/cgrundman/ros2_ws/install/my_robot_interfaces/lib/python3.12/site-packages/my_robot_interfaces-0.0.0-py3.12.egg-info/dependency_links.txt
[0.372s] -- Installing: /home/cgrundman/ros2_ws/install/my_robot_interfaces/lib/python3.12/site-packages/my_robot_interfaces-0.0.0-py3.12.egg-info/top_level.txt
[0.372s] -- Up-to-date: /home/cgrundman/ros2_ws/install/my_robot_interfaces/lib/python3.12/site-packages/my_robot_interfaces
[0.372s] -- Up-to-date: /home/cgrundman/ros2_ws/install/my_robot_interfaces/lib/python3.12/site-packages/my_robot_interfaces/msg
[0.372s] -- Up-to-date: /home/cgrundman/ros2_ws/install/my_robot_interfaces/lib/python3.12/site-packages/my_robot_interfaces/msg/__init__.py
[0.372s] -- Up-to-date: /home/cgrundman/ros2_ws/install/my_robot_interfaces/lib/python3.12/site-packages/my_robot_interfaces/msg/_led_panel_state_s.c
[0.372s] -- Up-to-date: /home/cgrundman/ros2_ws/install/my_robot_interfaces/lib/python3.12/site-packages/my_robot_interfaces/msg/_hardware_status.py
[0.372s] -- Up-to-date: /home/cgrundman/ros2_ws/install/my_robot_interfaces/lib/python3.12/site-packages/my_robot_interfaces/msg/_led_panel_state.py
[0.372s] -- Up-to-date: /home/cgrundman/ros2_ws/install/my_robot_interfaces/lib/python3.12/site-packages/my_robot_interfaces/msg/_hardware_status_s.c
[0.372s] -- Up-to-date: /home/cgrundman/ros2_ws/install/my_robot_interfaces/lib/python3.12/site-packages/my_robot_interfaces/my_robot_interfaces_s__rosidl_typesupport_c.so
[0.372s] -- Up-to-date: /home/cgrundman/ros2_ws/install/my_robot_interfaces/lib/python3.12/site-packages/my_robot_interfaces/srv
[0.372s] -- Up-to-date: /home/cgrundman/ros2_ws/install/my_robot_interfaces/lib/python3.12/site-packages/my_robot_interfaces/srv/_compute_rectangle_area_s.c
[0.372s] -- Up-to-date: /home/cgrundman/ros2_ws/install/my_robot_interfaces/lib/python3.12/site-packages/my_robot_interfaces/srv/_compute_rectangle_area.py
[0.372s] -- Up-to-date: /home/cgrundman/ros2_ws/install/my_robot_interfaces/lib/python3.12/site-packages/my_robot_interfaces/srv/_set_led_s.c
[0.372s] -- Up-to-date: /home/cgrundman/ros2_ws/install/my_robot_interfaces/lib/python3.12/site-packages/my_robot_interfaces/srv/__init__.py
[0.372s] -- Up-to-date: /home/cgrundman/ros2_ws/install/my_robot_interfaces/lib/python3.12/site-packages/my_robot_interfaces/srv/_set_led.py
[0.372s] -- Up-to-date: /home/cgrundman/ros2_ws/install/my_robot_interfaces/lib/python3.12/site-packages/my_robot_interfaces/__init__.py
[0.372s] -- Up-to-date: /home/cgrundman/ros2_ws/install/my_robot_interfaces/lib/python3.12/site-packages/my_robot_interfaces/_my_robot_interfaces_s.ep.rosidl_typesupport_c.c
[0.372s] -- Up-to-date: /home/cgrundman/ros2_ws/install/my_robot_interfaces/lib/python3.12/site-packages/my_robot_interfaces/my_robot_interfaces_s__rosidl_typesupport_fastrtps_c.so
[0.372s] -- Up-to-date: /home/cgrundman/ros2_ws/install/my_robot_interfaces/lib/python3.12/site-packages/my_robot_interfaces/_my_robot_interfaces_s.ep.rosidl_typesupport_fastrtps_c.c
[0.372s] -- Up-to-date: /home/cgrundman/ros2_ws/install/my_robot_interfaces/lib/python3.12/site-packages/my_robot_interfaces/my_robot_interfaces_s__rosidl_typesupport_introspection_c.so
[0.372s] -- Up-to-date: /home/cgrundman/ros2_ws/install/my_robot_interfaces/lib/python3.12/site-packages/my_robot_interfaces/_my_robot_interfaces_s.ep.rosidl_typesupport_introspection_c.c
[0.429s] Listing '/home/cgrundman/ros2_ws/install/my_robot_interfaces/lib/python3.12/site-packages/my_robot_interfaces'...
[0.429s] Listing '/home/cgrundman/ros2_ws/install/my_robot_interfaces/lib/python3.12/site-packages/my_robot_interfaces/msg'...
[0.430s] Listing '/home/cgrundman/ros2_ws/install/my_robot_interfaces/lib/python3.12/site-packages/my_robot_interfaces/srv'...
[0.433s] -- Up-to-date: /home/cgrundman/ros2_ws/install/my_robot_interfaces/lib/python3.12/site-packages/my_robot_interfaces/my_robot_interfaces_s__rosidl_typesupport_fastrtps_c.so
[0.433s] -- Up-to-date: /home/cgrundman/ros2_ws/install/my_robot_interfaces/lib/python3.12/site-packages/my_robot_interfaces/my_robot_interfaces_s__rosidl_typesupport_introspection_c.so
[0.433s] -- Up-to-date: /home/cgrundman/ros2_ws/install/my_robot_interfaces/lib/python3.12/site-packages/my_robot_interfaces/my_robot_interfaces_s__rosidl_typesupport_c.so
[0.434s] -- Up-to-date: /home/cgrundman/ros2_ws/install/my_robot_interfaces/lib/libmy_robot_interfaces__rosidl_generator_py.so
[0.434s] -- Up-to-date: /home/cgrundman/ros2_ws/install/my_robot_interfaces/share/my_robot_interfaces/msg/HardwareStatus.idl
[0.434s] -- Up-to-date: /home/cgrundman/ros2_ws/install/my_robot_interfaces/share/my_robot_interfaces/msg/LEDPanelState.idl
[0.434s] -- Up-to-date: /home/cgrundman/ros2_ws/install/my_robot_interfaces/share/my_robot_interfaces/srv/ComputeRectangleArea.idl
[0.434s] -- Up-to-date: /home/cgrundman/ros2_ws/install/my_robot_interfaces/share/my_robot_interfaces/srv/SetLed.idl
[0.434s] -- Up-to-date: /home/cgrundman/ros2_ws/install/my_robot_interfaces/share/my_robot_interfaces/msg/HardwareStatus.msg
[0.434s] -- Up-to-date: /home/cgrundman/ros2_ws/install/my_robot_interfaces/share/my_robot_interfaces/msg/LEDPanelState.msg
[0.434s] -- Up-to-date: /home/cgrundman/ros2_ws/install/my_robot_interfaces/share/my_robot_interfaces/srv/ComputeRectangleArea.srv
[0.434s] -- Up-to-date: /home/cgrundman/ros2_ws/install/my_robot_interfaces/share/my_robot_interfaces/srv/SetLed.srv
[0.434s] -- Up-to-date: /home/cgrundman/ros2_ws/install/my_robot_interfaces/share/ament_index/resource_index/package_run_dependencies/my_robot_interfaces
[0.434s] -- Up-to-date: /home/cgrundman/ros2_ws/install/my_robot_interfaces/share/ament_index/resource_index/parent_prefix_path/my_robot_interfaces
[0.434s] -- Up-to-date: /home/cgrundman/ros2_ws/install/my_robot_interfaces/share/my_robot_interfaces/environment/ament_prefix_path.sh
[0.434s] -- Up-to-date: /home/cgrundman/ros2_ws/install/my_robot_interfaces/share/my_robot_interfaces/environment/ament_prefix_path.dsv
[0.434s] -- Up-to-date: /home/cgrundman/ros2_ws/install/my_robot_interfaces/share/my_robot_interfaces/environment/path.sh
[0.435s] -- Up-to-date: /home/cgrundman/ros2_ws/install/my_robot_interfaces/share/my_robot_interfaces/environment/path.dsv
[0.435s] -- Up-to-date: /home/cgrundman/ros2_ws/install/my_robot_interfaces/share/my_robot_interfaces/local_setup.bash
[0.435s] -- Up-to-date: /home/cgrundman/ros2_ws/install/my_robot_interfaces/share/my_robot_interfaces/local_setup.sh
[0.435s] -- Up-to-date: /home/cgrundman/ros2_ws/install/my_robot_interfaces/share/my_robot_interfaces/local_setup.zsh
[0.435s] -- Up-to-date: /home/cgrundman/ros2_ws/install/my_robot_interfaces/share/my_robot_interfaces/local_setup.dsv
[0.435s] -- Installing: /home/cgrundman/ros2_ws/install/my_robot_interfaces/share/my_robot_interfaces/package.dsv
[0.435s] -- Up-to-date: /home/cgrundman/ros2_ws/install/my_robot_interfaces/share/ament_index/resource_index/packages/my_robot_interfaces
[0.435s] -- Up-to-date: /home/cgrundman/ros2_ws/install/my_robot_interfaces/share/my_robot_interfaces/cmake/export_my_robot_interfaces__rosidl_generator_cExport.cmake
[0.435s] -- Up-to-date: /home/cgrundman/ros2_ws/install/my_robot_interfaces/share/my_robot_interfaces/cmake/export_my_robot_interfaces__rosidl_generator_cExport-noconfig.cmake
[0.435s] -- Up-to-date: /home/cgrundman/ros2_ws/install/my_robot_interfaces/share/my_robot_interfaces/cmake/export_my_robot_interfaces__rosidl_typesupport_fastrtps_cExport.cmake
[0.435s] -- Up-to-date: /home/cgrundman/ros2_ws/install/my_robot_interfaces/share/my_robot_interfaces/cmake/export_my_robot_interfaces__rosidl_typesupport_fastrtps_cExport-noconfig.cmake
[0.435s] -- Up-to-date: /home/cgrundman/ros2_ws/install/my_robot_interfaces/share/my_robot_interfaces/cmake/my_robot_interfaces__rosidl_typesupport_introspection_cExport.cmake
[0.435s] -- Up-to-date: /home/cgrundman/ros2_ws/install/my_robot_interfaces/share/my_robot_interfaces/cmake/my_robot_interfaces__rosidl_typesupport_introspection_cExport-noconfig.cmake
[0.435s] -- Up-to-date: /home/cgrundman/ros2_ws/install/my_robot_interfaces/share/my_robot_interfaces/cmake/my_robot_interfaces__rosidl_typesupport_cExport.cmake
[0.435s] -- Up-to-date: /home/cgrundman/ros2_ws/install/my_robot_interfaces/share/my_robot_interfaces/cmake/my_robot_interfaces__rosidl_typesupport_cExport-noconfig.cmake
[0.435s] -- Up-to-date: /home/cgrundman/ros2_ws/install/my_robot_interfaces/share/my_robot_interfaces/cmake/export_my_robot_interfaces__rosidl_generator_cppExport.cmake
[0.435s] -- Up-to-date: /home/cgrundman/ros2_ws/install/my_robot_interfaces/share/my_robot_interfaces/cmake/export_my_robot_interfaces__rosidl_typesupport_fastrtps_cppExport.cmake
[0.436s] -- Up-to-date: /home/cgrundman/ros2_ws/install/my_robot_interfaces/share/my_robot_interfaces/cmake/export_my_robot_interfaces__rosidl_typesupport_fastrtps_cppExport-noconfig.cmake
[0.436s] -- Up-to-date: /home/cgrundman/ros2_ws/install/my_robot_interfaces/share/my_robot_interfaces/cmake/my_robot_interfaces__rosidl_typesupport_introspection_cppExport.cmake
[0.436s] -- Up-to-date: /home/cgrundman/ros2_ws/install/my_robot_interfaces/share/my_robot_interfaces/cmake/my_robot_interfaces__rosidl_typesupport_introspection_cppExport-noconfig.cmake
[0.436s] -- Up-to-date: /home/cgrundman/ros2_ws/install/my_robot_interfaces/share/my_robot_interfaces/cmake/my_robot_interfaces__rosidl_typesupport_cppExport.cmake
[0.436s] -- Up-to-date: /home/cgrundman/ros2_ws/install/my_robot_interfaces/share/my_robot_interfaces/cmake/my_robot_interfaces__rosidl_typesupport_cppExport-noconfig.cmake
[0.436s] -- Up-to-date: /home/cgrundman/ros2_ws/install/my_robot_interfaces/share/my_robot_interfaces/cmake/export_my_robot_interfaces__rosidl_generator_pyExport.cmake
[0.436s] -- Up-to-date: /home/cgrundman/ros2_ws/install/my_robot_interfaces/share/my_robot_interfaces/cmake/export_my_robot_interfaces__rosidl_generator_pyExport-noconfig.cmake
[0.436s] -- Up-to-date: /home/cgrundman/ros2_ws/install/my_robot_interfaces/share/my_robot_interfaces/cmake/rosidl_cmake-extras.cmake
[0.436s] -- Up-to-date: /home/cgrundman/ros2_ws/install/my_robot_interfaces/share/my_robot_interfaces/cmake/ament_cmake_export_dependencies-extras.cmake
[0.436s] -- Up-to-date: /home/cgrundman/ros2_ws/install/my_robot_interfaces/share/my_robot_interfaces/cmake/ament_cmake_export_include_directories-extras.cmake
[0.436s] -- Up-to-date: /home/cgrundman/ros2_ws/install/my_robot_interfaces/share/my_robot_interfaces/cmake/ament_cmake_export_libraries-extras.cmake
[0.436s] -- Up-to-date: /home/cgrundman/ros2_ws/install/my_robot_interfaces/share/my_robot_interfaces/cmake/ament_cmake_export_targets-extras.cmake
[0.436s] -- Up-to-date: /home/cgrundman/ros2_ws/install/my_robot_interfaces/share/my_robot_interfaces/cmake/rosidl_cmake_export_typesupport_targets-extras.cmake
[0.436s] -- Up-to-date: /home/cgrundman/ros2_ws/install/my_robot_interfaces/share/my_robot_interfaces/cmake/rosidl_cmake_export_typesupport_libraries-extras.cmake
[0.436s] -- Up-to-date: /home/cgrundman/ros2_ws/install/my_robot_interfaces/share/my_robot_interfaces/cmake/my_robot_interfacesConfig.cmake
[0.436s] -- Up-to-date: /home/cgrundman/ros2_ws/install/my_robot_interfaces/share/my_robot_interfaces/cmake/my_robot_interfacesConfig-version.cmake
[0.436s] -- Up-to-date: /home/cgrundman/ros2_ws/install/my_robot_interfaces/share/my_robot_interfaces/package.xml
[0.437s] Invoked command in '/home/cgrundman/ros2_ws/build/my_robot_interfaces' returned '0': CMAKE_PREFIX_PATH=${CMAKE_PREFIX_PATH}:/home/cgrundman/ros2_ws/install/my_py_pkg:/opt/ros/jazzy DEBUGINFOD_URLS=https://debuginfod.ubuntu.com /usr/bin/cmake --install /home/cgrundman/ros2_ws/build/my_robot_interfaces
