[0.068s] DEBUG:colcon:Command line arguments: ['/usr/bin/colcon', 'build']
[0.068s] DEBUG:colcon:Parsed command line arguments: Namespace(log_base=None, log_level=None, verb_name='build', build_base='build', install_base='install', merge_install=False, symlink_install=False, test_result_base=None, continue_on_error=False, executor='parallel', parallel_workers=14, event_handlers=None, ignore_user_meta=False, metas=['./colcon.meta'], base_paths=['.'], packages_ignore=None, packages_ignore_regex=None, paths=None, packages_up_to=None, packages_up_to_regex=None, packages_above=None, packages_above_and_dependencies=None, packages_above_depth=None, packages_select_by_dep=None, packages_skip_by_dep=None, packages_skip_up_to=None, packages_select_build_failed=False, packages_skip_build_finished=False, packages_select_test_failures=False, packages_skip_test_passed=False, packages_select=None, packages_skip=None, packages_select_regex=None, packages_skip_regex=None, packages_start=None, packages_end=None, allow_overriding=[], cmake_args=None, cmake_target=None, cmake_target_skip_unavailable=False, cmake_clean_cache=False, cmake_clean_first=False, cmake_force_configure=False, ament_cmake_args=None, catkin_cmake_args=None, catkin_skip_building_tests=False, mixin_files=None, mixin=None, verb_parser=<colcon_mixin.mixin.mixin_argument.MixinArgumentDecorator object at 0x73e50539f260>, verb_extension=<colcon_core.verb.build.BuildVerb object at 0x73e50539eea0>, main=<bound method BuildVerb.main of <colcon_core.verb.build.BuildVerb object at 0x73e50539eea0>>, mixin_verb=('build',))
[0.092s] Level 1:colcon.colcon_core.package_discovery:discover_packages(colcon_meta) check parameters
[0.092s] Level 1:colcon.colcon_core.package_discovery:discover_packages(recursive) check parameters
[0.092s] Level 1:colcon.colcon_core.package_discovery:discover_packages(ignore) check parameters
[0.092s] Level 1:colcon.colcon_core.package_discovery:discover_packages(path) check parameters
[0.092s] Level 1:colcon.colcon_core.package_discovery:discover_packages(colcon_meta) discover
[0.093s] Level 1:colcon.colcon_core.package_discovery:discover_packages(recursive) discover
[0.093s] INFO:colcon.colcon_core.package_discovery:Crawling recursively for packages in '/home/cgrundman/ros2_ws'
[0.093s] Level 1:colcon.colcon_core.package_identification:_identify(.) by extensions ['ignore', 'ignore_ament_install']
[0.093s] Level 1:colcon.colcon_core.package_identification:_identify(.) by extension 'ignore'
[0.093s] Level 1:colcon.colcon_core.package_identification:_identify(.) by extension 'ignore_ament_install'
[0.093s] Level 1:colcon.colcon_core.package_identification:_identify(.) by extensions ['colcon_pkg']
[0.093s] Level 1:colcon.colcon_core.package_identification:_identify(.) by extension 'colcon_pkg'
[0.093s] Level 1:colcon.colcon_core.package_identification:_identify(.) by extensions ['colcon_meta']
[0.093s] Level 1:colcon.colcon_core.package_identification:_identify(.) by extension 'colcon_meta'
[0.093s] Level 1:colcon.colcon_core.package_identification:_identify(.) by extensions ['ros']
[0.093s] Level 1:colcon.colcon_core.package_identification:_identify(.) by extension 'ros'
[0.110s] Level 1:colcon.colcon_core.package_identification:_identify(.) by extensions ['cmake', 'python']
[0.110s] Level 1:colcon.colcon_core.package_identification:_identify(.) by extension 'cmake'
[0.110s] Level 1:colcon.colcon_core.package_identification:_identify(.) by extension 'python'
[0.110s] Level 1:colcon.colcon_core.package_identification:_identify(.) by extensions ['python_setup_py']
[0.110s] Level 1:colcon.colcon_core.package_identification:_identify(.) by extension 'python_setup_py'
[0.110s] Level 1:colcon.colcon_core.package_identification:_identify(build) by extensions ['ignore', 'ignore_ament_install']
[0.110s] Level 1:colcon.colcon_core.package_identification:_identify(build) by extension 'ignore'
[0.110s] Level 1:colcon.colcon_core.package_identification:_identify(build) ignored
[0.110s] Level 1:colcon.colcon_core.package_identification:_identify(install) by extensions ['ignore', 'ignore_ament_install']
[0.110s] Level 1:colcon.colcon_core.package_identification:_identify(install) by extension 'ignore'
[0.110s] Level 1:colcon.colcon_core.package_identification:_identify(install) ignored
[0.110s] Level 1:colcon.colcon_core.package_identification:_identify(log) by extensions ['ignore', 'ignore_ament_install']
[0.110s] Level 1:colcon.colcon_core.package_identification:_identify(log) by extension 'ignore'
[0.110s] Level 1:colcon.colcon_core.package_identification:_identify(log) ignored
[0.110s] Level 1:colcon.colcon_core.package_identification:_identify(src) by extensions ['ignore', 'ignore_ament_install']
[0.110s] Level 1:colcon.colcon_core.package_identification:_identify(src) by extension 'ignore'
[0.110s] Level 1:colcon.colcon_core.package_identification:_identify(src) by extension 'ignore_ament_install'
[0.111s] Level 1:colcon.colcon_core.package_identification:_identify(src) by extensions ['colcon_pkg']
[0.111s] Level 1:colcon.colcon_core.package_identification:_identify(src) by extension 'colcon_pkg'
[0.111s] Level 1:colcon.colcon_core.package_identification:_identify(src) by extensions ['colcon_meta']
[0.111s] Level 1:colcon.colcon_core.package_identification:_identify(src) by extension 'colcon_meta'
[0.111s] Level 1:colcon.colcon_core.package_identification:_identify(src) by extensions ['ros']
[0.111s] Level 1:colcon.colcon_core.package_identification:_identify(src) by extension 'ros'
[0.111s] Level 1:colcon.colcon_core.package_identification:_identify(src) by extensions ['cmake', 'python']
[0.111s] Level 1:colcon.colcon_core.package_identification:_identify(src) by extension 'cmake'
[0.111s] Level 1:colcon.colcon_core.package_identification:_identify(src) by extension 'python'
[0.111s] Level 1:colcon.colcon_core.package_identification:_identify(src) by extensions ['python_setup_py']
[0.111s] Level 1:colcon.colcon_core.package_identification:_identify(src) by extension 'python_setup_py'
[0.111s] Level 1:colcon.colcon_core.package_identification:_identify(src/build) by extensions ['ignore', 'ignore_ament_install']
[0.111s] Level 1:colcon.colcon_core.package_identification:_identify(src/build) by extension 'ignore'
[0.111s] Level 1:colcon.colcon_core.package_identification:_identify(src/build) ignored
[0.111s] Level 1:colcon.colcon_core.package_identification:_identify(src/install) by extensions ['ignore', 'ignore_ament_install']
[0.111s] Level 1:colcon.colcon_core.package_identification:_identify(src/install) by extension 'ignore'
[0.111s] Level 1:colcon.colcon_core.package_identification:_identify(src/install) ignored
[0.111s] Level 1:colcon.colcon_core.package_identification:_identify(src/log) by extensions ['ignore', 'ignore_ament_install']
[0.111s] Level 1:colcon.colcon_core.package_identification:_identify(src/log) by extension 'ignore'
[0.111s] Level 1:colcon.colcon_core.package_identification:_identify(src/log) ignored
[0.111s] Level 1:colcon.colcon_core.package_identification:_identify(src/my_cpp_pkg) by extensions ['ignore', 'ignore_ament_install']
[0.111s] Level 1:colcon.colcon_core.package_identification:_identify(src/my_cpp_pkg) by extension 'ignore'
[0.111s] Level 1:colcon.colcon_core.package_identification:_identify(src/my_cpp_pkg) by extension 'ignore_ament_install'
[0.111s] Level 1:colcon.colcon_core.package_identification:_identify(src/my_cpp_pkg) by extensions ['colcon_pkg']
[0.111s] Level 1:colcon.colcon_core.package_identification:_identify(src/my_cpp_pkg) by extension 'colcon_pkg'
[0.111s] Level 1:colcon.colcon_core.package_identification:_identify(src/my_cpp_pkg) by extensions ['colcon_meta']
[0.111s] Level 1:colcon.colcon_core.package_identification:_identify(src/my_cpp_pkg) by extension 'colcon_meta'
[0.111s] Level 1:colcon.colcon_core.package_identification:_identify(src/my_cpp_pkg) by extensions ['ros']
[0.111s] Level 1:colcon.colcon_core.package_identification:_identify(src/my_cpp_pkg) by extension 'ros'
[0.113s] DEBUG:colcon.colcon_core.package_identification:Package 'src/my_cpp_pkg' with type 'ros.ament_cmake' and name 'my_cpp_pkg'
[0.113s] Level 1:colcon.colcon_core.package_identification:_identify(src/my_py_pkg) by extensions ['ignore', 'ignore_ament_install']
[0.113s] Level 1:colcon.colcon_core.package_identification:_identify(src/my_py_pkg) by extension 'ignore'
[0.113s] Level 1:colcon.colcon_core.package_identification:_identify(src/my_py_pkg) by extension 'ignore_ament_install'
[0.113s] Level 1:colcon.colcon_core.package_identification:_identify(src/my_py_pkg) by extensions ['colcon_pkg']
[0.113s] Level 1:colcon.colcon_core.package_identification:_identify(src/my_py_pkg) by extension 'colcon_pkg'
[0.113s] Level 1:colcon.colcon_core.package_identification:_identify(src/my_py_pkg) by extensions ['colcon_meta']
[0.113s] Level 1:colcon.colcon_core.package_identification:_identify(src/my_py_pkg) by extension 'colcon_meta'
[0.113s] Level 1:colcon.colcon_core.package_identification:_identify(src/my_py_pkg) by extensions ['ros']
[0.113s] Level 1:colcon.colcon_core.package_identification:_identify(src/my_py_pkg) by extension 'ros'
[0.113s] DEBUG:colcon.colcon_core.package_identification:Package 'src/my_py_pkg' with type 'ros.ament_python' and name 'my_py_pkg'
[0.114s] Level 1:colcon.colcon_core.package_identification:_identify(src/my_robot_interfaces) by extensions ['ignore', 'ignore_ament_install']
[0.114s] Level 1:colcon.colcon_core.package_identification:_identify(src/my_robot_interfaces) by extension 'ignore'
[0.114s] Level 1:colcon.colcon_core.package_identification:_identify(src/my_robot_interfaces) by extension 'ignore_ament_install'
[0.114s] Level 1:colcon.colcon_core.package_identification:_identify(src/my_robot_interfaces) by extensions ['colcon_pkg']
[0.114s] Level 1:colcon.colcon_core.package_identification:_identify(src/my_robot_interfaces) by extension 'colcon_pkg'
[0.114s] Level 1:colcon.colcon_core.package_identification:_identify(src/my_robot_interfaces) by extensions ['colcon_meta']
[0.114s] Level 1:colcon.colcon_core.package_identification:_identify(src/my_robot_interfaces) by extension 'colcon_meta'
[0.114s] Level 1:colcon.colcon_core.package_identification:_identify(src/my_robot_interfaces) by extensions ['ros']
[0.114s] Level 1:colcon.colcon_core.package_identification:_identify(src/my_robot_interfaces) by extension 'ros'
[0.114s] DEBUG:colcon.colcon_core.package_identification:Package 'src/my_robot_interfaces' with type 'ros.ament_cmake' and name 'my_robot_interfaces'
[0.114s] Level 1:colcon.colcon_core.package_discovery:discover_packages(recursive) using defaults
[0.114s] Level 1:colcon.colcon_core.package_discovery:discover_packages(ignore) discover
[0.114s] Level 1:colcon.colcon_core.package_discovery:discover_packages(ignore) using defaults
[0.114s] Level 1:colcon.colcon_core.package_discovery:discover_packages(path) discover
[0.114s] Level 1:colcon.colcon_core.package_discovery:discover_packages(path) using defaults
[0.126s] Level 1:colcon.colcon_core.package_discovery:discover_packages(prefix_path) check parameters
[0.126s] Level 1:colcon.colcon_core.package_discovery:discover_packages(prefix_path) discover
[0.127s] DEBUG:colcon.colcon_installed_package_information.package_discovery:Found 3 installed packages in /home/cgrundman/ros2_ws/install
[0.127s] DEBUG:colcon.colcon_installed_package_information.package_discovery:Found 286 installed packages in /opt/ros/jazzy
[0.128s] Level 1:colcon.colcon_core.package_discovery:discover_packages(prefix_path) using defaults
[0.151s] Level 5:colcon.colcon_core.verb:set package 'my_robot_interfaces' build argument 'cmake_args' from command line to 'None'
[0.151s] Level 5:colcon.colcon_core.verb:set package 'my_robot_interfaces' build argument 'cmake_target' from command line to 'None'
[0.151s] Level 5:colcon.colcon_core.verb:set package 'my_robot_interfaces' build argument 'cmake_target_skip_unavailable' from command line to 'False'
[0.151s] Level 5:colcon.colcon_core.verb:set package 'my_robot_interfaces' build argument 'cmake_clean_cache' from command line to 'False'
[0.152s] Level 5:colcon.colcon_core.verb:set package 'my_robot_interfaces' build argument 'cmake_clean_first' from command line to 'False'
[0.152s] Level 5:colcon.colcon_core.verb:set package 'my_robot_interfaces' build argument 'cmake_force_configure' from command line to 'False'
[0.152s] Level 5:colcon.colcon_core.verb:set package 'my_robot_interfaces' build argument 'ament_cmake_args' from command line to 'None'
[0.152s] Level 5:colcon.colcon_core.verb:set package 'my_robot_interfaces' build argument 'catkin_cmake_args' from command line to 'None'
[0.152s] Level 5:colcon.colcon_core.verb:set package 'my_robot_interfaces' build argument 'catkin_skip_building_tests' from command line to 'False'
[0.152s] DEBUG:colcon.colcon_core.verb:Building package 'my_robot_interfaces' with the following arguments: {'ament_cmake_args': None, 'build_base': '/home/cgrundman/ros2_ws/build/my_robot_interfaces', 'catkin_cmake_args': None, 'catkin_skip_building_tests': False, 'cmake_args': None, 'cmake_clean_cache': False, 'cmake_clean_first': False, 'cmake_force_configure': False, 'cmake_target': None, 'cmake_target_skip_unavailable': False, 'install_base': '/home/cgrundman/ros2_ws/install/my_robot_interfaces', 'merge_install': False, 'path': '/home/cgrundman/ros2_ws/src/my_robot_interfaces', 'symlink_install': False, 'test_result_base': None}
[0.152s] Level 5:colcon.colcon_core.verb:set package 'my_cpp_pkg' build argument 'cmake_args' from command line to 'None'
[0.152s] Level 5:colcon.colcon_core.verb:set package 'my_cpp_pkg' build argument 'cmake_target' from command line to 'None'
[0.152s] Level 5:colcon.colcon_core.verb:set package 'my_cpp_pkg' build argument 'cmake_target_skip_unavailable' from command line to 'False'
[0.152s] Level 5:colcon.colcon_core.verb:set package 'my_cpp_pkg' build argument 'cmake_clean_cache' from command line to 'False'
[0.152s] Level 5:colcon.colcon_core.verb:set package 'my_cpp_pkg' build argument 'cmake_clean_first' from command line to 'False'
[0.152s] Level 5:colcon.colcon_core.verb:set package 'my_cpp_pkg' build argument 'cmake_force_configure' from command line to 'False'
[0.152s] Level 5:colcon.colcon_core.verb:set package 'my_cpp_pkg' build argument 'ament_cmake_args' from command line to 'None'
[0.152s] Level 5:colcon.colcon_core.verb:set package 'my_cpp_pkg' build argument 'catkin_cmake_args' from command line to 'None'
[0.152s] Level 5:colcon.colcon_core.verb:set package 'my_cpp_pkg' build argument 'catkin_skip_building_tests' from command line to 'False'
[0.152s] DEBUG:colcon.colcon_core.verb:Building package 'my_cpp_pkg' with the following arguments: {'ament_cmake_args': None, 'build_base': '/home/cgrundman/ros2_ws/build/my_cpp_pkg', 'catkin_cmake_args': None, 'catkin_skip_building_tests': False, 'cmake_args': None, 'cmake_clean_cache': False, 'cmake_clean_first': False, 'cmake_force_configure': False, 'cmake_target': None, 'cmake_target_skip_unavailable': False, 'install_base': '/home/cgrundman/ros2_ws/install/my_cpp_pkg', 'merge_install': False, 'path': '/home/cgrundman/ros2_ws/src/my_cpp_pkg', 'symlink_install': False, 'test_result_base': None}
[0.152s] Level 5:colcon.colcon_core.verb:set package 'my_py_pkg' build argument 'cmake_args' from command line to 'None'
[0.152s] Level 5:colcon.colcon_core.verb:set package 'my_py_pkg' build argument 'cmake_target' from command line to 'None'
[0.152s] Level 5:colcon.colcon_core.verb:set package 'my_py_pkg' build argument 'cmake_target_skip_unavailable' from command line to 'False'
[0.152s] Level 5:colcon.colcon_core.verb:set package 'my_py_pkg' build argument 'cmake_clean_cache' from command line to 'False'
[0.152s] Level 5:colcon.colcon_core.verb:set package 'my_py_pkg' build argument 'cmake_clean_first' from command line to 'False'
[0.152s] Level 5:colcon.colcon_core.verb:set package 'my_py_pkg' build argument 'cmake_force_configure' from command line to 'False'
[0.152s] Level 5:colcon.colcon_core.verb:set package 'my_py_pkg' build argument 'ament_cmake_args' from command line to 'None'
[0.152s] Level 5:colcon.colcon_core.verb:set package 'my_py_pkg' build argument 'catkin_cmake_args' from command line to 'None'
[0.152s] Level 5:colcon.colcon_core.verb:set package 'my_py_pkg' build argument 'catkin_skip_building_tests' from command line to 'False'
[0.152s] DEBUG:colcon.colcon_core.verb:Building package 'my_py_pkg' with the following arguments: {'ament_cmake_args': None, 'build_base': '/home/cgrundman/ros2_ws/build/my_py_pkg', 'catkin_cmake_args': None, 'catkin_skip_building_tests': False, 'cmake_args': None, 'cmake_clean_cache': False, 'cmake_clean_first': False, 'cmake_force_configure': False, 'cmake_target': None, 'cmake_target_skip_unavailable': False, 'install_base': '/home/cgrundman/ros2_ws/install/my_py_pkg', 'merge_install': False, 'path': '/home/cgrundman/ros2_ws/src/my_py_pkg', 'symlink_install': False, 'test_result_base': None}
[0.152s] INFO:colcon.colcon_core.executor:Executing jobs using 'parallel' executor
[0.153s] DEBUG:colcon.colcon_parallel_executor.executor.parallel:run_until_complete
[0.153s] INFO:colcon.colcon_ros.task.ament_cmake.build:Building ROS package in '/home/cgrundman/ros2_ws/src/my_robot_interfaces' with build type 'ament_cmake'
[0.153s] INFO:colcon.colcon_cmake.task.cmake.build:Building CMake package in '/home/cgrundman/ros2_ws/src/my_robot_interfaces'
[0.154s] INFO:colcon.colcon_core.plugin_system:Skipping extension 'colcon_core.shell.bat': Not used on non-Windows systems
[0.154s] INFO:colcon.colcon_core.shell:Skip shell extension 'powershell' for command environment: Not usable outside of PowerShell
[0.154s] DEBUG:colcon.colcon_core.shell:Skip shell extension 'dsv' for command environment
[0.163s] DEBUG:colcon.colcon_core.event_handler.log_command:Invoking command in '/home/cgrundman/ros2_ws/build/my_robot_interfaces': CMAKE_PREFIX_PATH=${CMAKE_PREFIX_PATH}:/home/cgrundman/ros2_ws/install/my_py_pkg:/opt/ros/jazzy DEBUGINFOD_URLS=https://debuginfod.ubuntu.com /usr/bin/cmake --build /home/cgrundman/ros2_ws/build/my_robot_interfaces -- -j14 -l14
[0.502s] DEBUG:colcon.colcon_core.event_handler.log_command:Invoked command in '/home/cgrundman/ros2_ws/build/my_robot_interfaces' returned '0': CMAKE_PREFIX_PATH=${CMAKE_PREFIX_PATH}:/home/cgrundman/ros2_ws/install/my_py_pkg:/opt/ros/jazzy DEBUGINFOD_URLS=https://debuginfod.ubuntu.com /usr/bin/cmake --build /home/cgrundman/ros2_ws/build/my_robot_interfaces -- -j14 -l14
[0.509s] DEBUG:colcon.colcon_core.event_handler.log_command:Invoking command in '/home/cgrundman/ros2_ws/build/my_robot_interfaces': CMAKE_PREFIX_PATH=${CMAKE_PREFIX_PATH}:/home/cgrundman/ros2_ws/install/my_py_pkg:/opt/ros/jazzy DEBUGINFOD_URLS=https://debuginfod.ubuntu.com /usr/bin/cmake --install /home/cgrundman/ros2_ws/build/my_robot_interfaces
[0.588s] Level 1:colcon.colcon_core.environment:create_environment_scripts_only(my_robot_interfaces)
[0.588s] DEBUG:colcon.colcon_core.event_handler.log_command:Invoked command in '/home/cgrundman/ros2_ws/build/my_robot_interfaces' returned '0': CMAKE_PREFIX_PATH=${CMAKE_PREFIX_PATH}:/home/cgrundman/ros2_ws/install/my_py_pkg:/opt/ros/jazzy DEBUGINFOD_URLS=https://debuginfod.ubuntu.com /usr/bin/cmake --install /home/cgrundman/ros2_ws/build/my_robot_interfaces
[0.590s] Level 1:colcon.colcon_core.environment:checking '/home/cgrundman/ros2_ws/install/my_robot_interfaces' for CMake module files
[0.591s] Level 1:colcon.colcon_core.environment:checking '/home/cgrundman/ros2_ws/install/my_robot_interfaces' for CMake config files
[0.591s] Level 1:colcon.colcon_core.shell:create_environment_hook('my_robot_interfaces', 'cmake_prefix_path')
[0.592s] INFO:colcon.colcon_core.shell:Creating environment hook '/home/cgrundman/ros2_ws/install/my_robot_interfaces/share/my_robot_interfaces/hook/cmake_prefix_path.ps1'
[0.592s] INFO:colcon.colcon_core.shell:Creating environment descriptor '/home/cgrundman/ros2_ws/install/my_robot_interfaces/share/my_robot_interfaces/hook/cmake_prefix_path.dsv'
[0.592s] INFO:colcon.colcon_core.shell:Creating environment hook '/home/cgrundman/ros2_ws/install/my_robot_interfaces/share/my_robot_interfaces/hook/cmake_prefix_path.sh'
[0.593s] Level 1:colcon.colcon_core.environment:checking '/home/cgrundman/ros2_ws/install/my_robot_interfaces/lib'
[0.593s] Level 1:colcon.colcon_core.shell:create_environment_hook('my_robot_interfaces', 'ld_library_path_lib')
[0.594s] INFO:colcon.colcon_core.shell:Creating environment hook '/home/cgrundman/ros2_ws/install/my_robot_interfaces/share/my_robot_interfaces/hook/ld_library_path_lib.ps1'
[0.594s] INFO:colcon.colcon_core.shell:Creating environment descriptor '/home/cgrundman/ros2_ws/install/my_robot_interfaces/share/my_robot_interfaces/hook/ld_library_path_lib.dsv'
[0.594s] INFO:colcon.colcon_core.shell:Creating environment hook '/home/cgrundman/ros2_ws/install/my_robot_interfaces/share/my_robot_interfaces/hook/ld_library_path_lib.sh'
[0.594s] Level 1:colcon.colcon_core.environment:checking '/home/cgrundman/ros2_ws/install/my_robot_interfaces/bin'
[0.595s] Level 1:colcon.colcon_core.environment:checking '/home/cgrundman/ros2_ws/install/my_robot_interfaces/lib/pkgconfig/my_robot_interfaces.pc'
[0.595s] Level 1:colcon.colcon_core.environment:checking '/home/cgrundman/ros2_ws/install/my_robot_interfaces/lib/python3.12/site-packages'
[0.595s] Level 1:colcon.colcon_core.shell:create_environment_hook('my_robot_interfaces', 'pythonpath')
[0.595s] INFO:colcon.colcon_core.shell:Creating environment hook '/home/cgrundman/ros2_ws/install/my_robot_interfaces/share/my_robot_interfaces/hook/pythonpath.ps1'
[0.595s] INFO:colcon.colcon_core.shell:Creating environment descriptor '/home/cgrundman/ros2_ws/install/my_robot_interfaces/share/my_robot_interfaces/hook/pythonpath.dsv'
[0.596s] INFO:colcon.colcon_core.shell:Creating environment hook '/home/cgrundman/ros2_ws/install/my_robot_interfaces/share/my_robot_interfaces/hook/pythonpath.sh'
[0.596s] Level 1:colcon.colcon_core.environment:checking '/home/cgrundman/ros2_ws/install/my_robot_interfaces/bin'
[0.596s] INFO:colcon.colcon_core.shell:Creating package script '/home/cgrundman/ros2_ws/install/my_robot_interfaces/share/my_robot_interfaces/package.ps1'
[0.597s] INFO:colcon.colcon_core.shell:Creating package descriptor '/home/cgrundman/ros2_ws/install/my_robot_interfaces/share/my_robot_interfaces/package.dsv'
[0.597s] INFO:colcon.colcon_core.shell:Creating package script '/home/cgrundman/ros2_ws/install/my_robot_interfaces/share/my_robot_interfaces/package.sh'
[0.598s] INFO:colcon.colcon_core.shell:Creating package script '/home/cgrundman/ros2_ws/install/my_robot_interfaces/share/my_robot_interfaces/package.bash'
[0.598s] INFO:colcon.colcon_core.shell:Creating package script '/home/cgrundman/ros2_ws/install/my_robot_interfaces/share/my_robot_interfaces/package.zsh'
[0.599s] Level 1:colcon.colcon_core.environment:create_file_with_runtime_dependencies(/home/cgrundman/ros2_ws/install/my_robot_interfaces/share/colcon-core/packages/my_robot_interfaces)
[0.599s] Level 1:colcon.colcon_core.environment:create_environment_scripts_only(my_robot_interfaces)
[0.599s] Level 1:colcon.colcon_core.environment:checking '/home/cgrundman/ros2_ws/install/my_robot_interfaces' for CMake module files
[0.599s] Level 1:colcon.colcon_core.environment:checking '/home/cgrundman/ros2_ws/install/my_robot_interfaces' for CMake config files
[0.600s] Level 1:colcon.colcon_core.shell:create_environment_hook('my_robot_interfaces', 'cmake_prefix_path')
[0.600s] INFO:colcon.colcon_core.shell:Creating environment hook '/home/cgrundman/ros2_ws/install/my_robot_interfaces/share/my_robot_interfaces/hook/cmake_prefix_path.ps1'
[0.600s] INFO:colcon.colcon_core.shell:Creating environment descriptor '/home/cgrundman/ros2_ws/install/my_robot_interfaces/share/my_robot_interfaces/hook/cmake_prefix_path.dsv'
[0.600s] INFO:colcon.colcon_core.shell:Creating environment hook '/home/cgrundman/ros2_ws/install/my_robot_interfaces/share/my_robot_interfaces/hook/cmake_prefix_path.sh'
[0.600s] Level 1:colcon.colcon_core.environment:checking '/home/cgrundman/ros2_ws/install/my_robot_interfaces/lib'
[0.600s] Level 1:colcon.colcon_core.shell:create_environment_hook('my_robot_interfaces', 'ld_library_path_lib')
[0.600s] INFO:colcon.colcon_core.shell:Creating environment hook '/home/cgrundman/ros2_ws/install/my_robot_interfaces/share/my_robot_interfaces/hook/ld_library_path_lib.ps1'
[0.601s] INFO:colcon.colcon_core.shell:Creating environment descriptor '/home/cgrundman/ros2_ws/install/my_robot_interfaces/share/my_robot_interfaces/hook/ld_library_path_lib.dsv'
[0.601s] INFO:colcon.colcon_core.shell:Creating environment hook '/home/cgrundman/ros2_ws/install/my_robot_interfaces/share/my_robot_interfaces/hook/ld_library_path_lib.sh'
[0.601s] Level 1:colcon.colcon_core.environment:checking '/home/cgrundman/ros2_ws/install/my_robot_interfaces/bin'
[0.601s] Level 1:colcon.colcon_core.environment:checking '/home/cgrundman/ros2_ws/install/my_robot_interfaces/lib/pkgconfig/my_robot_interfaces.pc'
[0.601s] Level 1:colcon.colcon_core.environment:checking '/home/cgrundman/ros2_ws/install/my_robot_interfaces/lib/python3.12/site-packages'
[0.601s] Level 1:colcon.colcon_core.shell:create_environment_hook('my_robot_interfaces', 'pythonpath')
[0.601s] INFO:colcon.colcon_core.shell:Creating environment hook '/home/cgrundman/ros2_ws/install/my_robot_interfaces/share/my_robot_interfaces/hook/pythonpath.ps1'
[0.602s] INFO:colcon.colcon_core.shell:Creating environment descriptor '/home/cgrundman/ros2_ws/install/my_robot_interfaces/share/my_robot_interfaces/hook/pythonpath.dsv'
[0.602s] INFO:colcon.colcon_core.shell:Creating environment hook '/home/cgrundman/ros2_ws/install/my_robot_interfaces/share/my_robot_interfaces/hook/pythonpath.sh'
[0.602s] Level 1:colcon.colcon_core.environment:checking '/home/cgrundman/ros2_ws/install/my_robot_interfaces/bin'
[0.602s] INFO:colcon.colcon_core.shell:Creating package script '/home/cgrundman/ros2_ws/install/my_robot_interfaces/share/my_robot_interfaces/package.ps1'
[0.602s] INFO:colcon.colcon_core.shell:Creating package descriptor '/home/cgrundman/ros2_ws/install/my_robot_interfaces/share/my_robot_interfaces/package.dsv'
[0.603s] INFO:colcon.colcon_core.shell:Creating package script '/home/cgrundman/ros2_ws/install/my_robot_interfaces/share/my_robot_interfaces/package.sh'
[0.603s] INFO:colcon.colcon_core.shell:Creating package script '/home/cgrundman/ros2_ws/install/my_robot_interfaces/share/my_robot_interfaces/package.bash'
[0.603s] INFO:colcon.colcon_core.shell:Creating package script '/home/cgrundman/ros2_ws/install/my_robot_interfaces/share/my_robot_interfaces/package.zsh'
[0.603s] Level 1:colcon.colcon_core.environment:create_file_with_runtime_dependencies(/home/cgrundman/ros2_ws/install/my_robot_interfaces/share/colcon-core/packages/my_robot_interfaces)
[0.603s] INFO:colcon.colcon_ros.task.ament_cmake.build:Building ROS package in '/home/cgrundman/ros2_ws/src/my_cpp_pkg' with build type 'ament_cmake'
[0.603s] INFO:colcon.colcon_cmake.task.cmake.build:Building CMake package in '/home/cgrundman/ros2_ws/src/my_cpp_pkg'
[0.603s] INFO:colcon.colcon_core.shell:Skip shell extension 'powershell' for command environment: Not usable outside of PowerShell
[0.603s] DEBUG:colcon.colcon_core.shell:Skip shell extension 'dsv' for command environment
[0.606s] INFO:colcon.colcon_ros.task.ament_python.build:Building ROS package in '/home/cgrundman/ros2_ws/src/my_py_pkg' with build type 'ament_python'
[0.606s] Level 1:colcon.colcon_core.shell:create_environment_hook('my_py_pkg', 'ament_prefix_path')
[0.606s] INFO:colcon.colcon_core.shell:Creating environment hook '/home/cgrundman/ros2_ws/install/my_py_pkg/share/my_py_pkg/hook/ament_prefix_path.ps1'
[0.607s] INFO:colcon.colcon_core.shell:Creating environment descriptor '/home/cgrundman/ros2_ws/install/my_py_pkg/share/my_py_pkg/hook/ament_prefix_path.dsv'
[0.607s] INFO:colcon.colcon_core.shell:Creating environment hook '/home/cgrundman/ros2_ws/install/my_py_pkg/share/my_py_pkg/hook/ament_prefix_path.sh'
[0.607s] INFO:colcon.colcon_core.shell:Skip shell extension 'powershell' for command environment: Not usable outside of PowerShell
[0.607s] DEBUG:colcon.colcon_core.shell:Skip shell extension 'dsv' for command environment
[0.612s] DEBUG:colcon.colcon_core.event_handler.log_command:Invoking command in '/home/cgrundman/ros2_ws/build/my_cpp_pkg': CMAKE_PREFIX_PATH=${CMAKE_PREFIX_PATH}:/home/cgrundman/ros2_ws/install/my_py_pkg:/opt/ros/jazzy DEBUGINFOD_URLS=https://debuginfod.ubuntu.com PYTHONPATH=/home/cgrundman/ros2_ws/install/my_robot_interfaces/lib/python3.12/site-packages:/home/cgrundman/GitLab/python-icitdlas:/home/cgrundman/ros2_ws/install/my_py_pkg/lib/python3.12/site-packages:/opt/ros/jazzy/lib/python3.12/site-packages /usr/bin/cmake --build /home/cgrundman/ros2_ws/build/my_cpp_pkg -- -j14 -l14
[0.775s] INFO:colcon.colcon_core.task.python.build:Building Python package in '/home/cgrundman/ros2_ws/src/my_py_pkg'
[0.776s] INFO:colcon.colcon_core.shell:Skip shell extension 'powershell' for command environment: Not usable outside of PowerShell
[0.776s] DEBUG:colcon.colcon_core.shell:Skip shell extension 'dsv' for command environment
[1.159s] DEBUG:colcon.colcon_core.event_handler.log_command:Invoking command in '/home/cgrundman/ros2_ws/src/my_py_pkg': DEBUGINFOD_URLS=https://debuginfod.ubuntu.com PYTHONPATH=/home/cgrundman/ros2_ws/build/my_py_pkg/prefix_override:/usr/lib/python3/dist-packages/colcon_core/task/python/colcon_distutils_commands:/home/cgrundman/ros2_ws/install/my_py_pkg/lib/python3.12/site-packages:/home/cgrundman/ros2_ws/install/my_robot_interfaces/lib/python3.12/site-packages:/home/cgrundman/GitLab/python-icitdlas:/home/cgrundman/ros2_ws/install/my_py_pkg/lib/python3.12/site-packages:/opt/ros/jazzy/lib/python3.12/site-packages /usr/bin/python3 -W ignore:setup.py install is deprecated -W ignore:easy_install command is deprecated setup.py egg_info --egg-base ../../build/my_py_pkg build --build-base /home/cgrundman/ros2_ws/build/my_py_pkg/build install --record /home/cgrundman/ros2_ws/build/my_py_pkg/install.log --single-version-externally-managed install_data
[1.520s] Level 1:colcon.colcon_core.environment:checking '/home/cgrundman/ros2_ws/install/my_py_pkg' for CMake module files
[1.520s] DEBUG:colcon.colcon_core.event_handler.log_command:Invoked command in '/home/cgrundman/ros2_ws/src/my_py_pkg' returned '0': DEBUGINFOD_URLS=https://debuginfod.ubuntu.com PYTHONPATH=/home/cgrundman/ros2_ws/build/my_py_pkg/prefix_override:/usr/lib/python3/dist-packages/colcon_core/task/python/colcon_distutils_commands:/home/cgrundman/ros2_ws/install/my_py_pkg/lib/python3.12/site-packages:/home/cgrundman/ros2_ws/install/my_robot_interfaces/lib/python3.12/site-packages:/home/cgrundman/GitLab/python-icitdlas:/home/cgrundman/ros2_ws/install/my_py_pkg/lib/python3.12/site-packages:/opt/ros/jazzy/lib/python3.12/site-packages /usr/bin/python3 -W ignore:setup.py install is deprecated -W ignore:easy_install command is deprecated setup.py egg_info --egg-base ../../build/my_py_pkg build --build-base /home/cgrundman/ros2_ws/build/my_py_pkg/build install --record /home/cgrundman/ros2_ws/build/my_py_pkg/install.log --single-version-externally-managed install_data
[1.520s] Level 1:colcon.colcon_core.environment:checking '/home/cgrundman/ros2_ws/install/my_py_pkg' for CMake config files
[1.520s] Level 1:colcon.colcon_core.environment:checking '/home/cgrundman/ros2_ws/install/my_py_pkg/lib'
[1.520s] Level 1:colcon.colcon_core.environment:checking '/home/cgrundman/ros2_ws/install/my_py_pkg/bin'
[1.521s] Level 1:colcon.colcon_core.environment:checking '/home/cgrundman/ros2_ws/install/my_py_pkg/lib/pkgconfig/my_py_pkg.pc'
[1.521s] Level 1:colcon.colcon_core.environment:checking '/home/cgrundman/ros2_ws/install/my_py_pkg/lib/python3.12/site-packages'
[1.521s] Level 1:colcon.colcon_core.shell:create_environment_hook('my_py_pkg', 'pythonpath')
[1.521s] INFO:colcon.colcon_core.shell:Creating environment hook '/home/cgrundman/ros2_ws/install/my_py_pkg/share/my_py_pkg/hook/pythonpath.ps1'
[1.521s] INFO:colcon.colcon_core.shell:Creating environment descriptor '/home/cgrundman/ros2_ws/install/my_py_pkg/share/my_py_pkg/hook/pythonpath.dsv'
[1.521s] INFO:colcon.colcon_core.shell:Creating environment hook '/home/cgrundman/ros2_ws/install/my_py_pkg/share/my_py_pkg/hook/pythonpath.sh'
[1.522s] Level 1:colcon.colcon_core.environment:checking '/home/cgrundman/ros2_ws/install/my_py_pkg/bin'
[1.522s] Level 1:colcon.colcon_core.environment:create_environment_scripts_only(my_py_pkg)
[1.522s] INFO:colcon.colcon_core.shell:Creating package script '/home/cgrundman/ros2_ws/install/my_py_pkg/share/my_py_pkg/package.ps1'
[1.522s] INFO:colcon.colcon_core.shell:Creating package descriptor '/home/cgrundman/ros2_ws/install/my_py_pkg/share/my_py_pkg/package.dsv'
[1.522s] INFO:colcon.colcon_core.shell:Creating package script '/home/cgrundman/ros2_ws/install/my_py_pkg/share/my_py_pkg/package.sh'
[1.522s] INFO:colcon.colcon_core.shell:Creating package script '/home/cgrundman/ros2_ws/install/my_py_pkg/share/my_py_pkg/package.bash'
[1.523s] INFO:colcon.colcon_core.shell:Creating package script '/home/cgrundman/ros2_ws/install/my_py_pkg/share/my_py_pkg/package.zsh'
[1.523s] Level 1:colcon.colcon_core.environment:create_file_with_runtime_dependencies(/home/cgrundman/ros2_ws/install/my_py_pkg/share/colcon-core/packages/my_py_pkg)
[3.607s] DEBUG:colcon.colcon_core.event_handler.log_command:Invoked command in '/home/cgrundman/ros2_ws/build/my_cpp_pkg' returned '0': CMAKE_PREFIX_PATH=${CMAKE_PREFIX_PATH}:/home/cgrundman/ros2_ws/install/my_py_pkg:/opt/ros/jazzy DEBUGINFOD_URLS=https://debuginfod.ubuntu.com PYTHONPATH=/home/cgrundman/ros2_ws/install/my_robot_interfaces/lib/python3.12/site-packages:/home/cgrundman/GitLab/python-icitdlas:/home/cgrundman/ros2_ws/install/my_py_pkg/lib/python3.12/site-packages:/opt/ros/jazzy/lib/python3.12/site-packages /usr/bin/cmake --build /home/cgrundman/ros2_ws/build/my_cpp_pkg -- -j14 -l14
[3.607s] DEBUG:colcon.colcon_core.event_handler.log_command:Invoking command in '/home/cgrundman/ros2_ws/build/my_cpp_pkg': CMAKE_PREFIX_PATH=${CMAKE_PREFIX_PATH}:/home/cgrundman/ros2_ws/install/my_py_pkg:/opt/ros/jazzy DEBUGINFOD_URLS=https://debuginfod.ubuntu.com PYTHONPATH=/home/cgrundman/ros2_ws/install/my_robot_interfaces/lib/python3.12/site-packages:/home/cgrundman/GitLab/python-icitdlas:/home/cgrundman/ros2_ws/install/my_py_pkg/lib/python3.12/site-packages:/opt/ros/jazzy/lib/python3.12/site-packages /usr/bin/cmake --install /home/cgrundman/ros2_ws/build/my_cpp_pkg
[3.622s] Level 1:colcon.colcon_core.environment:create_environment_scripts_only(my_cpp_pkg)
[3.623s] Level 1:colcon.colcon_core.environment:checking '/home/cgrundman/ros2_ws/install/my_cpp_pkg' for CMake module files
[3.623s] DEBUG:colcon.colcon_core.event_handler.log_command:Invoked command in '/home/cgrundman/ros2_ws/build/my_cpp_pkg' returned '0': CMAKE_PREFIX_PATH=${CMAKE_PREFIX_PATH}:/home/cgrundman/ros2_ws/install/my_py_pkg:/opt/ros/jazzy DEBUGINFOD_URLS=https://debuginfod.ubuntu.com PYTHONPATH=/home/cgrundman/ros2_ws/install/my_robot_interfaces/lib/python3.12/site-packages:/home/cgrundman/GitLab/python-icitdlas:/home/cgrundman/ros2_ws/install/my_py_pkg/lib/python3.12/site-packages:/opt/ros/jazzy/lib/python3.12/site-packages /usr/bin/cmake --install /home/cgrundman/ros2_ws/build/my_cpp_pkg
[3.623s] Level 1:colcon.colcon_core.environment:checking '/home/cgrundman/ros2_ws/install/my_cpp_pkg' for CMake config files
[3.623s] Level 1:colcon.colcon_core.shell:create_environment_hook('my_cpp_pkg', 'cmake_prefix_path')
[3.624s] INFO:colcon.colcon_core.shell:Creating environment hook '/home/cgrundman/ros2_ws/install/my_cpp_pkg/share/my_cpp_pkg/hook/cmake_prefix_path.ps1'
[3.624s] INFO:colcon.colcon_core.shell:Creating environment descriptor '/home/cgrundman/ros2_ws/install/my_cpp_pkg/share/my_cpp_pkg/hook/cmake_prefix_path.dsv'
[3.624s] INFO:colcon.colcon_core.shell:Creating environment hook '/home/cgrundman/ros2_ws/install/my_cpp_pkg/share/my_cpp_pkg/hook/cmake_prefix_path.sh'
[3.625s] Level 1:colcon.colcon_core.environment:checking '/home/cgrundman/ros2_ws/install/my_cpp_pkg/lib'
[3.625s] Level 1:colcon.colcon_core.environment:checking '/home/cgrundman/ros2_ws/install/my_cpp_pkg/bin'
[3.625s] Level 1:colcon.colcon_core.environment:checking '/home/cgrundman/ros2_ws/install/my_cpp_pkg/lib/pkgconfig/my_cpp_pkg.pc'
[3.625s] Level 1:colcon.colcon_core.environment:checking '/home/cgrundman/ros2_ws/install/my_cpp_pkg/lib/python3.12/site-packages'
[3.625s] Level 1:colcon.colcon_core.environment:checking '/home/cgrundman/ros2_ws/install/my_cpp_pkg/bin'
[3.626s] INFO:colcon.colcon_core.shell:Creating package script '/home/cgrundman/ros2_ws/install/my_cpp_pkg/share/my_cpp_pkg/package.ps1'
[3.626s] INFO:colcon.colcon_core.shell:Creating package descriptor '/home/cgrundman/ros2_ws/install/my_cpp_pkg/share/my_cpp_pkg/package.dsv'
[3.626s] INFO:colcon.colcon_core.shell:Creating package script '/home/cgrundman/ros2_ws/install/my_cpp_pkg/share/my_cpp_pkg/package.sh'
[3.627s] INFO:colcon.colcon_core.shell:Creating package script '/home/cgrundman/ros2_ws/install/my_cpp_pkg/share/my_cpp_pkg/package.bash'
[3.627s] INFO:colcon.colcon_core.shell:Creating package script '/home/cgrundman/ros2_ws/install/my_cpp_pkg/share/my_cpp_pkg/package.zsh'
[3.627s] Level 1:colcon.colcon_core.environment:create_file_with_runtime_dependencies(/home/cgrundman/ros2_ws/install/my_cpp_pkg/share/colcon-core/packages/my_cpp_pkg)
[3.627s] Level 1:colcon.colcon_core.environment:create_environment_scripts_only(my_cpp_pkg)
[3.627s] Level 1:colcon.colcon_core.environment:checking '/home/cgrundman/ros2_ws/install/my_cpp_pkg' for CMake module files
[3.628s] Level 1:colcon.colcon_core.environment:checking '/home/cgrundman/ros2_ws/install/my_cpp_pkg' for CMake config files
[3.628s] Level 1:colcon.colcon_core.shell:create_environment_hook('my_cpp_pkg', 'cmake_prefix_path')
[3.628s] INFO:colcon.colcon_core.shell:Creating environment hook '/home/cgrundman/ros2_ws/install/my_cpp_pkg/share/my_cpp_pkg/hook/cmake_prefix_path.ps1'
[3.628s] INFO:colcon.colcon_core.shell:Creating environment descriptor '/home/cgrundman/ros2_ws/install/my_cpp_pkg/share/my_cpp_pkg/hook/cmake_prefix_path.dsv'
[3.628s] INFO:colcon.colcon_core.shell:Creating environment hook '/home/cgrundman/ros2_ws/install/my_cpp_pkg/share/my_cpp_pkg/hook/cmake_prefix_path.sh'
[3.628s] Level 1:colcon.colcon_core.environment:checking '/home/cgrundman/ros2_ws/install/my_cpp_pkg/lib'
[3.628s] Level 1:colcon.colcon_core.environment:checking '/home/cgrundman/ros2_ws/install/my_cpp_pkg/bin'
[3.628s] Level 1:colcon.colcon_core.environment:checking '/home/cgrundman/ros2_ws/install/my_cpp_pkg/lib/pkgconfig/my_cpp_pkg.pc'
[3.628s] Level 1:colcon.colcon_core.environment:checking '/home/cgrundman/ros2_ws/install/my_cpp_pkg/lib/python3.12/site-packages'
[3.629s] Level 1:colcon.colcon_core.environment:checking '/home/cgrundman/ros2_ws/install/my_cpp_pkg/bin'
[3.629s] INFO:colcon.colcon_core.shell:Creating package script '/home/cgrundman/ros2_ws/install/my_cpp_pkg/share/my_cpp_pkg/package.ps1'
[3.629s] INFO:colcon.colcon_core.shell:Creating package descriptor '/home/cgrundman/ros2_ws/install/my_cpp_pkg/share/my_cpp_pkg/package.dsv'
[3.629s] INFO:colcon.colcon_core.shell:Creating package script '/home/cgrundman/ros2_ws/install/my_cpp_pkg/share/my_cpp_pkg/package.sh'
[3.629s] INFO:colcon.colcon_core.shell:Creating package script '/home/cgrundman/ros2_ws/install/my_cpp_pkg/share/my_cpp_pkg/package.bash'
[3.630s] INFO:colcon.colcon_core.shell:Creating package script '/home/cgrundman/ros2_ws/install/my_cpp_pkg/share/my_cpp_pkg/package.zsh'
[3.630s] Level 1:colcon.colcon_core.environment:create_file_with_runtime_dependencies(/home/cgrundman/ros2_ws/install/my_cpp_pkg/share/colcon-core/packages/my_cpp_pkg)
[3.630s] DEBUG:colcon.colcon_parallel_executor.executor.parallel:closing loop
[3.630s] DEBUG:colcon.colcon_parallel_executor.executor.parallel:loop closed
[3.630s] DEBUG:colcon.colcon_parallel_executor.executor.parallel:run_until_complete finished with '0'
[3.630s] DEBUG:colcon.colcon_core.event_reactor:joining thread
[3.636s] INFO:colcon.colcon_core.plugin_system:Skipping extension 'colcon_notification.desktop_notification.terminal_notifier': Not used on non-Darwin systems
[3.636s] INFO:colcon.colcon_core.plugin_system:Skipping extension 'colcon_notification.desktop_notification.win32': Not used on non-Windows systems
[3.636s] INFO:colcon.colcon_notification.desktop_notification:Sending desktop notification using 'notify2'
[3.652s] DEBUG:colcon.colcon_core.event_reactor:joined thread
[3.652s] INFO:colcon.colcon_core.shell:Creating prefix script '/home/cgrundman/ros2_ws/install/local_setup.ps1'
[3.652s] INFO:colcon.colcon_core.shell:Creating prefix util module '/home/cgrundman/ros2_ws/install/_local_setup_util_ps1.py'
[3.653s] INFO:colcon.colcon_core.shell:Creating prefix chain script '/home/cgrundman/ros2_ws/install/setup.ps1'
[3.653s] INFO:colcon.colcon_core.shell:Creating prefix script '/home/cgrundman/ros2_ws/install/local_setup.sh'
[3.654s] INFO:colcon.colcon_core.shell:Creating prefix util module '/home/cgrundman/ros2_ws/install/_local_setup_util_sh.py'
[3.654s] INFO:colcon.colcon_core.shell:Creating prefix chain script '/home/cgrundman/ros2_ws/install/setup.sh'
[3.654s] INFO:colcon.colcon_core.shell:Creating prefix script '/home/cgrundman/ros2_ws/install/local_setup.bash'
[3.654s] INFO:colcon.colcon_core.shell:Creating prefix chain script '/home/cgrundman/ros2_ws/install/setup.bash'
[3.655s] INFO:colcon.colcon_core.shell:Creating prefix script '/home/cgrundman/ros2_ws/install/local_setup.zsh'
[3.655s] INFO:colcon.colcon_core.shell:Creating prefix chain script '/home/cgrundman/ros2_ws/install/setup.zsh'
