[0.008s] Invoking command in '/home/cgrundman/ros2_ws/build/my_cpp_pkg': CMAKE_PREFIX_PATH=${CMAKE_PREFIX_PATH}:/opt/ros/jazzy DEBUGINFOD_URLS=https://debuginfod.ubuntu.com /usr/bin/cmake /home/cgrundman/ros2_ws/src/my_cpp_pkg -DCMAKE_INSTALL_PREFIX=/home/cgrundman/ros2_ws/install/my_cpp_pkg
[0.105s] -- The C compiler identification is GNU 13.3.0
[0.173s] -- The CXX compiler identification is GNU 13.3.0
[0.191s] -- Detecting C compiler ABI info
[0.270s] -- Detecting C compiler ABI info - done
[0.275s] -- Check for working C compiler: /usr/bin/cc - skipped
[0.276s] -- Detecting C compile features
[0.276s] -- Detecting C compile features - done
[0.286s] -- Detecting CXX compiler ABI info
[0.375s] -- Detecting CXX compiler ABI info - done
[0.383s] -- Check for working CXX compiler: /usr/bin/c++ - skipped
[0.383s] -- Detecting CXX compile features
[0.383s] -- Detecting CXX compile features - done
[0.384s] -- Found ament_cmake: 2.5.5 (/opt/ros/jazzy/share/ament_cmake/cmake)
[0.785s] -- Found Python3: /home/cgrundman/.pyenv/shims/python3 (found version "3.12.3") found components: Interpreter 
[0.894s] -- Found rclcpp: 28.1.16 (/opt/ros/jazzy/share/rclcpp/cmake)
[0.929s] -- Found rosidl_generator_c: 4.6.7 (/opt/ros/jazzy/share/rosidl_generator_c/cmake)
[0.936s] -- Found rosidl_generator_cpp: 4.6.7 (/opt/ros/jazzy/share/rosidl_generator_cpp/cmake)
[0.945s] -- Using all available rosidl_typesupport_c: rosidl_typesupport_fastrtps_c;rosidl_typesupport_introspection_c
[0.955s] -- Using all available rosidl_typesupport_cpp: rosidl_typesupport_fastrtps_cpp;rosidl_typesupport_introspection_cpp
[1.002s] -- Found rmw_implementation_cmake: 7.3.3 (/opt/ros/jazzy/share/rmw_implementation_cmake/cmake)
[1.004s] -- Found rmw_fastrtps_cpp: 8.4.3 (/opt/ros/jazzy/share/rmw_fastrtps_cpp/cmake)
[1.079s] -- Found OpenSSL: /usr/lib/x86_64-linux-gnu/libcrypto.so (found version "3.0.13")  
[1.092s] -- Found FastRTPS: /opt/ros/jazzy/include (Required is at least version "2.13") 
[1.112s] -- Using RMW implementation 'rmw_fastrtps_cpp' as default
[1.160s] -- Found ament_lint_auto: 0.17.4 (/opt/ros/jazzy/share/ament_lint_auto/cmake)
[1.283s] -- Added test 'lint_cmake' to check CMake code style
[1.284s] -- Added test 'xmllint' to check XML markup files
[1.284s] -- Configuring done (1.3s)
[1.286s] -- Generating done (0.0s)
[1.288s] -- Build files have been written to: /home/cgrundman/ros2_ws/build/my_cpp_pkg
[1.296s] Invoked command in '/home/cgrundman/ros2_ws/build/my_cpp_pkg' returned '0': CMAKE_PREFIX_PATH=${CMAKE_PREFIX_PATH}:/opt/ros/jazzy DEBUGINFOD_URLS=https://debuginfod.ubuntu.com /usr/bin/cmake /home/cgrundman/ros2_ws/src/my_cpp_pkg -DCMAKE_INSTALL_PREFIX=/home/cgrundman/ros2_ws/install/my_cpp_pkg
[1.298s] Invoking command in '/home/cgrundman/ros2_ws/build/my_cpp_pkg': CMAKE_PREFIX_PATH=${CMAKE_PREFIX_PATH}:/opt/ros/jazzy DEBUGINFOD_URLS=https://debuginfod.ubuntu.com /usr/bin/cmake --build /home/cgrundman/ros2_ws/build/my_cpp_pkg -- -j14 -l14
[1.336s] Invoked command in '/home/cgrundman/ros2_ws/build/my_cpp_pkg' returned '0': CMAKE_PREFIX_PATH=${CMAKE_PREFIX_PATH}:/opt/ros/jazzy DEBUGINFOD_URLS=https://debuginfod.ubuntu.com /usr/bin/cmake --build /home/cgrundman/ros2_ws/build/my_cpp_pkg -- -j14 -l14
[1.345s] Invoking command in '/home/cgrundman/ros2_ws/build/my_cpp_pkg': CMAKE_PREFIX_PATH=${CMAKE_PREFIX_PATH}:/opt/ros/jazzy DEBUGINFOD_URLS=https://debuginfod.ubuntu.com /usr/bin/cmake --install /home/cgrundman/ros2_ws/build/my_cpp_pkg
[1.352s] -- Install configuration: ""
[1.352s] -- Installing: /home/cgrundman/ros2_ws/install/my_cpp_pkg/share/ament_index/resource_index/package_run_dependencies/my_cpp_pkg
[1.352s] -- Installing: /home/cgrundman/ros2_ws/install/my_cpp_pkg/share/ament_index/resource_index/parent_prefix_path/my_cpp_pkg
[1.352s] -- Installing: /home/cgrundman/ros2_ws/install/my_cpp_pkg/share/my_cpp_pkg/environment/ament_prefix_path.sh
[1.353s] -- Installing: /home/cgrundman/ros2_ws/install/my_cpp_pkg/share/my_cpp_pkg/environment/ament_prefix_path.dsv
[1.353s] -- Installing: /home/cgrundman/ros2_ws/install/my_cpp_pkg/share/my_cpp_pkg/environment/path.sh
[1.353s] -- Installing: /home/cgrundman/ros2_ws/install/my_cpp_pkg/share/my_cpp_pkg/environment/path.dsv
[1.353s] -- Installing: /home/cgrundman/ros2_ws/install/my_cpp_pkg/share/my_cpp_pkg/local_setup.bash
[1.353s] -- Installing: /home/cgrundman/ros2_ws/install/my_cpp_pkg/share/my_cpp_pkg/local_setup.sh
[1.353s] -- Installing: /home/cgrundman/ros2_ws/install/my_cpp_pkg/share/my_cpp_pkg/local_setup.zsh
[1.353s] -- Installing: /home/cgrundman/ros2_ws/install/my_cpp_pkg/share/my_cpp_pkg/local_setup.dsv
[1.353s] -- Installing: /home/cgrundman/ros2_ws/install/my_cpp_pkg/share/my_cpp_pkg/package.dsv
[1.353s] -- Installing: /home/cgrundman/ros2_ws/install/my_cpp_pkg/share/ament_index/resource_index/packages/my_cpp_pkg
[1.353s] -- Installing: /home/cgrundman/ros2_ws/install/my_cpp_pkg/share/my_cpp_pkg/cmake/my_cpp_pkgConfig.cmake
[1.353s] -- Installing: /home/cgrundman/ros2_ws/install/my_cpp_pkg/share/my_cpp_pkg/cmake/my_cpp_pkgConfig-version.cmake
[1.353s] -- Installing: /home/cgrundman/ros2_ws/install/my_cpp_pkg/share/my_cpp_pkg/package.xml
[1.355s] Invoked command in '/home/cgrundman/ros2_ws/build/my_cpp_pkg' returned '0': CMAKE_PREFIX_PATH=${CMAKE_PREFIX_PATH}:/opt/ros/jazzy DEBUGINFOD_URLS=https://debuginfod.ubuntu.com /usr/bin/cmake --install /home/cgrundman/ros2_ws/build/my_cpp_pkg
