[0.531s] Invoking command in '/home/cgrundman/ros2_ws/src/my_py_pkg': DEBUGINFOD_URLS=https://debuginfod.ubuntu.com PYTHONPATH=/home/cgrundman/ros2_ws/build/my_py_pkg/prefix_override:/usr/lib/python3/dist-packages/colcon_core/task/python/colcon_distutils_commands:/home/cgrundman/ros2_ws/install/my_py_pkg/lib/python3.12/site-packages:${PYTHONPATH} /usr/bin/python3 -W ignore:setup.py install is deprecated -W ignore:easy_install command is deprecated setup.py egg_info --egg-base ../../build/my_py_pkg build --build-base /home/cgrundman/ros2_ws/build/my_py_pkg/build install --record /home/cgrundman/ros2_ws/build/my_py_pkg/install.log --single-version-externally-managed install_data
[0.705s] running egg_info
[0.718s] writing ../../build/my_py_pkg/my_py_pkg.egg-info/PKG-INFO
[0.718s] writing dependency_links to ../../build/my_py_pkg/my_py_pkg.egg-info/dependency_links.txt
[0.718s] writing entry points to ../../build/my_py_pkg/my_py_pkg.egg-info/entry_points.txt
[0.718s] writing requirements to ../../build/my_py_pkg/my_py_pkg.egg-info/requires.txt
[0.718s] writing top-level names to ../../build/my_py_pkg/my_py_pkg.egg-info/top_level.txt
[0.743s] reading manifest file '../../build/my_py_pkg/my_py_pkg.egg-info/SOURCES.txt'
[0.744s] writing manifest file '../../build/my_py_pkg/my_py_pkg.egg-info/SOURCES.txt'
[0.744s] running build
[0.744s] running build_py
[0.744s] copying my_py_pkg/my_first_node.py -> /home/cgrundman/ros2_ws/build/my_py_pkg/build/lib/my_py_pkg
[0.744s] running install
[0.748s] running install_lib
[0.761s] copying /home/cgrundman/ros2_ws/build/my_py_pkg/build/lib/my_py_pkg/my_first_node.py -> /home/cgrundman/ros2_ws/install/my_py_pkg/lib/python3.12/site-packages/my_py_pkg
[0.761s] byte-compiling /home/cgrundman/ros2_ws/install/my_py_pkg/lib/python3.12/site-packages/my_py_pkg/my_first_node.py to my_first_node.cpython-312.pyc
[0.762s] running install_data
[0.762s] running install_egg_info
[0.776s] removing '/home/cgrundman/ros2_ws/install/my_py_pkg/lib/python3.12/site-packages/my_py_pkg-0.0.0-py3.12.egg-info' (and everything under it)
[0.776s] Copying ../../build/my_py_pkg/my_py_pkg.egg-info to /home/cgrundman/ros2_ws/install/my_py_pkg/lib/python3.12/site-packages/my_py_pkg-0.0.0-py3.12.egg-info
[0.776s] running install_scripts
[0.858s] Installing py_node script to /home/cgrundman/ros2_ws/install/my_py_pkg/lib/my_py_pkg
[0.858s] writing list of installed files to '/home/cgrundman/ros2_ws/build/my_py_pkg/install.log'
[0.879s] Invoked command in '/home/cgrundman/ros2_ws/src/my_py_pkg' returned '0': DEBUGINFOD_URLS=https://debuginfod.ubuntu.com PYTHONPATH=/home/cgrundman/ros2_ws/build/my_py_pkg/prefix_override:/usr/lib/python3/dist-packages/colcon_core/task/python/colcon_distutils_commands:/home/cgrundman/ros2_ws/install/my_py_pkg/lib/python3.12/site-packages:${PYTHONPATH} /usr/bin/python3 -W ignore:setup.py install is deprecated -W ignore:easy_install command is deprecated setup.py egg_info --egg-base ../../build/my_py_pkg build --build-base /home/cgrundman/ros2_ws/build/my_py_pkg/build install --record /home/cgrundman/ros2_ws/build/my_py_pkg/install.log --single-version-externally-managed install_data
