-- The C compiler identification is GNU 13.3.0
-- The CXX compiler identification is GNU 13.3.0
-- Detecting C compiler ABI info
-- Detecting C compiler ABI info - done
-- Check for working C compiler: /usr/bin/cc - skipped
-- Detecting C compile features
-- Detecting C compile features - done
-- Detecting CXX compiler ABI info
-- Detecting CXX compiler ABI info - done
-- Check for working CXX compiler: /usr/bin/c++ - skipped
-- Detecting CXX compile features
-- Detecting CXX compile features - done
-- Found ament_cmake: 2.5.5 (/opt/ros/jazzy/share/ament_cmake/cmake)
-- Found Python3: /home/cgrundman/.pyenv/shims/python3 (found version "3.12.3") found components: Interpreter 
-- Found rclcpp: 28.1.16 (/opt/ros/jazzy/share/rclcpp/cmake)
-- Found rosidl_generator_c: 4.6.7 (/opt/ros/jazzy/share/rosidl_generator_c/cmake)
-- Found rosidl_generator_cpp: 4.6.7 (/opt/ros/jazzy/share/rosidl_generator_cpp/cmake)
-- Using all available rosidl_typesupport_c: rosidl_typesupport_fastrtps_c;rosidl_typesupport_introspection_c
-- Using all available rosidl_typesupport_cpp: rosidl_typesupport_fastrtps_cpp;rosidl_typesupport_introspection_cpp
-- Found rmw_implementation_cmake: 7.3.3 (/opt/ros/jazzy/share/rmw_implementation_cmake/cmake)
-- Found rmw_fastrtps_cpp: 8.4.3 (/opt/ros/jazzy/share/rmw_fastrtps_cpp/cmake)
-- Found OpenSSL: /usr/lib/x86_64-linux-gnu/libcrypto.so (found version "3.0.13")  
-- Found FastRTPS: /opt/ros/jazzy/include (Required is at least version "2.13") 
-- Using RMW implementation 'rmw_fastrtps_cpp' as default
-- Found example_interfaces: 0.12.0 (/opt/ros/jazzy/share/example_interfaces/cmake)
-- Found my_robot_interfaces: 0.0.0 (/home/cgrundman/ros2_ws/src/install/my_robot_interfaces/share/my_robot_interfaces/cmake)
-- Configuring done (1.2s)
-- Generating done (0.0s)
-- Build files have been written to: /home/cgrundman/ros2_ws/src/build/my_cpp_pkg
[ 12%] [32mBuilding CXX object CMakeFiles/robot_news_station.dir/src/robot_news_station.cpp.o[0m
[ 18%] [32mBuilding CXX object CMakeFiles/add_two_ints_client_oop.dir/src/add_two_ints_client_oop.cpp.o[0m
[ 18%] [32mBuilding CXX object CMakeFiles/node_name.dir/src/template_cpp_node.cpp.o[0m
[ 31%] [32mBuilding CXX object CMakeFiles/smartphone.dir/src/smartphone.cpp.o[0m
[ 31%] [32mBuilding CXX object CMakeFiles/cpp_node.dir/src/my_first_node.cpp.o[0m
[ 37%] [32mBuilding CXX object CMakeFiles/add_two_ints_client_no_oop.dir/src/add_two_ints_client_no_oop.cpp.o[0m
[ 43%] [32mBuilding CXX object CMakeFiles/add_two_ints_server.dir/src/add_two_ints_server.cpp.o[0m
[ 50%] [32mBuilding CXX object CMakeFiles/hw_status_publisher.dir/src/hardware_status_publisher.cpp.o[0m
[ 56%] [32m[1mLinking CXX executable cpp_node[0m
[ 56%] Built target cpp_node
In file included from [01m[K/opt/ros/jazzy/include/rclcpp/rclcpp/copy_all_parameter_values.hpp:27[m[K,
                 from [01m[K/opt/ros/jazzy/include/rclcpp/rclcpp/rclcpp.hpp:171[m[K,
                 from [01m[K/home/cgrundman/ros2_ws/src/my_cpp_pkg/src/hardware_status_publisher.cpp:1[m[K:
[01m[K/home/cgrundman/ros2_ws/src/my_cpp_pkg/src/hardware_status_publisher.cpp:[m[K In constructor ‘[01m[KHardwareStatusPublisherNode::[01;32m[KHardwareStatusPublisherNode[m[K()[m[K’:
[01m[K/home/cgrundman/ros2_ws/src/my_cpp_pkg/src/hardware_status_publisher.cpp:17:41:[m[K [01;31m[Kerror: [m[Kexpected unqualified-id before string constant
   17 |         RCLCPP_INFO(this->get_logger(). [01;31m[K"Hardware status publisher has been started"[m[K);
      |                                         [01;31m[K^~~~~~~~~~~~~~~~~~~~~~~~~~~~~~~~~~~~~~~~~~~~[m[K
[01m[K/home/cgrundman/ros2_ws/src/my_cpp_pkg/src/hardware_status_publisher.cpp:17:9:[m[K [01;31m[Kerror: [m[Ktemplate argument 1 is invalid
   17 |         [01;31m[KRCLCPP_INFO[m[K(this->get_logger(). "Hardware status publisher has been started");
      |         [01;31m[K^~~~~~~~~~~[m[K
In file included from [01m[K/opt/ros/jazzy/include/rclcpp/rclcpp/logging.hpp:24[m[K:
[01m[K/home/cgrundman/ros2_ws/src/my_cpp_pkg/src/hardware_status_publisher.cpp:17:41:[m[K [01;31m[Kerror: [m[Kexpected unqualified-id before string constant
   17 |         RCLCPP_INFO(this->get_logger(). [01;31m[K"Hardware status publisher has been started"[m[K);
      |                                         [01;31m[K^~~~~~~~~~~~~~~~~~~~~~~~~~~~~~~~~~~~~~~~~~~~[m[K
[01m[K/home/cgrundman/ros2_ws/src/my_cpp_pkg/src/hardware_status_publisher.cpp:17:41:[m[K [01;31m[Kerror: [m[Kexpected ‘[01m[K)[m[K’ before string constant
[01m[K/home/cgrundman/ros2_ws/src/my_cpp_pkg/src/hardware_status_publisher.cpp:17:9:[m[K [01;36m[Knote: [m[Kto match this ‘[01m[K([m[K’
   17 |         [01;36m[KRCLCPP_INFO[m[K(this->get_logger(). "Hardware status publisher has been started");
      |         [01;36m[K^~~~~~~~~~~[m[K
[01m[K/home/cgrundman/ros2_ws/src/my_cpp_pkg/src/hardware_status_publisher.cpp:17:9:[m[K [01;31m[Kerror: [m[Kexpected ‘[01m[K)[m[K’ before ‘[01m[K}[m[K’ token
   17 |         [01;31m[KRCLCPP_INFO[m[K(this->get_logger(). "Hardware status publisher has been started");
      |         [01;31m[K^~~~~~~~~~~[m[K
[01m[K/home/cgrundman/ros2_ws/src/my_cpp_pkg/src/hardware_status_publisher.cpp:17:9:[m[K [01;36m[Knote: [m[Kto match this ‘[01m[K([m[K’
   17 |         [01;36m[KRCLCPP_INFO[m[K(this->get_logger(). "Hardware status publisher has been started");
      |         [01;36m[K^~~~~~~~~~~[m[K
[01m[K/home/cgrundman/ros2_ws/src/my_cpp_pkg/src/hardware_status_publisher.cpp:17:9:[m[K [01;31m[Kerror: [m[Kexpected primary-expression before ‘[01m[K}[m[K’ token
   17 |         [01;31m[KRCLCPP_INFO[m[K(this->get_logger(). "Hardware status publisher has been started");
      |         [01;31m[K^~~~~~~~~~~[m[K
[01m[K/home/cgrundman/ros2_ws/src/my_cpp_pkg/src/hardware_status_publisher.cpp:[m[K In member function ‘[01m[Kvoid HardwareStatusPublisherNode::[01;32m[KpublishHardwareStatus[m[K()[m[K’:
[01m[K/home/cgrundman/ros2_ws/src/my_cpp_pkg/src/hardware_status_publisher.cpp:28:5:[m[K [01;31m[Kerror: [m[Kexpected ‘[01m[K;[m[K’ before ‘[01m[K}[m[K’ token
   28 |     [01;31m[K}[m[K
      |     [01;31m[K^[m[K
[ 62%] [32m[1mLinking CXX executable add_two_ints_client_no_oop[0m
[ 62%] Built target add_two_ints_client_no_oop
gmake[2]: *** [CMakeFiles/hw_status_publisher.dir/build.make:76: CMakeFiles/hw_status_publisher.dir/src/hardware_status_publisher.cpp.o] Error 1
gmake[1]: *** [CMakeFiles/Makefile2:333: CMakeFiles/hw_status_publisher.dir/all] Error 2
gmake[1]: *** Waiting for unfinished jobs....
[ 68%] [32m[1mLinking CXX executable node_name[0m
[ 75%] [32m[1mLinking CXX executable add_two_ints_client_oop[0m
[ 75%] Built target add_two_ints_client_oop
[ 75%] Built target node_name
[ 81%] [32m[1mLinking CXX executable robot_news_station[0m
[ 81%] Built target robot_news_station
[ 87%] [32m[1mLinking CXX executable add_two_ints_server[0m
[ 87%] Built target add_two_ints_server
[ 93%] [32m[1mLinking CXX executable smartphone[0m
[ 93%] Built target smartphone
gmake: *** [Makefile:146: all] Error 2
