[0.009s] Invoking command in '/home/cgrundman/ros2_ws/build/my_cpp_pkg': CMAKE_PREFIX_PATH=${CMAKE_PREFIX_PATH}:/home/cgrundman/ros2_ws/install/my_py_pkg:/opt/ros/jazzy DEBUGINFOD_URLS=https://debuginfod.ubuntu.com /usr/bin/cmake --build /home/cgrundman/ros2_ws/build/my_cpp_pkg -- -j14 -l14
[0.030s] -- Found ament_cmake: 2.5.5 (/opt/ros/jazzy/share/ament_cmake/cmake)
[0.502s] -- Override CMake install command with custom implementation using symlinks instead of copying resources
[0.510s] -- Found rclcpp: 28.1.16 (/opt/ros/jazzy/share/rclcpp/cmake)
[0.528s] -- Found rosidl_generator_c: 4.6.7 (/opt/ros/jazzy/share/rosidl_generator_c/cmake)
[0.533s] -- Found rosidl_generator_cpp: 4.6.7 (/opt/ros/jazzy/share/rosidl_generator_cpp/cmake)
[0.540s] -- Using all available rosidl_typesupport_c: rosidl_typesupport_fastrtps_c;rosidl_typesupport_introspection_c
[0.549s] -- Using all available rosidl_typesupport_cpp: rosidl_typesupport_fastrtps_cpp;rosidl_typesupport_introspection_cpp
[0.589s] -- Found rmw_implementation_cmake: 7.3.3 (/opt/ros/jazzy/share/rmw_implementation_cmake/cmake)
[0.590s] -- Found rmw_fastrtps_cpp: 8.4.3 (/opt/ros/jazzy/share/rmw_fastrtps_cpp/cmake)
[0.646s] -- Using RMW implementation 'rmw_fastrtps_cpp' as default
[0.687s] -- Found example_interfaces: 0.12.0 (/opt/ros/jazzy/share/example_interfaces/cmake)
[0.832s] -- Configuring done (0.8s)
[0.848s] -- Generating done (0.0s)
[0.852s] -- Build files have been written to: /home/cgrundman/ros2_ws/build/my_cpp_pkg
[0.883s] [ 12%] [32mBuilding CXX object CMakeFiles/smartphone.dir/src/smartphone.cpp.o[0m
[0.888s] [ 37%] Built target node_name
[0.889s] [ 62%] [32mBuilding CXX object CMakeFiles/robot_news_station.dir/src/robot_news_station.cpp.o[0m
[0.889s] [ 75%] Built target cpp_node
[3.686s] [ 87%] [32m[1mLinking CXX executable robot_news_station[0m
[3.905s] [ 87%] Built target robot_news_station
[5.913s] [100%] [32m[1mLinking CXX executable smartphone[0m
[6.114s] [100%] Built target smartphone
[6.125s] Invoked command in '/home/cgrundman/ros2_ws/build/my_cpp_pkg' returned '0': CMAKE_PREFIX_PATH=${CMAKE_PREFIX_PATH}:/home/cgrundman/ros2_ws/install/my_py_pkg:/opt/ros/jazzy DEBUGINFOD_URLS=https://debuginfod.ubuntu.com /usr/bin/cmake --build /home/cgrundman/ros2_ws/build/my_cpp_pkg -- -j14 -l14
[6.133s] Invoking command in '/home/cgrundman/ros2_ws/build/my_cpp_pkg': CMAKE_PREFIX_PATH=${CMAKE_PREFIX_PATH}:/home/cgrundman/ros2_ws/install/my_py_pkg:/opt/ros/jazzy DEBUGINFOD_URLS=https://debuginfod.ubuntu.com /usr/bin/cmake --install /home/cgrundman/ros2_ws/build/my_cpp_pkg
[6.141s] -- Install configuration: ""
[6.141s] -- Execute custom install script
[6.141s] -- Up-to-date symlink: /home/cgrundman/ros2_ws/install/my_cpp_pkg/lib/my_cpp_pkg/cpp_node
[6.142s] -- Up-to-date symlink: /home/cgrundman/ros2_ws/install/my_cpp_pkg/lib/my_cpp_pkg/robot_news_station
[6.142s] -- Symlinking: /home/cgrundman/ros2_ws/install/my_cpp_pkg/lib/my_cpp_pkg/smartphone
[6.150s] -- Up-to-date symlink: /home/cgrundman/ros2_ws/install/my_cpp_pkg/share/ament_index/resource_index/package_run_dependencies/my_cpp_pkg
[6.150s] -- Up-to-date symlink: /home/cgrundman/ros2_ws/install/my_cpp_pkg/share/ament_index/resource_index/parent_prefix_path/my_cpp_pkg
[6.150s] -- Up-to-date symlink: /home/cgrundman/ros2_ws/install/my_cpp_pkg/share/my_cpp_pkg/environment/ament_prefix_path.sh
[6.150s] -- Up-to-date symlink: /home/cgrundman/ros2_ws/install/my_cpp_pkg/share/my_cpp_pkg/environment/ament_prefix_path.dsv
[6.151s] -- Up-to-date symlink: /home/cgrundman/ros2_ws/install/my_cpp_pkg/share/my_cpp_pkg/environment/path.sh
[6.151s] -- Up-to-date symlink: /home/cgrundman/ros2_ws/install/my_cpp_pkg/share/my_cpp_pkg/environment/path.dsv
[6.151s] -- Up-to-date symlink: /home/cgrundman/ros2_ws/install/my_cpp_pkg/share/my_cpp_pkg/local_setup.bash
[6.151s] -- Up-to-date symlink: /home/cgrundman/ros2_ws/install/my_cpp_pkg/share/my_cpp_pkg/local_setup.sh
[6.151s] -- Up-to-date symlink: /home/cgrundman/ros2_ws/install/my_cpp_pkg/share/my_cpp_pkg/local_setup.zsh
[6.151s] -- Up-to-date symlink: /home/cgrundman/ros2_ws/install/my_cpp_pkg/share/my_cpp_pkg/local_setup.dsv
[6.151s] -- Symlinking: /home/cgrundman/ros2_ws/install/my_cpp_pkg/share/my_cpp_pkg/package.dsv
[6.161s] -- Up-to-date symlink: /home/cgrundman/ros2_ws/install/my_cpp_pkg/share/ament_index/resource_index/packages/my_cpp_pkg
[6.161s] -- Up-to-date symlink: /home/cgrundman/ros2_ws/install/my_cpp_pkg/share/my_cpp_pkg/cmake/my_cpp_pkgConfig.cmake
[6.161s] -- Up-to-date symlink: /home/cgrundman/ros2_ws/install/my_cpp_pkg/share/my_cpp_pkg/cmake/my_cpp_pkgConfig-version.cmake
[6.161s] -- Up-to-date symlink: /home/cgrundman/ros2_ws/install/my_cpp_pkg/share/my_cpp_pkg/package.xml
[6.162s] Invoked command in '/home/cgrundman/ros2_ws/build/my_cpp_pkg' returned '0': CMAKE_PREFIX_PATH=${CMAKE_PREFIX_PATH}:/home/cgrundman/ros2_ws/install/my_py_pkg:/opt/ros/jazzy DEBUGINFOD_URLS=https://debuginfod.ubuntu.com /usr/bin/cmake --install /home/cgrundman/ros2_ws/build/my_cpp_pkg
