[0.069s] DEBUG:colcon:Command line arguments: ['/usr/bin/colcon', 'build']
[0.069s] DEBUG:colcon:Parsed command line arguments: Namespace(log_base=None, log_level=None, verb_name='build', build_base='build', install_base='install', merge_install=False, symlink_install=False, test_result_base=None, continue_on_error=False, executor='parallel', parallel_workers=14, event_handlers=None, ignore_user_meta=False, metas=['./colcon.meta'], base_paths=['.'], packages_ignore=None, packages_ignore_regex=None, paths=None, packages_up_to=None, packages_up_to_regex=None, packages_above=None, packages_above_and_dependencies=None, packages_above_depth=None, packages_select_by_dep=None, packages_skip_by_dep=None, packages_skip_up_to=None, packages_select_build_failed=False, packages_skip_build_finished=False, packages_select_test_failures=False, packages_skip_test_passed=False, packages_select=None, packages_skip=None, packages_select_regex=None, packages_skip_regex=None, packages_start=None, packages_end=None, allow_overriding=[], cmake_args=None, cmake_target=None, cmake_target_skip_unavailable=False, cmake_clean_cache=False, cmake_clean_first=False, cmake_force_configure=False, ament_cmake_args=None, catkin_cmake_args=None, catkin_skip_building_tests=False, mixin_files=None, mixin=None, verb_parser=<colcon_mixin.mixin.mixin_argument.MixinArgumentDecorator object at 0x726f2cd9b3e0>, verb_extension=<colcon_core.verb.build.BuildVerb object at 0x726f2cd9afc0>, main=<bound method BuildVerb.main of <colcon_core.verb.build.BuildVerb object at 0x726f2cd9afc0>>, mixin_verb=('build',))
[0.092s] Level 1:colcon.colcon_core.package_discovery:discover_packages(colcon_meta) check parameters
[0.092s] Level 1:colcon.colcon_core.package_discovery:discover_packages(recursive) check parameters
[0.092s] Level 1:colcon.colcon_core.package_discovery:discover_packages(ignore) check parameters
[0.092s] Level 1:colcon.colcon_core.package_discovery:discover_packages(path) check parameters
[0.092s] Level 1:colcon.colcon_core.package_discovery:discover_packages(colcon_meta) discover
[0.092s] Level 1:colcon.colcon_core.package_discovery:discover_packages(recursive) discover
[0.092s] INFO:colcon.colcon_core.package_discovery:Crawling recursively for packages in '/home/cgrundman/ros2_ws'
[0.092s] Level 1:colcon.colcon_core.package_identification:_identify(.) by extensions ['ignore', 'ignore_ament_install']
[0.092s] Level 1:colcon.colcon_core.package_identification:_identify(.) by extension 'ignore'
[0.092s] Level 1:colcon.colcon_core.package_identification:_identify(.) by extension 'ignore_ament_install'
[0.092s] Level 1:colcon.colcon_core.package_identification:_identify(.) by extensions ['colcon_pkg']
[0.092s] Level 1:colcon.colcon_core.package_identification:_identify(.) by extension 'colcon_pkg'
[0.092s] Level 1:colcon.colcon_core.package_identification:_identify(.) by extensions ['colcon_meta']
[0.092s] Level 1:colcon.colcon_core.package_identification:_identify(.) by extension 'colcon_meta'
[0.092s] Level 1:colcon.colcon_core.package_identification:_identify(.) by extensions ['ros']
[0.092s] Level 1:colcon.colcon_core.package_identification:_identify(.) by extension 'ros'
[0.108s] Level 1:colcon.colcon_core.package_identification:_identify(.) by extensions ['cmake', 'python']
[0.108s] Level 1:colcon.colcon_core.package_identification:_identify(.) by extension 'cmake'
[0.108s] Level 1:colcon.colcon_core.package_identification:_identify(.) by extension 'python'
[0.108s] Level 1:colcon.colcon_core.package_identification:_identify(.) by extensions ['python_setup_py']
[0.108s] Level 1:colcon.colcon_core.package_identification:_identify(.) by extension 'python_setup_py'
[0.108s] Level 1:colcon.colcon_core.package_identification:_identify(build) by extensions ['ignore', 'ignore_ament_install']
[0.108s] Level 1:colcon.colcon_core.package_identification:_identify(build) by extension 'ignore'
[0.109s] Level 1:colcon.colcon_core.package_identification:_identify(build) ignored
[0.109s] Level 1:colcon.colcon_core.package_identification:_identify(install) by extensions ['ignore', 'ignore_ament_install']
[0.109s] Level 1:colcon.colcon_core.package_identification:_identify(install) by extension 'ignore'
[0.109s] Level 1:colcon.colcon_core.package_identification:_identify(install) ignored
[0.109s] Level 1:colcon.colcon_core.package_identification:_identify(log) by extensions ['ignore', 'ignore_ament_install']
[0.109s] Level 1:colcon.colcon_core.package_identification:_identify(log) by extension 'ignore'
[0.109s] Level 1:colcon.colcon_core.package_identification:_identify(log) ignored
[0.109s] Level 1:colcon.colcon_core.package_identification:_identify(src) by extensions ['ignore', 'ignore_ament_install']
[0.109s] Level 1:colcon.colcon_core.package_identification:_identify(src) by extension 'ignore'
[0.109s] Level 1:colcon.colcon_core.package_identification:_identify(src) by extension 'ignore_ament_install'
[0.109s] Level 1:colcon.colcon_core.package_identification:_identify(src) by extensions ['colcon_pkg']
[0.109s] Level 1:colcon.colcon_core.package_identification:_identify(src) by extension 'colcon_pkg'
[0.109s] Level 1:colcon.colcon_core.package_identification:_identify(src) by extensions ['colcon_meta']
[0.109s] Level 1:colcon.colcon_core.package_identification:_identify(src) by extension 'colcon_meta'
[0.109s] Level 1:colcon.colcon_core.package_identification:_identify(src) by extensions ['ros']
[0.109s] Level 1:colcon.colcon_core.package_identification:_identify(src) by extension 'ros'
[0.109s] Level 1:colcon.colcon_core.package_identification:_identify(src) by extensions ['cmake', 'python']
[0.109s] Level 1:colcon.colcon_core.package_identification:_identify(src) by extension 'cmake'
[0.109s] Level 1:colcon.colcon_core.package_identification:_identify(src) by extension 'python'
[0.109s] Level 1:colcon.colcon_core.package_identification:_identify(src) by extensions ['python_setup_py']
[0.109s] Level 1:colcon.colcon_core.package_identification:_identify(src) by extension 'python_setup_py'
[0.109s] Level 1:colcon.colcon_core.package_identification:_identify(src/build) by extensions ['ignore', 'ignore_ament_install']
[0.109s] Level 1:colcon.colcon_core.package_identification:_identify(src/build) by extension 'ignore'
[0.109s] Level 1:colcon.colcon_core.package_identification:_identify(src/build) ignored
[0.109s] Level 1:colcon.colcon_core.package_identification:_identify(src/install) by extensions ['ignore', 'ignore_ament_install']
[0.109s] Level 1:colcon.colcon_core.package_identification:_identify(src/install) by extension 'ignore'
[0.109s] Level 1:colcon.colcon_core.package_identification:_identify(src/install) ignored
[0.109s] Level 1:colcon.colcon_core.package_identification:_identify(src/log) by extensions ['ignore', 'ignore_ament_install']
[0.109s] Level 1:colcon.colcon_core.package_identification:_identify(src/log) by extension 'ignore'
[0.109s] Level 1:colcon.colcon_core.package_identification:_identify(src/log) ignored
[0.109s] Level 1:colcon.colcon_core.package_identification:_identify(src/my_cpp_pkg) by extensions ['ignore', 'ignore_ament_install']
[0.109s] Level 1:colcon.colcon_core.package_identification:_identify(src/my_cpp_pkg) by extension 'ignore'
[0.110s] Level 1:colcon.colcon_core.package_identification:_identify(src/my_cpp_pkg) by extension 'ignore_ament_install'
[0.110s] Level 1:colcon.colcon_core.package_identification:_identify(src/my_cpp_pkg) by extensions ['colcon_pkg']
[0.110s] Level 1:colcon.colcon_core.package_identification:_identify(src/my_cpp_pkg) by extension 'colcon_pkg'
[0.110s] Level 1:colcon.colcon_core.package_identification:_identify(src/my_cpp_pkg) by extensions ['colcon_meta']
[0.110s] Level 1:colcon.colcon_core.package_identification:_identify(src/my_cpp_pkg) by extension 'colcon_meta'
[0.110s] Level 1:colcon.colcon_core.package_identification:_identify(src/my_cpp_pkg) by extensions ['ros']
[0.110s] Level 1:colcon.colcon_core.package_identification:_identify(src/my_cpp_pkg) by extension 'ros'
[0.111s] DEBUG:colcon.colcon_core.package_identification:Package 'src/my_cpp_pkg' with type 'ros.ament_cmake' and name 'my_cpp_pkg'
[0.111s] Level 1:colcon.colcon_core.package_identification:_identify(src/my_py_pkg) by extensions ['ignore', 'ignore_ament_install']
[0.111s] Level 1:colcon.colcon_core.package_identification:_identify(src/my_py_pkg) by extension 'ignore'
[0.111s] Level 1:colcon.colcon_core.package_identification:_identify(src/my_py_pkg) by extension 'ignore_ament_install'
[0.111s] Level 1:colcon.colcon_core.package_identification:_identify(src/my_py_pkg) by extensions ['colcon_pkg']
[0.111s] Level 1:colcon.colcon_core.package_identification:_identify(src/my_py_pkg) by extension 'colcon_pkg'
[0.111s] Level 1:colcon.colcon_core.package_identification:_identify(src/my_py_pkg) by extensions ['colcon_meta']
[0.111s] Level 1:colcon.colcon_core.package_identification:_identify(src/my_py_pkg) by extension 'colcon_meta'
[0.111s] Level 1:colcon.colcon_core.package_identification:_identify(src/my_py_pkg) by extensions ['ros']
[0.111s] Level 1:colcon.colcon_core.package_identification:_identify(src/my_py_pkg) by extension 'ros'
[0.112s] DEBUG:colcon.colcon_core.package_identification:Package 'src/my_py_pkg' with type 'ros.ament_python' and name 'my_py_pkg'
[0.112s] Level 1:colcon.colcon_core.package_identification:_identify(src/my_robot_interfaces) by extensions ['ignore', 'ignore_ament_install']
[0.112s] Level 1:colcon.colcon_core.package_identification:_identify(src/my_robot_interfaces) by extension 'ignore'
[0.112s] Level 1:colcon.colcon_core.package_identification:_identify(src/my_robot_interfaces) by extension 'ignore_ament_install'
[0.112s] Level 1:colcon.colcon_core.package_identification:_identify(src/my_robot_interfaces) by extensions ['colcon_pkg']
[0.112s] Level 1:colcon.colcon_core.package_identification:_identify(src/my_robot_interfaces) by extension 'colcon_pkg'
[0.112s] Level 1:colcon.colcon_core.package_identification:_identify(src/my_robot_interfaces) by extensions ['colcon_meta']
[0.112s] Level 1:colcon.colcon_core.package_identification:_identify(src/my_robot_interfaces) by extension 'colcon_meta'
[0.112s] Level 1:colcon.colcon_core.package_identification:_identify(src/my_robot_interfaces) by extensions ['ros']
[0.112s] Level 1:colcon.colcon_core.package_identification:_identify(src/my_robot_interfaces) by extension 'ros'
[0.112s] DEBUG:colcon.colcon_core.package_identification:Package 'src/my_robot_interfaces' with type 'ros.ament_cmake' and name 'my_robot_interfaces'
[0.112s] Level 1:colcon.colcon_core.package_discovery:discover_packages(recursive) using defaults
[0.112s] Level 1:colcon.colcon_core.package_discovery:discover_packages(ignore) discover
[0.112s] Level 1:colcon.colcon_core.package_discovery:discover_packages(ignore) using defaults
[0.112s] Level 1:colcon.colcon_core.package_discovery:discover_packages(path) discover
[0.112s] Level 1:colcon.colcon_core.package_discovery:discover_packages(path) using defaults
[0.123s] Level 1:colcon.colcon_core.package_discovery:discover_packages(prefix_path) check parameters
[0.123s] Level 1:colcon.colcon_core.package_discovery:discover_packages(prefix_path) discover
[0.124s] WARNING:colcon.colcon_ros.prefix_path.ament:The path '/home/cgrundman/ros2_ws/install/my_py_pkg' in the environment variable AMENT_PREFIX_PATH doesn't exist
[0.124s] WARNING:colcon.colcon_ros.prefix_path.ament:The path '/home/cgrundman/ros2_ws/install/my_robot_interfaces' in the environment variable AMENT_PREFIX_PATH doesn't exist
[0.124s] WARNING:colcon.colcon_ros.prefix_path.catkin:The path '/home/cgrundman/ros2_ws/install/my_robot_interfaces' in the environment variable CMAKE_PREFIX_PATH doesn't exist
[0.124s] DEBUG:colcon.colcon_installed_package_information.package_discovery:Found 0 installed packages in /home/cgrundman/ros2_ws/install
[0.125s] DEBUG:colcon.colcon_installed_package_information.package_discovery:Found 286 installed packages in /opt/ros/jazzy
[0.126s] Level 1:colcon.colcon_core.package_discovery:discover_packages(prefix_path) using defaults
[0.150s] Level 5:colcon.colcon_core.verb:set package 'my_robot_interfaces' build argument 'cmake_args' from command line to 'None'
[0.150s] Level 5:colcon.colcon_core.verb:set package 'my_robot_interfaces' build argument 'cmake_target' from command line to 'None'
[0.150s] Level 5:colcon.colcon_core.verb:set package 'my_robot_interfaces' build argument 'cmake_target_skip_unavailable' from command line to 'False'
[0.150s] Level 5:colcon.colcon_core.verb:set package 'my_robot_interfaces' build argument 'cmake_clean_cache' from command line to 'False'
[0.150s] Level 5:colcon.colcon_core.verb:set package 'my_robot_interfaces' build argument 'cmake_clean_first' from command line to 'False'
[0.150s] Level 5:colcon.colcon_core.verb:set package 'my_robot_interfaces' build argument 'cmake_force_configure' from command line to 'False'
[0.150s] Level 5:colcon.colcon_core.verb:set package 'my_robot_interfaces' build argument 'ament_cmake_args' from command line to 'None'
[0.150s] Level 5:colcon.colcon_core.verb:set package 'my_robot_interfaces' build argument 'catkin_cmake_args' from command line to 'None'
[0.150s] Level 5:colcon.colcon_core.verb:set package 'my_robot_interfaces' build argument 'catkin_skip_building_tests' from command line to 'False'
[0.150s] DEBUG:colcon.colcon_core.verb:Building package 'my_robot_interfaces' with the following arguments: {'ament_cmake_args': None, 'build_base': '/home/cgrundman/ros2_ws/build/my_robot_interfaces', 'catkin_cmake_args': None, 'catkin_skip_building_tests': False, 'cmake_args': None, 'cmake_clean_cache': False, 'cmake_clean_first': False, 'cmake_force_configure': False, 'cmake_target': None, 'cmake_target_skip_unavailable': False, 'install_base': '/home/cgrundman/ros2_ws/install/my_robot_interfaces', 'merge_install': False, 'path': '/home/cgrundman/ros2_ws/src/my_robot_interfaces', 'symlink_install': False, 'test_result_base': None}
[0.150s] Level 5:colcon.colcon_core.verb:set package 'my_cpp_pkg' build argument 'cmake_args' from command line to 'None'
[0.150s] Level 5:colcon.colcon_core.verb:set package 'my_cpp_pkg' build argument 'cmake_target' from command line to 'None'
[0.150s] Level 5:colcon.colcon_core.verb:set package 'my_cpp_pkg' build argument 'cmake_target_skip_unavailable' from command line to 'False'
[0.150s] Level 5:colcon.colcon_core.verb:set package 'my_cpp_pkg' build argument 'cmake_clean_cache' from command line to 'False'
[0.150s] Level 5:colcon.colcon_core.verb:set package 'my_cpp_pkg' build argument 'cmake_clean_first' from command line to 'False'
[0.150s] Level 5:colcon.colcon_core.verb:set package 'my_cpp_pkg' build argument 'cmake_force_configure' from command line to 'False'
[0.150s] Level 5:colcon.colcon_core.verb:set package 'my_cpp_pkg' build argument 'ament_cmake_args' from command line to 'None'
[0.150s] Level 5:colcon.colcon_core.verb:set package 'my_cpp_pkg' build argument 'catkin_cmake_args' from command line to 'None'
[0.150s] Level 5:colcon.colcon_core.verb:set package 'my_cpp_pkg' build argument 'catkin_skip_building_tests' from command line to 'False'
[0.150s] DEBUG:colcon.colcon_core.verb:Building package 'my_cpp_pkg' with the following arguments: {'ament_cmake_args': None, 'build_base': '/home/cgrundman/ros2_ws/build/my_cpp_pkg', 'catkin_cmake_args': None, 'catkin_skip_building_tests': False, 'cmake_args': None, 'cmake_clean_cache': False, 'cmake_clean_first': False, 'cmake_force_configure': False, 'cmake_target': None, 'cmake_target_skip_unavailable': False, 'install_base': '/home/cgrundman/ros2_ws/install/my_cpp_pkg', 'merge_install': False, 'path': '/home/cgrundman/ros2_ws/src/my_cpp_pkg', 'symlink_install': False, 'test_result_base': None}
[0.150s] Level 5:colcon.colcon_core.verb:set package 'my_py_pkg' build argument 'cmake_args' from command line to 'None'
[0.151s] Level 5:colcon.colcon_core.verb:set package 'my_py_pkg' build argument 'cmake_target' from command line to 'None'
[0.151s] Level 5:colcon.colcon_core.verb:set package 'my_py_pkg' build argument 'cmake_target_skip_unavailable' from command line to 'False'
[0.151s] Level 5:colcon.colcon_core.verb:set package 'my_py_pkg' build argument 'cmake_clean_cache' from command line to 'False'
[0.151s] Level 5:colcon.colcon_core.verb:set package 'my_py_pkg' build argument 'cmake_clean_first' from command line to 'False'
[0.151s] Level 5:colcon.colcon_core.verb:set package 'my_py_pkg' build argument 'cmake_force_configure' from command line to 'False'
[0.151s] Level 5:colcon.colcon_core.verb:set package 'my_py_pkg' build argument 'ament_cmake_args' from command line to 'None'
[0.151s] Level 5:colcon.colcon_core.verb:set package 'my_py_pkg' build argument 'catkin_cmake_args' from command line to 'None'
[0.151s] Level 5:colcon.colcon_core.verb:set package 'my_py_pkg' build argument 'catkin_skip_building_tests' from command line to 'False'
[0.151s] DEBUG:colcon.colcon_core.verb:Building package 'my_py_pkg' with the following arguments: {'ament_cmake_args': None, 'build_base': '/home/cgrundman/ros2_ws/build/my_py_pkg', 'catkin_cmake_args': None, 'catkin_skip_building_tests': False, 'cmake_args': None, 'cmake_clean_cache': False, 'cmake_clean_first': False, 'cmake_force_configure': False, 'cmake_target': None, 'cmake_target_skip_unavailable': False, 'install_base': '/home/cgrundman/ros2_ws/install/my_py_pkg', 'merge_install': False, 'path': '/home/cgrundman/ros2_ws/src/my_py_pkg', 'symlink_install': False, 'test_result_base': None}
[0.151s] INFO:colcon.colcon_core.executor:Executing jobs using 'parallel' executor
[0.152s] DEBUG:colcon.colcon_parallel_executor.executor.parallel:run_until_complete
[0.152s] INFO:colcon.colcon_ros.task.ament_cmake.build:Building ROS package in '/home/cgrundman/ros2_ws/src/my_robot_interfaces' with build type 'ament_cmake'
[0.152s] INFO:colcon.colcon_cmake.task.cmake.build:Building CMake package in '/home/cgrundman/ros2_ws/src/my_robot_interfaces'
[0.153s] INFO:colcon.colcon_core.plugin_system:Skipping extension 'colcon_core.shell.bat': Not used on non-Windows systems
[0.154s] INFO:colcon.colcon_core.shell:Skip shell extension 'powershell' for command environment: Not usable outside of PowerShell
[0.154s] DEBUG:colcon.colcon_core.shell:Skip shell extension 'dsv' for command environment
[0.160s] DEBUG:colcon.colcon_core.event_handler.log_command:Invoking command in '/home/cgrundman/ros2_ws/build/my_robot_interfaces': CMAKE_PREFIX_PATH=${CMAKE_PREFIX_PATH}:/home/cgrundman/ros2_ws/install/my_py_pkg:/opt/ros/jazzy DEBUGINFOD_URLS=https://debuginfod.ubuntu.com /usr/bin/cmake /home/cgrundman/ros2_ws/src/my_robot_interfaces -DCMAKE_INSTALL_PREFIX=/home/cgrundman/ros2_ws/install/my_robot_interfaces
[6.394s] DEBUG:colcon.colcon_core.event_handler.log_command:Invoked command in '/home/cgrundman/ros2_ws/build/my_robot_interfaces' returned '0': CMAKE_PREFIX_PATH=${CMAKE_PREFIX_PATH}:/home/cgrundman/ros2_ws/install/my_py_pkg:/opt/ros/jazzy DEBUGINFOD_URLS=https://debuginfod.ubuntu.com /usr/bin/cmake /home/cgrundman/ros2_ws/src/my_robot_interfaces -DCMAKE_INSTALL_PREFIX=/home/cgrundman/ros2_ws/install/my_robot_interfaces
[6.395s] DEBUG:colcon.colcon_core.event_handler.log_command:Invoking command in '/home/cgrundman/ros2_ws/build/my_robot_interfaces': CMAKE_PREFIX_PATH=${CMAKE_PREFIX_PATH}:/home/cgrundman/ros2_ws/install/my_py_pkg:/opt/ros/jazzy DEBUGINFOD_URLS=https://debuginfod.ubuntu.com /usr/bin/cmake --build /home/cgrundman/ros2_ws/build/my_robot_interfaces -- -j14 -l14
[8.038s] DEBUG:colcon.colcon_core.event_handler.log_command:Invoked command in '/home/cgrundman/ros2_ws/build/my_robot_interfaces' returned '0': CMAKE_PREFIX_PATH=${CMAKE_PREFIX_PATH}:/home/cgrundman/ros2_ws/install/my_py_pkg:/opt/ros/jazzy DEBUGINFOD_URLS=https://debuginfod.ubuntu.com /usr/bin/cmake --build /home/cgrundman/ros2_ws/build/my_robot_interfaces -- -j14 -l14
[8.047s] DEBUG:colcon.colcon_core.event_handler.log_command:Invoking command in '/home/cgrundman/ros2_ws/build/my_robot_interfaces': CMAKE_PREFIX_PATH=${CMAKE_PREFIX_PATH}:/home/cgrundman/ros2_ws/install/my_py_pkg:/opt/ros/jazzy DEBUGINFOD_URLS=https://debuginfod.ubuntu.com /usr/bin/cmake --install /home/cgrundman/ros2_ws/build/my_robot_interfaces
[8.127s] Level 1:colcon.colcon_core.environment:create_environment_scripts_only(my_robot_interfaces)
[8.127s] DEBUG:colcon.colcon_core.event_handler.log_command:Invoked command in '/home/cgrundman/ros2_ws/build/my_robot_interfaces' returned '0': CMAKE_PREFIX_PATH=${CMAKE_PREFIX_PATH}:/home/cgrundman/ros2_ws/install/my_py_pkg:/opt/ros/jazzy DEBUGINFOD_URLS=https://debuginfod.ubuntu.com /usr/bin/cmake --install /home/cgrundman/ros2_ws/build/my_robot_interfaces
[8.129s] Level 1:colcon.colcon_core.environment:checking '/home/cgrundman/ros2_ws/install/my_robot_interfaces' for CMake module files
[8.130s] Level 1:colcon.colcon_core.environment:checking '/home/cgrundman/ros2_ws/install/my_robot_interfaces' for CMake config files
[8.130s] Level 1:colcon.colcon_core.shell:create_environment_hook('my_robot_interfaces', 'cmake_prefix_path')
[8.130s] INFO:colcon.colcon_core.shell:Creating environment hook '/home/cgrundman/ros2_ws/install/my_robot_interfaces/share/my_robot_interfaces/hook/cmake_prefix_path.ps1'
[8.131s] INFO:colcon.colcon_core.shell:Creating environment descriptor '/home/cgrundman/ros2_ws/install/my_robot_interfaces/share/my_robot_interfaces/hook/cmake_prefix_path.dsv'
[8.131s] INFO:colcon.colcon_core.shell:Creating environment hook '/home/cgrundman/ros2_ws/install/my_robot_interfaces/share/my_robot_interfaces/hook/cmake_prefix_path.sh'
[8.132s] Level 1:colcon.colcon_core.environment:checking '/home/cgrundman/ros2_ws/install/my_robot_interfaces/lib'
[8.132s] Level 1:colcon.colcon_core.shell:create_environment_hook('my_robot_interfaces', 'ld_library_path_lib')
[8.132s] INFO:colcon.colcon_core.shell:Creating environment hook '/home/cgrundman/ros2_ws/install/my_robot_interfaces/share/my_robot_interfaces/hook/ld_library_path_lib.ps1'
[8.133s] INFO:colcon.colcon_core.shell:Creating environment descriptor '/home/cgrundman/ros2_ws/install/my_robot_interfaces/share/my_robot_interfaces/hook/ld_library_path_lib.dsv'
[8.133s] INFO:colcon.colcon_core.shell:Creating environment hook '/home/cgrundman/ros2_ws/install/my_robot_interfaces/share/my_robot_interfaces/hook/ld_library_path_lib.sh'
[8.133s] Level 1:colcon.colcon_core.environment:checking '/home/cgrundman/ros2_ws/install/my_robot_interfaces/bin'
[8.133s] Level 1:colcon.colcon_core.environment:checking '/home/cgrundman/ros2_ws/install/my_robot_interfaces/lib/pkgconfig/my_robot_interfaces.pc'
[8.133s] Level 1:colcon.colcon_core.environment:checking '/home/cgrundman/ros2_ws/install/my_robot_interfaces/lib/python3.12/site-packages'
[8.133s] Level 1:colcon.colcon_core.shell:create_environment_hook('my_robot_interfaces', 'pythonpath')
[8.134s] INFO:colcon.colcon_core.shell:Creating environment hook '/home/cgrundman/ros2_ws/install/my_robot_interfaces/share/my_robot_interfaces/hook/pythonpath.ps1'
[8.134s] INFO:colcon.colcon_core.shell:Creating environment descriptor '/home/cgrundman/ros2_ws/install/my_robot_interfaces/share/my_robot_interfaces/hook/pythonpath.dsv'
[8.134s] INFO:colcon.colcon_core.shell:Creating environment hook '/home/cgrundman/ros2_ws/install/my_robot_interfaces/share/my_robot_interfaces/hook/pythonpath.sh'
[8.135s] Level 1:colcon.colcon_core.environment:checking '/home/cgrundman/ros2_ws/install/my_robot_interfaces/bin'
[8.135s] INFO:colcon.colcon_core.shell:Creating package script '/home/cgrundman/ros2_ws/install/my_robot_interfaces/share/my_robot_interfaces/package.ps1'
[8.136s] INFO:colcon.colcon_core.shell:Creating package descriptor '/home/cgrundman/ros2_ws/install/my_robot_interfaces/share/my_robot_interfaces/package.dsv'
[8.136s] INFO:colcon.colcon_core.shell:Creating package script '/home/cgrundman/ros2_ws/install/my_robot_interfaces/share/my_robot_interfaces/package.sh'
[8.137s] INFO:colcon.colcon_core.shell:Creating package script '/home/cgrundman/ros2_ws/install/my_robot_interfaces/share/my_robot_interfaces/package.bash'
[8.137s] INFO:colcon.colcon_core.shell:Creating package script '/home/cgrundman/ros2_ws/install/my_robot_interfaces/share/my_robot_interfaces/package.zsh'
[8.137s] Level 1:colcon.colcon_core.environment:create_file_with_runtime_dependencies(/home/cgrundman/ros2_ws/install/my_robot_interfaces/share/colcon-core/packages/my_robot_interfaces)
[8.138s] Level 1:colcon.colcon_core.environment:create_environment_scripts_only(my_robot_interfaces)
[8.138s] Level 1:colcon.colcon_core.environment:checking '/home/cgrundman/ros2_ws/install/my_robot_interfaces' for CMake module files
[8.139s] Level 1:colcon.colcon_core.environment:checking '/home/cgrundman/ros2_ws/install/my_robot_interfaces' for CMake config files
[8.139s] Level 1:colcon.colcon_core.shell:create_environment_hook('my_robot_interfaces', 'cmake_prefix_path')
[8.139s] INFO:colcon.colcon_core.shell:Creating environment hook '/home/cgrundman/ros2_ws/install/my_robot_interfaces/share/my_robot_interfaces/hook/cmake_prefix_path.ps1'
[8.139s] INFO:colcon.colcon_core.shell:Creating environment descriptor '/home/cgrundman/ros2_ws/install/my_robot_interfaces/share/my_robot_interfaces/hook/cmake_prefix_path.dsv'
[8.140s] INFO:colcon.colcon_core.shell:Creating environment hook '/home/cgrundman/ros2_ws/install/my_robot_interfaces/share/my_robot_interfaces/hook/cmake_prefix_path.sh'
[8.140s] Level 1:colcon.colcon_core.environment:checking '/home/cgrundman/ros2_ws/install/my_robot_interfaces/lib'
[8.140s] Level 1:colcon.colcon_core.shell:create_environment_hook('my_robot_interfaces', 'ld_library_path_lib')
[8.140s] INFO:colcon.colcon_core.shell:Creating environment hook '/home/cgrundman/ros2_ws/install/my_robot_interfaces/share/my_robot_interfaces/hook/ld_library_path_lib.ps1'
[8.141s] INFO:colcon.colcon_core.shell:Creating environment descriptor '/home/cgrundman/ros2_ws/install/my_robot_interfaces/share/my_robot_interfaces/hook/ld_library_path_lib.dsv'
[8.141s] INFO:colcon.colcon_core.shell:Creating environment hook '/home/cgrundman/ros2_ws/install/my_robot_interfaces/share/my_robot_interfaces/hook/ld_library_path_lib.sh'
[8.141s] Level 1:colcon.colcon_core.environment:checking '/home/cgrundman/ros2_ws/install/my_robot_interfaces/bin'
[8.142s] Level 1:colcon.colcon_core.environment:checking '/home/cgrundman/ros2_ws/install/my_robot_interfaces/lib/pkgconfig/my_robot_interfaces.pc'
[8.142s] Level 1:colcon.colcon_core.environment:checking '/home/cgrundman/ros2_ws/install/my_robot_interfaces/lib/python3.12/site-packages'
[8.142s] Level 1:colcon.colcon_core.shell:create_environment_hook('my_robot_interfaces', 'pythonpath')
[8.142s] INFO:colcon.colcon_core.shell:Creating environment hook '/home/cgrundman/ros2_ws/install/my_robot_interfaces/share/my_robot_interfaces/hook/pythonpath.ps1'
[8.142s] INFO:colcon.colcon_core.shell:Creating environment descriptor '/home/cgrundman/ros2_ws/install/my_robot_interfaces/share/my_robot_interfaces/hook/pythonpath.dsv'
[8.143s] INFO:colcon.colcon_core.shell:Creating environment hook '/home/cgrundman/ros2_ws/install/my_robot_interfaces/share/my_robot_interfaces/hook/pythonpath.sh'
[8.143s] Level 1:colcon.colcon_core.environment:checking '/home/cgrundman/ros2_ws/install/my_robot_interfaces/bin'
[8.143s] INFO:colcon.colcon_core.shell:Creating package script '/home/cgrundman/ros2_ws/install/my_robot_interfaces/share/my_robot_interfaces/package.ps1'
[8.144s] INFO:colcon.colcon_core.shell:Creating package descriptor '/home/cgrundman/ros2_ws/install/my_robot_interfaces/share/my_robot_interfaces/package.dsv'
[8.144s] INFO:colcon.colcon_core.shell:Creating package script '/home/cgrundman/ros2_ws/install/my_robot_interfaces/share/my_robot_interfaces/package.sh'
[8.145s] INFO:colcon.colcon_core.shell:Creating package script '/home/cgrundman/ros2_ws/install/my_robot_interfaces/share/my_robot_interfaces/package.bash'
[8.145s] INFO:colcon.colcon_core.shell:Creating package script '/home/cgrundman/ros2_ws/install/my_robot_interfaces/share/my_robot_interfaces/package.zsh'
[8.145s] Level 1:colcon.colcon_core.environment:create_file_with_runtime_dependencies(/home/cgrundman/ros2_ws/install/my_robot_interfaces/share/colcon-core/packages/my_robot_interfaces)
[8.145s] INFO:colcon.colcon_ros.task.ament_cmake.build:Building ROS package in '/home/cgrundman/ros2_ws/src/my_cpp_pkg' with build type 'ament_cmake'
[8.146s] INFO:colcon.colcon_cmake.task.cmake.build:Building CMake package in '/home/cgrundman/ros2_ws/src/my_cpp_pkg'
[8.146s] INFO:colcon.colcon_core.shell:Skip shell extension 'powershell' for command environment: Not usable outside of PowerShell
[8.146s] DEBUG:colcon.colcon_core.shell:Skip shell extension 'dsv' for command environment
[8.149s] INFO:colcon.colcon_ros.task.ament_python.build:Building ROS package in '/home/cgrundman/ros2_ws/src/my_py_pkg' with build type 'ament_python'
[8.149s] Level 1:colcon.colcon_core.shell:create_environment_hook('my_py_pkg', 'ament_prefix_path')
[8.149s] INFO:colcon.colcon_core.shell:Creating environment hook '/home/cgrundman/ros2_ws/install/my_py_pkg/share/my_py_pkg/hook/ament_prefix_path.ps1'
[8.150s] INFO:colcon.colcon_core.shell:Creating environment descriptor '/home/cgrundman/ros2_ws/install/my_py_pkg/share/my_py_pkg/hook/ament_prefix_path.dsv'
[8.150s] INFO:colcon.colcon_core.shell:Creating environment hook '/home/cgrundman/ros2_ws/install/my_py_pkg/share/my_py_pkg/hook/ament_prefix_path.sh'
[8.150s] INFO:colcon.colcon_core.shell:Skip shell extension 'powershell' for command environment: Not usable outside of PowerShell
[8.150s] DEBUG:colcon.colcon_core.shell:Skip shell extension 'dsv' for command environment
[8.155s] DEBUG:colcon.colcon_core.event_handler.log_command:Invoking command in '/home/cgrundman/ros2_ws/build/my_cpp_pkg': CMAKE_PREFIX_PATH=${CMAKE_PREFIX_PATH}:/home/cgrundman/ros2_ws/install/my_py_pkg:/opt/ros/jazzy DEBUGINFOD_URLS=https://debuginfod.ubuntu.com PYTHONPATH=/home/cgrundman/ros2_ws/install/my_robot_interfaces/lib/python3.12/site-packages:/home/cgrundman/GitLab/python-icitdlas:/home/cgrundman/ros2_ws/install/my_py_pkg/lib/python3.12/site-packages:/opt/ros/jazzy/lib/python3.12/site-packages /usr/bin/cmake /home/cgrundman/ros2_ws/src/my_cpp_pkg -DCMAKE_INSTALL_PREFIX=/home/cgrundman/ros2_ws/install/my_cpp_pkg
[8.302s] INFO:colcon.colcon_core.task.python.build:Building Python package in '/home/cgrundman/ros2_ws/src/my_py_pkg'
[8.302s] INFO:colcon.colcon_core.shell:Skip shell extension 'powershell' for command environment: Not usable outside of PowerShell
[8.302s] DEBUG:colcon.colcon_core.shell:Skip shell extension 'dsv' for command environment
[8.724s] DEBUG:colcon.colcon_core.event_handler.log_command:Invoking command in '/home/cgrundman/ros2_ws/src/my_py_pkg': DEBUGINFOD_URLS=https://debuginfod.ubuntu.com PYTHONPATH=/home/cgrundman/ros2_ws/build/my_py_pkg/prefix_override:/usr/lib/python3/dist-packages/colcon_core/task/python/colcon_distutils_commands:/home/cgrundman/ros2_ws/install/my_py_pkg/lib/python3.12/site-packages:/home/cgrundman/ros2_ws/install/my_robot_interfaces/lib/python3.12/site-packages:/home/cgrundman/GitLab/python-icitdlas:/home/cgrundman/ros2_ws/install/my_py_pkg/lib/python3.12/site-packages:/opt/ros/jazzy/lib/python3.12/site-packages /usr/bin/python3 -W ignore:setup.py install is deprecated -W ignore:easy_install command is deprecated setup.py egg_info --egg-base ../../build/my_py_pkg build --build-base /home/cgrundman/ros2_ws/build/my_py_pkg/build install --record /home/cgrundman/ros2_ws/build/my_py_pkg/install.log --single-version-externally-managed install_data
[9.101s] Level 1:colcon.colcon_core.environment:checking '/home/cgrundman/ros2_ws/install/my_py_pkg' for CMake module files
[9.102s] DEBUG:colcon.colcon_core.event_handler.log_command:Invoked command in '/home/cgrundman/ros2_ws/src/my_py_pkg' returned '0': DEBUGINFOD_URLS=https://debuginfod.ubuntu.com PYTHONPATH=/home/cgrundman/ros2_ws/build/my_py_pkg/prefix_override:/usr/lib/python3/dist-packages/colcon_core/task/python/colcon_distutils_commands:/home/cgrundman/ros2_ws/install/my_py_pkg/lib/python3.12/site-packages:/home/cgrundman/ros2_ws/install/my_robot_interfaces/lib/python3.12/site-packages:/home/cgrundman/GitLab/python-icitdlas:/home/cgrundman/ros2_ws/install/my_py_pkg/lib/python3.12/site-packages:/opt/ros/jazzy/lib/python3.12/site-packages /usr/bin/python3 -W ignore:setup.py install is deprecated -W ignore:easy_install command is deprecated setup.py egg_info --egg-base ../../build/my_py_pkg build --build-base /home/cgrundman/ros2_ws/build/my_py_pkg/build install --record /home/cgrundman/ros2_ws/build/my_py_pkg/install.log --single-version-externally-managed install_data
[9.102s] Level 1:colcon.colcon_core.environment:checking '/home/cgrundman/ros2_ws/install/my_py_pkg' for CMake config files
[9.103s] Level 1:colcon.colcon_core.environment:checking '/home/cgrundman/ros2_ws/install/my_py_pkg/lib'
[9.103s] Level 1:colcon.colcon_core.environment:checking '/home/cgrundman/ros2_ws/install/my_py_pkg/bin'
[9.103s] Level 1:colcon.colcon_core.environment:checking '/home/cgrundman/ros2_ws/install/my_py_pkg/lib/pkgconfig/my_py_pkg.pc'
[9.103s] Level 1:colcon.colcon_core.environment:checking '/home/cgrundman/ros2_ws/install/my_py_pkg/lib/python3.12/site-packages'
[9.103s] Level 1:colcon.colcon_core.shell:create_environment_hook('my_py_pkg', 'pythonpath')
[9.103s] INFO:colcon.colcon_core.shell:Creating environment hook '/home/cgrundman/ros2_ws/install/my_py_pkg/share/my_py_pkg/hook/pythonpath.ps1'
[9.104s] INFO:colcon.colcon_core.shell:Creating environment descriptor '/home/cgrundman/ros2_ws/install/my_py_pkg/share/my_py_pkg/hook/pythonpath.dsv'
[9.104s] INFO:colcon.colcon_core.shell:Creating environment hook '/home/cgrundman/ros2_ws/install/my_py_pkg/share/my_py_pkg/hook/pythonpath.sh'
[9.105s] Level 1:colcon.colcon_core.environment:checking '/home/cgrundman/ros2_ws/install/my_py_pkg/bin'
[9.105s] Level 1:colcon.colcon_core.environment:create_environment_scripts_only(my_py_pkg)
[9.105s] INFO:colcon.colcon_core.shell:Creating package script '/home/cgrundman/ros2_ws/install/my_py_pkg/share/my_py_pkg/package.ps1'
[9.105s] INFO:colcon.colcon_core.shell:Creating package descriptor '/home/cgrundman/ros2_ws/install/my_py_pkg/share/my_py_pkg/package.dsv'
[9.106s] INFO:colcon.colcon_core.shell:Creating package script '/home/cgrundman/ros2_ws/install/my_py_pkg/share/my_py_pkg/package.sh'
[9.106s] INFO:colcon.colcon_core.shell:Creating package script '/home/cgrundman/ros2_ws/install/my_py_pkg/share/my_py_pkg/package.bash'
[9.106s] INFO:colcon.colcon_core.shell:Creating package script '/home/cgrundman/ros2_ws/install/my_py_pkg/share/my_py_pkg/package.zsh'
[9.107s] Level 1:colcon.colcon_core.environment:create_file_with_runtime_dependencies(/home/cgrundman/ros2_ws/install/my_py_pkg/share/colcon-core/packages/my_py_pkg)
[9.378s] DEBUG:colcon.colcon_core.event_handler.log_command:Invoked command in '/home/cgrundman/ros2_ws/build/my_cpp_pkg' returned '0': CMAKE_PREFIX_PATH=${CMAKE_PREFIX_PATH}:/home/cgrundman/ros2_ws/install/my_py_pkg:/opt/ros/jazzy DEBUGINFOD_URLS=https://debuginfod.ubuntu.com PYTHONPATH=/home/cgrundman/ros2_ws/install/my_robot_interfaces/lib/python3.12/site-packages:/home/cgrundman/GitLab/python-icitdlas:/home/cgrundman/ros2_ws/install/my_py_pkg/lib/python3.12/site-packages:/opt/ros/jazzy/lib/python3.12/site-packages /usr/bin/cmake /home/cgrundman/ros2_ws/src/my_cpp_pkg -DCMAKE_INSTALL_PREFIX=/home/cgrundman/ros2_ws/install/my_cpp_pkg
[9.379s] DEBUG:colcon.colcon_core.event_handler.log_command:Invoking command in '/home/cgrundman/ros2_ws/build/my_cpp_pkg': CMAKE_PREFIX_PATH=${CMAKE_PREFIX_PATH}:/home/cgrundman/ros2_ws/install/my_py_pkg:/opt/ros/jazzy DEBUGINFOD_URLS=https://debuginfod.ubuntu.com PYTHONPATH=/home/cgrundman/ros2_ws/install/my_robot_interfaces/lib/python3.12/site-packages:/home/cgrundman/GitLab/python-icitdlas:/home/cgrundman/ros2_ws/install/my_py_pkg/lib/python3.12/site-packages:/opt/ros/jazzy/lib/python3.12/site-packages /usr/bin/cmake --build /home/cgrundman/ros2_ws/build/my_cpp_pkg -- -j14 -l14
[16.698s] DEBUG:colcon.colcon_core.event_handler.log_command:Invoked command in '/home/cgrundman/ros2_ws/build/my_cpp_pkg' returned '2': CMAKE_PREFIX_PATH=${CMAKE_PREFIX_PATH}:/home/cgrundman/ros2_ws/install/my_py_pkg:/opt/ros/jazzy DEBUGINFOD_URLS=https://debuginfod.ubuntu.com PYTHONPATH=/home/cgrundman/ros2_ws/install/my_robot_interfaces/lib/python3.12/site-packages:/home/cgrundman/GitLab/python-icitdlas:/home/cgrundman/ros2_ws/install/my_py_pkg/lib/python3.12/site-packages:/opt/ros/jazzy/lib/python3.12/site-packages /usr/bin/cmake --build /home/cgrundman/ros2_ws/build/my_cpp_pkg -- -j14 -l14
[16.699s] Level 1:colcon.colcon_core.environment:create_environment_scripts_only(my_cpp_pkg)
[16.699s] Level 1:colcon.colcon_core.environment:checking '/home/cgrundman/ros2_ws/install/my_cpp_pkg' for CMake module files
[16.700s] Level 1:colcon.colcon_core.environment:checking '/home/cgrundman/ros2_ws/install/my_cpp_pkg' for CMake config files
[16.700s] Level 1:colcon.colcon_core.environment:checking '/home/cgrundman/ros2_ws/install/my_cpp_pkg/bin'
[16.700s] Level 1:colcon.colcon_core.environment:checking '/home/cgrundman/ros2_ws/install/my_cpp_pkg/lib/pkgconfig/my_cpp_pkg.pc'
[16.700s] Level 1:colcon.colcon_core.environment:checking '/home/cgrundman/ros2_ws/install/my_cpp_pkg/lib/python3.12/site-packages'
[16.701s] Level 1:colcon.colcon_core.environment:checking '/home/cgrundman/ros2_ws/install/my_cpp_pkg/bin'
[16.701s] INFO:colcon.colcon_core.shell:Creating package script '/home/cgrundman/ros2_ws/install/my_cpp_pkg/share/my_cpp_pkg/package.ps1'
[16.702s] INFO:colcon.colcon_core.shell:Creating package descriptor '/home/cgrundman/ros2_ws/install/my_cpp_pkg/share/my_cpp_pkg/package.dsv'
[16.702s] INFO:colcon.colcon_core.shell:Creating package script '/home/cgrundman/ros2_ws/install/my_cpp_pkg/share/my_cpp_pkg/package.sh'
[16.702s] INFO:colcon.colcon_core.shell:Creating package script '/home/cgrundman/ros2_ws/install/my_cpp_pkg/share/my_cpp_pkg/package.bash'
[16.703s] INFO:colcon.colcon_core.shell:Creating package script '/home/cgrundman/ros2_ws/install/my_cpp_pkg/share/my_cpp_pkg/package.zsh'
[16.703s] Level 1:colcon.colcon_core.environment:create_file_with_runtime_dependencies(/home/cgrundman/ros2_ws/install/my_cpp_pkg/share/colcon-core/packages/my_cpp_pkg)
[16.713s] DEBUG:colcon.colcon_parallel_executor.executor.parallel:closing loop
[16.713s] DEBUG:colcon.colcon_parallel_executor.executor.parallel:loop closed
[16.713s] DEBUG:colcon.colcon_parallel_executor.executor.parallel:run_until_complete finished with '2'
[16.713s] DEBUG:colcon.colcon_core.event_reactor:joining thread
[16.720s] INFO:colcon.colcon_core.plugin_system:Skipping extension 'colcon_notification.desktop_notification.terminal_notifier': Not used on non-Darwin systems
[16.720s] INFO:colcon.colcon_core.plugin_system:Skipping extension 'colcon_notification.desktop_notification.win32': Not used on non-Windows systems
[16.720s] INFO:colcon.colcon_notification.desktop_notification:Sending desktop notification using 'notify2'
[16.738s] DEBUG:colcon.colcon_core.event_reactor:joined thread
[16.738s] INFO:colcon.colcon_core.shell:Creating prefix script '/home/cgrundman/ros2_ws/install/local_setup.ps1'
[16.739s] INFO:colcon.colcon_core.shell:Creating prefix util module '/home/cgrundman/ros2_ws/install/_local_setup_util_ps1.py'
[16.740s] INFO:colcon.colcon_core.shell:Creating prefix chain script '/home/cgrundman/ros2_ws/install/setup.ps1'
[16.741s] INFO:colcon.colcon_core.shell:Creating prefix script '/home/cgrundman/ros2_ws/install/local_setup.sh'
[16.742s] INFO:colcon.colcon_core.shell:Creating prefix util module '/home/cgrundman/ros2_ws/install/_local_setup_util_sh.py'
[16.743s] INFO:colcon.colcon_core.shell:Creating prefix chain script '/home/cgrundman/ros2_ws/install/setup.sh'
[16.744s] INFO:colcon.colcon_core.shell:Creating prefix script '/home/cgrundman/ros2_ws/install/local_setup.bash'
[16.744s] INFO:colcon.colcon_core.shell:Creating prefix chain script '/home/cgrundman/ros2_ws/install/setup.bash'
[16.745s] INFO:colcon.colcon_core.shell:Creating prefix script '/home/cgrundman/ros2_ws/install/local_setup.zsh'
[16.745s] INFO:colcon.colcon_core.shell:Creating prefix chain script '/home/cgrundman/ros2_ws/install/setup.zsh'
