[0.520s] Invoking command in '/home/cgrundman/ros2_ws/build/my_py_pkg': DEBUGINFOD_URLS=https://debuginfod.ubuntu.com PYTHONPATH=/home/cgrundman/ros2_ws/build/my_py_pkg/prefix_override:/usr/lib/python3/dist-packages/colcon_core/task/python/colcon_distutils_commands:/home/cgrundman/ros2_ws/install/my_py_pkg/lib/python3.12/site-packages:${PYTHONPATH} /usr/bin/python3 -W ignore:setup.py install is deprecated -W ignore:easy_install command is deprecated setup.py develop --uninstall --editable --build-directory /home/cgrundman/ros2_ws/build/my_py_pkg/build
[0.707s] running develop
[0.828s] Removing /home/cgrundman/ros2_ws/install/my_py_pkg/lib/python3.12/site-packages/my-py-pkg.egg-link (link to .)
[0.850s] Invoked command in '/home/cgrundman/ros2_ws/build/my_py_pkg' returned '0': DEBUGINFOD_URLS=https://debuginfod.ubuntu.com PYTHONPATH=/home/cgrundman/ros2_ws/build/my_py_pkg/prefix_override:/usr/lib/python3/dist-packages/colcon_core/task/python/colcon_distutils_commands:/home/cgrundman/ros2_ws/install/my_py_pkg/lib/python3.12/site-packages:${PYTHONPATH} /usr/bin/python3 -W ignore:setup.py install is deprecated -W ignore:easy_install command is deprecated setup.py develop --uninstall --editable --build-directory /home/cgrundman/ros2_ws/build/my_py_pkg/build
[0.852s] Invoking command in '/home/cgrundman/ros2_ws/src/my_py_pkg': DEBUGINFOD_URLS=https://debuginfod.ubuntu.com PYTHONPATH=/home/cgrundman/ros2_ws/build/my_py_pkg/prefix_override:/usr/lib/python3/dist-packages/colcon_core/task/python/colcon_distutils_commands:/home/cgrundman/ros2_ws/install/my_py_pkg/lib/python3.12/site-packages:${PYTHONPATH} /usr/bin/python3 -W ignore:setup.py install is deprecated -W ignore:easy_install command is deprecated setup.py egg_info --egg-base ../../build/my_py_pkg build --build-base /home/cgrundman/ros2_ws/build/my_py_pkg/build install --record /home/cgrundman/ros2_ws/build/my_py_pkg/install.log --single-version-externally-managed install_data --force
[1.035s] running egg_info
[1.048s] writing ../../build/my_py_pkg/my_py_pkg.egg-info/PKG-INFO
[1.048s] writing dependency_links to ../../build/my_py_pkg/my_py_pkg.egg-info/dependency_links.txt
[1.048s] writing entry points to ../../build/my_py_pkg/my_py_pkg.egg-info/entry_points.txt
[1.048s] writing requirements to ../../build/my_py_pkg/my_py_pkg.egg-info/requires.txt
[1.048s] writing top-level names to ../../build/my_py_pkg/my_py_pkg.egg-info/top_level.txt
[1.076s] reading manifest file '../../build/my_py_pkg/my_py_pkg.egg-info/SOURCES.txt'
[1.077s] writing manifest file '../../build/my_py_pkg/my_py_pkg.egg-info/SOURCES.txt'
[1.077s] running build
[1.077s] running build_py
[1.077s] copying my_py_pkg/add_two_ints_server.py -> /home/cgrundman/ros2_ws/build/my_py_pkg/build/lib/my_py_pkg
[1.077s] copying my_py_pkg/number_counter.py -> /home/cgrundman/ros2_ws/build/my_py_pkg/build/lib/my_py_pkg
[1.077s] copying my_py_pkg/number_publisher.py -> /home/cgrundman/ros2_ws/build/my_py_pkg/build/lib/my_py_pkg
[1.077s] copying my_py_pkg/robot_news_station.py -> /home/cgrundman/ros2_ws/build/my_py_pkg/build/lib/my_py_pkg
[1.077s] copying my_py_pkg/template_python_node.py.py -> /home/cgrundman/ros2_ws/build/my_py_pkg/build/lib/my_py_pkg
[1.078s] copying my_py_pkg/my_first_node.py -> /home/cgrundman/ros2_ws/build/my_py_pkg/build/lib/my_py_pkg
[1.078s] copying my_py_pkg/smartphone.py -> /home/cgrundman/ros2_ws/build/my_py_pkg/build/lib/my_py_pkg
[1.078s] running install
[1.082s] running install_lib
[1.096s] creating /home/cgrundman/ros2_ws/install/my_py_pkg/lib/python3.12/site-packages/my_py_pkg
[1.096s] copying /home/cgrundman/ros2_ws/build/my_py_pkg/build/lib/my_py_pkg/add_two_ints_server.py -> /home/cgrundman/ros2_ws/install/my_py_pkg/lib/python3.12/site-packages/my_py_pkg
[1.096s] copying /home/cgrundman/ros2_ws/build/my_py_pkg/build/lib/my_py_pkg/number_counter.py -> /home/cgrundman/ros2_ws/install/my_py_pkg/lib/python3.12/site-packages/my_py_pkg
[1.096s] copying /home/cgrundman/ros2_ws/build/my_py_pkg/build/lib/my_py_pkg/__init__.py -> /home/cgrundman/ros2_ws/install/my_py_pkg/lib/python3.12/site-packages/my_py_pkg
[1.096s] copying /home/cgrundman/ros2_ws/build/my_py_pkg/build/lib/my_py_pkg/number_publisher.py -> /home/cgrundman/ros2_ws/install/my_py_pkg/lib/python3.12/site-packages/my_py_pkg
[1.096s] copying /home/cgrundman/ros2_ws/build/my_py_pkg/build/lib/my_py_pkg/robot_news_station.py -> /home/cgrundman/ros2_ws/install/my_py_pkg/lib/python3.12/site-packages/my_py_pkg
[1.096s] copying /home/cgrundman/ros2_ws/build/my_py_pkg/build/lib/my_py_pkg/template_python_node.py.py -> /home/cgrundman/ros2_ws/install/my_py_pkg/lib/python3.12/site-packages/my_py_pkg
[1.097s] copying /home/cgrundman/ros2_ws/build/my_py_pkg/build/lib/my_py_pkg/my_first_node.py -> /home/cgrundman/ros2_ws/install/my_py_pkg/lib/python3.12/site-packages/my_py_pkg
[1.097s] copying /home/cgrundman/ros2_ws/build/my_py_pkg/build/lib/my_py_pkg/smartphone.py -> /home/cgrundman/ros2_ws/install/my_py_pkg/lib/python3.12/site-packages/my_py_pkg
[1.097s] byte-compiling /home/cgrundman/ros2_ws/install/my_py_pkg/lib/python3.12/site-packages/my_py_pkg/add_two_ints_server.py to add_two_ints_server.cpython-312.pyc
[1.097s] byte-compiling /home/cgrundman/ros2_ws/install/my_py_pkg/lib/python3.12/site-packages/my_py_pkg/number_counter.py to number_counter.cpython-312.pyc
[1.097s] byte-compiling /home/cgrundman/ros2_ws/install/my_py_pkg/lib/python3.12/site-packages/my_py_pkg/__init__.py to __init__.cpython-312.pyc
[1.098s] byte-compiling /home/cgrundman/ros2_ws/install/my_py_pkg/lib/python3.12/site-packages/my_py_pkg/number_publisher.py to number_publisher.cpython-312.pyc
[1.098s] byte-compiling /home/cgrundman/ros2_ws/install/my_py_pkg/lib/python3.12/site-packages/my_py_pkg/robot_news_station.py to robot_news_station.cpython-312.pyc
[1.098s] byte-compiling /home/cgrundman/ros2_ws/install/my_py_pkg/lib/python3.12/site-packages/my_py_pkg/template_python_node.py.py to template_python_node.py.cpython-312.pyc
[1.098s] byte-compiling /home/cgrundman/ros2_ws/install/my_py_pkg/lib/python3.12/site-packages/my_py_pkg/my_first_node.py to my_first_node.cpython-312.pyc
[1.098s] byte-compiling /home/cgrundman/ros2_ws/install/my_py_pkg/lib/python3.12/site-packages/my_py_pkg/smartphone.py to smartphone.cpython-312.pyc
[1.099s] running install_data
[1.099s] copying resource/my_py_pkg -> /home/cgrundman/ros2_ws/install/my_py_pkg/share/ament_index/resource_index/packages
[1.099s] copying package.xml -> /home/cgrundman/ros2_ws/install/my_py_pkg/share/my_py_pkg
[1.099s] running install_egg_info
[1.114s] Copying ../../build/my_py_pkg/my_py_pkg.egg-info to /home/cgrundman/ros2_ws/install/my_py_pkg/lib/python3.12/site-packages/my_py_pkg-0.0.0-py3.12.egg-info
[1.114s] running install_scripts
[1.202s] Installing add_two_ints_server script to /home/cgrundman/ros2_ws/install/my_py_pkg/lib/my_py_pkg
[1.202s] Installing number_counter script to /home/cgrundman/ros2_ws/install/my_py_pkg/lib/my_py_pkg
[1.203s] Installing number_publisher script to /home/cgrundman/ros2_ws/install/my_py_pkg/lib/my_py_pkg
[1.203s] Installing py_node script to /home/cgrundman/ros2_ws/install/my_py_pkg/lib/my_py_pkg
[1.203s] Installing robot_news_station script to /home/cgrundman/ros2_ws/install/my_py_pkg/lib/my_py_pkg
[1.203s] Installing smartphone script to /home/cgrundman/ros2_ws/install/my_py_pkg/lib/my_py_pkg
[1.203s] writing list of installed files to '/home/cgrundman/ros2_ws/build/my_py_pkg/install.log'
[1.224s] Invoked command in '/home/cgrundman/ros2_ws/src/my_py_pkg' returned '0': DEBUGINFOD_URLS=https://debuginfod.ubuntu.com PYTHONPATH=/home/cgrundman/ros2_ws/build/my_py_pkg/prefix_override:/usr/lib/python3/dist-packages/colcon_core/task/python/colcon_distutils_commands:/home/cgrundman/ros2_ws/install/my_py_pkg/lib/python3.12/site-packages:${PYTHONPATH} /usr/bin/python3 -W ignore:setup.py install is deprecated -W ignore:easy_install command is deprecated setup.py egg_info --egg-base ../../build/my_py_pkg build --build-base /home/cgrundman/ros2_ws/build/my_py_pkg/build install --record /home/cgrundman/ros2_ws/build/my_py_pkg/install.log --single-version-externally-managed install_data --force
