[0.566s] Invoking command in '/home/cgrundman/ros2_ws/src/my_py_pkg': CMAKE_PREFIX_PATH=/home/cgrundman/ros2_ws/install/my_robot_interfaces:/home/cgrundman/ros2_ws/install/my_cpp_pkg:/opt/ros/jazzy/opt/gz_math_vendor:/opt/ros/jazzy/opt/gz_utils_vendor:/opt/ros/jazzy/opt/gz_cmake_vendor DEBUGINFOD_URLS=https://debuginfod.ubuntu.com PYTHONPATH=/home/cgrundman/ros2_ws/build/my_py_pkg/prefix_override:/usr/lib/python3/dist-packages/colcon_core/task/python/colcon_distutils_commands:/home/cgrundman/ros2_ws/install/my_py_pkg/lib/python3.12/site-packages:/home/cgrundman/ros2_ws/install/my_robot_interfaces/lib/python3.12/site-packages:/home/cgrundman/GitLab/python-icitdlas:/home/cgrundman/ros2_ws/build/my_py_pkg:/home/cgrundman/ros2_ws/install/my_py_pkg/lib/python3.12/site-packages:/opt/ros/jazzy/lib/python3.12/site-packages /usr/bin/python3 -W ignore:setup.py install is deprecated -W ignore:easy_install command is deprecated setup.py egg_info --egg-base ../../build/my_py_pkg build --build-base /home/cgrundman/ros2_ws/build/my_py_pkg/build install --record /home/cgrundman/ros2_ws/build/my_py_pkg/install.log --single-version-externally-managed install_data
[0.741s] running egg_info
[0.754s] writing ../../build/my_py_pkg/my_py_pkg.egg-info/PKG-INFO
[0.754s] writing dependency_links to ../../build/my_py_pkg/my_py_pkg.egg-info/dependency_links.txt
[0.754s] writing entry points to ../../build/my_py_pkg/my_py_pkg.egg-info/entry_points.txt
[0.754s] writing requirements to ../../build/my_py_pkg/my_py_pkg.egg-info/requires.txt
[0.755s] writing top-level names to ../../build/my_py_pkg/my_py_pkg.egg-info/top_level.txt
[0.780s] reading manifest file '../../build/my_py_pkg/my_py_pkg.egg-info/SOURCES.txt'
[0.780s] writing manifest file '../../build/my_py_pkg/my_py_pkg.egg-info/SOURCES.txt'
[0.781s] running build
[0.781s] running build_py
[0.781s] copying my_py_pkg/led_panel.py -> /home/cgrundman/ros2_ws/build/my_py_pkg/build/lib/my_py_pkg
[0.781s] running install
[0.786s] running install_lib
[0.799s] copying /home/cgrundman/ros2_ws/build/my_py_pkg/build/lib/my_py_pkg/led_panel.py -> /home/cgrundman/ros2_ws/install/my_py_pkg/lib/python3.12/site-packages/my_py_pkg
[0.799s] byte-compiling /home/cgrundman/ros2_ws/install/my_py_pkg/lib/python3.12/site-packages/my_py_pkg/led_panel.py to led_panel.cpython-312.pyc
[0.799s] running install_data
[0.799s] running install_egg_info
[0.813s] removing '/home/cgrundman/ros2_ws/install/my_py_pkg/lib/python3.12/site-packages/my_py_pkg-0.0.0-py3.12.egg-info' (and everything under it)
[0.813s] Copying ../../build/my_py_pkg/my_py_pkg.egg-info to /home/cgrundman/ros2_ws/install/my_py_pkg/lib/python3.12/site-packages/my_py_pkg-0.0.0-py3.12.egg-info
[0.814s] running install_scripts
[0.899s] Installing add_two_ints_client script to /home/cgrundman/ros2_ws/install/my_py_pkg/lib/my_py_pkg
[0.900s] Installing add_two_ints_client_no_oop script to /home/cgrundman/ros2_ws/install/my_py_pkg/lib/my_py_pkg
[0.900s] Installing add_two_ints_server script to /home/cgrundman/ros2_ws/install/my_py_pkg/lib/my_py_pkg
[0.900s] Installing hw_status_publisher script to /home/cgrundman/ros2_ws/install/my_py_pkg/lib/my_py_pkg
[0.900s] Installing led_panel script to /home/cgrundman/ros2_ws/install/my_py_pkg/lib/my_py_pkg
[0.900s] Installing number_counter script to /home/cgrundman/ros2_ws/install/my_py_pkg/lib/my_py_pkg
[0.900s] Installing number_publisher script to /home/cgrundman/ros2_ws/install/my_py_pkg/lib/my_py_pkg
[0.900s] Installing py_node script to /home/cgrundman/ros2_ws/install/my_py_pkg/lib/my_py_pkg
[0.900s] Installing robot_news_station script to /home/cgrundman/ros2_ws/install/my_py_pkg/lib/my_py_pkg
[0.901s] Installing smartphone script to /home/cgrundman/ros2_ws/install/my_py_pkg/lib/my_py_pkg
[0.901s] writing list of installed files to '/home/cgrundman/ros2_ws/build/my_py_pkg/install.log'
[0.921s] Invoked command in '/home/cgrundman/ros2_ws/src/my_py_pkg' returned '0': CMAKE_PREFIX_PATH=/home/cgrundman/ros2_ws/install/my_robot_interfaces:/home/cgrundman/ros2_ws/install/my_cpp_pkg:/opt/ros/jazzy/opt/gz_math_vendor:/opt/ros/jazzy/opt/gz_utils_vendor:/opt/ros/jazzy/opt/gz_cmake_vendor DEBUGINFOD_URLS=https://debuginfod.ubuntu.com PYTHONPATH=/home/cgrundman/ros2_ws/build/my_py_pkg/prefix_override:/usr/lib/python3/dist-packages/colcon_core/task/python/colcon_distutils_commands:/home/cgrundman/ros2_ws/install/my_py_pkg/lib/python3.12/site-packages:/home/cgrundman/ros2_ws/install/my_robot_interfaces/lib/python3.12/site-packages:/home/cgrundman/GitLab/python-icitdlas:/home/cgrundman/ros2_ws/build/my_py_pkg:/home/cgrundman/ros2_ws/install/my_py_pkg/lib/python3.12/site-packages:/opt/ros/jazzy/lib/python3.12/site-packages /usr/bin/python3 -W ignore:setup.py install is deprecated -W ignore:easy_install command is deprecated setup.py egg_info --egg-base ../../build/my_py_pkg build --build-base /home/cgrundman/ros2_ws/build/my_py_pkg/build install --record /home/cgrundman/ros2_ws/build/my_py_pkg/install.log --single-version-externally-managed install_data
