[0.008s] Invoking command in '/home/cgrundman/ros2_ws/src/build/my_robot_interfaces': CMAKE_PREFIX_PATH=${CMAKE_PREFIX_PATH}:/home/cgrundman/ros2_ws/install/my_py_pkg:/opt/ros/jazzy DEBUGINFOD_URLS=https://debuginfod.ubuntu.com /usr/bin/cmake /home/cgrundman/ros2_ws/src/my_robot_interfaces -DCMAKE_INSTALL_PREFIX=/home/cgrundman/ros2_ws/src/install/my_robot_interfaces
[0.018s] -- Found ament_cmake: 2.5.5 (/opt/ros/jazzy/share/ament_cmake/cmake)
[0.074s] -- Found Python3: /home/cgrundman/.pyenv/shims/python3 (found version "3.12.3") found components: Interpreter 
[0.169s] -- Found rosidl_default_generators: 1.6.0 (/opt/ros/jazzy/share/rosidl_default_generators/cmake)
[0.170s] -- Using all available rosidl_typesupport_c: rosidl_typesupport_fastrtps_c;rosidl_typesupport_introspection_c
[0.191s] -- Using all available rosidl_typesupport_cpp: rosidl_typesupport_fastrtps_cpp;rosidl_typesupport_introspection_cpp
[0.208s] -- Found rosidl_adapter: 4.6.7 (/opt/ros/jazzy/share/rosidl_adapter/cmake)
[0.582s] -- Found ament_cmake_ros: 0.12.0 (/opt/ros/jazzy/share/ament_cmake_ros/cmake)
[0.767s] -- Using all available rosidl_typesupport_c: rosidl_typesupport_fastrtps_c;rosidl_typesupport_introspection_c
[1.012s] -- Using all available rosidl_typesupport_cpp: rosidl_typesupport_fastrtps_cpp;rosidl_typesupport_introspection_cpp
[1.013s] -- Found python_cmake_module: 0.11.1 (/opt/ros/jazzy/share/python_cmake_module/cmake)
[1.363s] -- Found Python3: /home/cgrundman/.pyenv/shims/python3 (found version "3.12.3") found components: Interpreter Development NumPy Development.Module Development.Embed 
[1.373s] -- Configuring done (1.4s)
[1.390s] -- Generating done (0.0s)
[1.397s] -- Build files have been written to: /home/cgrundman/ros2_ws/src/build/my_robot_interfaces
[1.403s] Invoked command in '/home/cgrundman/ros2_ws/src/build/my_robot_interfaces' returned '0': CMAKE_PREFIX_PATH=${CMAKE_PREFIX_PATH}:/home/cgrundman/ros2_ws/install/my_py_pkg:/opt/ros/jazzy DEBUGINFOD_URLS=https://debuginfod.ubuntu.com /usr/bin/cmake /home/cgrundman/ros2_ws/src/my_robot_interfaces -DCMAKE_INSTALL_PREFIX=/home/cgrundman/ros2_ws/src/install/my_robot_interfaces
[1.405s] Invoking command in '/home/cgrundman/ros2_ws/src/build/my_robot_interfaces': CMAKE_PREFIX_PATH=${CMAKE_PREFIX_PATH}:/home/cgrundman/ros2_ws/install/my_py_pkg:/opt/ros/jazzy DEBUGINFOD_URLS=https://debuginfod.ubuntu.com /usr/bin/cmake --build /home/cgrundman/ros2_ws/src/build/my_robot_interfaces -- -j14 -l14
[1.449s] [  2%] Built target my_robot_interfaces__rosidl_generator_type_description
[1.456s] [  2%] Built target ament_cmake_python_copy_my_robot_interfaces
[1.466s] [  5%] Built target my_robot_interfaces__cpp
[1.467s] [ 20%] Built target my_robot_interfaces__rosidl_generator_c
[1.483s] [ 29%] Built target my_robot_interfaces__rosidl_typesupport_introspection_c
[1.484s] [ 38%] Built target my_robot_interfaces__rosidl_typesupport_cpp
[1.485s] [ 55%] Built target my_robot_interfaces__rosidl_typesupport_introspection_cpp
[1.486s] [ 55%] Built target my_robot_interfaces__rosidl_typesupport_c
[1.487s] [ 70%] Built target my_robot_interfaces__rosidl_typesupport_fastrtps_c
[1.487s] [ 73%] Built target my_robot_interfaces__rosidl_typesupport_fastrtps_cpp
[1.505s] [ 73%] Built target my_robot_interfaces
[1.524s] [ 76%] Built target my_robot_interfaces__py
[1.549s] [ 82%] Built target my_robot_interfaces__rosidl_generator_py
[1.566s] [ 88%] Built target my_robot_interfaces_s__rosidl_typesupport_c
[1.568s] [ 94%] Built target my_robot_interfaces_s__rosidl_typesupport_fastrtps_c
[1.568s] [100%] Built target my_robot_interfaces_s__rosidl_typesupport_introspection_c
[1.671s] running egg_info
[1.685s] writing my_robot_interfaces.egg-info/PKG-INFO
[1.685s] writing dependency_links to my_robot_interfaces.egg-info/dependency_links.txt
[1.685s] writing top-level names to my_robot_interfaces.egg-info/top_level.txt
[1.723s] reading manifest file 'my_robot_interfaces.egg-info/SOURCES.txt'
[1.724s] writing manifest file 'my_robot_interfaces.egg-info/SOURCES.txt'
[1.744s] [100%] Built target ament_cmake_python_build_my_robot_interfaces_egg
[1.755s] Invoked command in '/home/cgrundman/ros2_ws/src/build/my_robot_interfaces' returned '0': CMAKE_PREFIX_PATH=${CMAKE_PREFIX_PATH}:/home/cgrundman/ros2_ws/install/my_py_pkg:/opt/ros/jazzy DEBUGINFOD_URLS=https://debuginfod.ubuntu.com /usr/bin/cmake --build /home/cgrundman/ros2_ws/src/build/my_robot_interfaces -- -j14 -l14
[1.763s] Invoking command in '/home/cgrundman/ros2_ws/src/build/my_robot_interfaces': CMAKE_PREFIX_PATH=${CMAKE_PREFIX_PATH}:/home/cgrundman/ros2_ws/install/my_py_pkg:/opt/ros/jazzy DEBUGINFOD_URLS=https://debuginfod.ubuntu.com /usr/bin/cmake --install /home/cgrundman/ros2_ws/src/build/my_robot_interfaces
[1.768s] -- Install configuration: ""
[1.768s] -- Up-to-date: /home/cgrundman/ros2_ws/src/install/my_robot_interfaces/share/ament_index/resource_index/rosidl_interfaces/my_robot_interfaces
[1.768s] -- Up-to-date: /home/cgrundman/ros2_ws/src/install/my_robot_interfaces/share/my_robot_interfaces/msg/HardwareStatus.json
[1.768s] -- Up-to-date: /home/cgrundman/ros2_ws/src/install/my_robot_interfaces/include/my_robot_interfaces/my_robot_interfaces
[1.768s] -- Up-to-date: /home/cgrundman/ros2_ws/src/install/my_robot_interfaces/include/my_robot_interfaces/my_robot_interfaces/msg
[1.768s] -- Up-to-date: /home/cgrundman/ros2_ws/src/install/my_robot_interfaces/include/my_robot_interfaces/my_robot_interfaces/msg/rosidl_generator_c__visibility_control.h
[1.768s] -- Up-to-date: /home/cgrundman/ros2_ws/src/install/my_robot_interfaces/include/my_robot_interfaces/my_robot_interfaces/msg/hardware_status.h
[1.768s] -- Up-to-date: /home/cgrundman/ros2_ws/src/install/my_robot_interfaces/include/my_robot_interfaces/my_robot_interfaces/msg/detail
[1.769s] -- Up-to-date: /home/cgrundman/ros2_ws/src/install/my_robot_interfaces/include/my_robot_interfaces/my_robot_interfaces/msg/detail/hardware_status__description.c
[1.769s] -- Up-to-date: /home/cgrundman/ros2_ws/src/install/my_robot_interfaces/include/my_robot_interfaces/my_robot_interfaces/msg/detail/hardware_status__type_support.c
[1.769s] -- Up-to-date: /home/cgrundman/ros2_ws/src/install/my_robot_interfaces/include/my_robot_interfaces/my_robot_interfaces/msg/detail/hardware_status__type_support.h
[1.769s] -- Up-to-date: /home/cgrundman/ros2_ws/src/install/my_robot_interfaces/include/my_robot_interfaces/my_robot_interfaces/msg/detail/hardware_status__functions.c
[1.769s] -- Up-to-date: /home/cgrundman/ros2_ws/src/install/my_robot_interfaces/include/my_robot_interfaces/my_robot_interfaces/msg/detail/hardware_status__struct.h
[1.769s] -- Up-to-date: /home/cgrundman/ros2_ws/src/install/my_robot_interfaces/include/my_robot_interfaces/my_robot_interfaces/msg/detail/hardware_status__functions.h
[1.769s] -- Up-to-date: /home/cgrundman/ros2_ws/src/install/my_robot_interfaces/share/my_robot_interfaces/environment/library_path.sh
[1.769s] -- Up-to-date: /home/cgrundman/ros2_ws/src/install/my_robot_interfaces/share/my_robot_interfaces/environment/library_path.dsv
[1.769s] -- Up-to-date: /home/cgrundman/ros2_ws/src/install/my_robot_interfaces/lib/libmy_robot_interfaces__rosidl_generator_c.so
[1.769s] -- Up-to-date: /home/cgrundman/ros2_ws/src/install/my_robot_interfaces/include/my_robot_interfaces/my_robot_interfaces
[1.769s] -- Up-to-date: /home/cgrundman/ros2_ws/src/install/my_robot_interfaces/include/my_robot_interfaces/my_robot_interfaces/msg
[1.769s] -- Up-to-date: /home/cgrundman/ros2_ws/src/install/my_robot_interfaces/include/my_robot_interfaces/my_robot_interfaces/msg/rosidl_typesupport_fastrtps_c__visibility_control.h
[1.769s] -- Up-to-date: /home/cgrundman/ros2_ws/src/install/my_robot_interfaces/include/my_robot_interfaces/my_robot_interfaces/msg/detail
[1.770s] -- Up-to-date: /home/cgrundman/ros2_ws/src/install/my_robot_interfaces/include/my_robot_interfaces/my_robot_interfaces/msg/detail/hardware_status__rosidl_typesupport_fastrtps_c.h
[1.770s] -- Up-to-date: /home/cgrundman/ros2_ws/src/install/my_robot_interfaces/lib/libmy_robot_interfaces__rosidl_typesupport_fastrtps_c.so
[1.770s] -- Up-to-date: /home/cgrundman/ros2_ws/src/install/my_robot_interfaces/include/my_robot_interfaces/my_robot_interfaces
[1.770s] -- Up-to-date: /home/cgrundman/ros2_ws/src/install/my_robot_interfaces/include/my_robot_interfaces/my_robot_interfaces/msg
[1.770s] -- Up-to-date: /home/cgrundman/ros2_ws/src/install/my_robot_interfaces/include/my_robot_interfaces/my_robot_interfaces/msg/detail
[1.770s] -- Up-to-date: /home/cgrundman/ros2_ws/src/install/my_robot_interfaces/include/my_robot_interfaces/my_robot_interfaces/msg/detail/hardware_status__type_support.c
[1.770s] -- Up-to-date: /home/cgrundman/ros2_ws/src/install/my_robot_interfaces/include/my_robot_interfaces/my_robot_interfaces/msg/detail/hardware_status__rosidl_typesupport_introspection_c.h
[1.770s] -- Up-to-date: /home/cgrundman/ros2_ws/src/install/my_robot_interfaces/include/my_robot_interfaces/my_robot_interfaces/msg/rosidl_typesupport_introspection_c__visibility_control.h
[1.770s] -- Up-to-date: /home/cgrundman/ros2_ws/src/install/my_robot_interfaces/lib/libmy_robot_interfaces__rosidl_typesupport_introspection_c.so
[1.770s] -- Up-to-date: /home/cgrundman/ros2_ws/src/install/my_robot_interfaces/lib/libmy_robot_interfaces__rosidl_typesupport_c.so
[1.770s] -- Up-to-date: /home/cgrundman/ros2_ws/src/install/my_robot_interfaces/include/my_robot_interfaces/my_robot_interfaces
[1.770s] -- Up-to-date: /home/cgrundman/ros2_ws/src/install/my_robot_interfaces/include/my_robot_interfaces/my_robot_interfaces/msg
[1.770s] -- Up-to-date: /home/cgrundman/ros2_ws/src/install/my_robot_interfaces/include/my_robot_interfaces/my_robot_interfaces/msg/rosidl_generator_cpp__visibility_control.hpp
[1.770s] -- Up-to-date: /home/cgrundman/ros2_ws/src/install/my_robot_interfaces/include/my_robot_interfaces/my_robot_interfaces/msg/detail
[1.770s] -- Up-to-date: /home/cgrundman/ros2_ws/src/install/my_robot_interfaces/include/my_robot_interfaces/my_robot_interfaces/msg/detail/hardware_status__type_support.hpp
[1.770s] -- Up-to-date: /home/cgrundman/ros2_ws/src/install/my_robot_interfaces/include/my_robot_interfaces/my_robot_interfaces/msg/detail/hardware_status__struct.hpp
[1.770s] -- Up-to-date: /home/cgrundman/ros2_ws/src/install/my_robot_interfaces/include/my_robot_interfaces/my_robot_interfaces/msg/detail/hardware_status__traits.hpp
[1.771s] -- Up-to-date: /home/cgrundman/ros2_ws/src/install/my_robot_interfaces/include/my_robot_interfaces/my_robot_interfaces/msg/detail/hardware_status__builder.hpp
[1.771s] -- Up-to-date: /home/cgrundman/ros2_ws/src/install/my_robot_interfaces/include/my_robot_interfaces/my_robot_interfaces/msg/hardware_status.hpp
[1.771s] -- Up-to-date: /home/cgrundman/ros2_ws/src/install/my_robot_interfaces/include/my_robot_interfaces/my_robot_interfaces
[1.771s] -- Up-to-date: /home/cgrundman/ros2_ws/src/install/my_robot_interfaces/include/my_robot_interfaces/my_robot_interfaces/msg
[1.771s] -- Up-to-date: /home/cgrundman/ros2_ws/src/install/my_robot_interfaces/include/my_robot_interfaces/my_robot_interfaces/msg/rosidl_typesupport_fastrtps_cpp__visibility_control.h
[1.771s] -- Up-to-date: /home/cgrundman/ros2_ws/src/install/my_robot_interfaces/include/my_robot_interfaces/my_robot_interfaces/msg/detail
[1.771s] -- Up-to-date: /home/cgrundman/ros2_ws/src/install/my_robot_interfaces/include/my_robot_interfaces/my_robot_interfaces/msg/detail/hardware_status__rosidl_typesupport_fastrtps_cpp.hpp
[1.771s] -- Up-to-date: /home/cgrundman/ros2_ws/src/install/my_robot_interfaces/include/my_robot_interfaces/my_robot_interfaces/msg/detail/dds_fastrtps
[1.771s] -- Up-to-date: /home/cgrundman/ros2_ws/src/install/my_robot_interfaces/lib/libmy_robot_interfaces__rosidl_typesupport_fastrtps_cpp.so
[1.771s] -- Up-to-date: /home/cgrundman/ros2_ws/src/install/my_robot_interfaces/include/my_robot_interfaces/my_robot_interfaces
[1.771s] -- Up-to-date: /home/cgrundman/ros2_ws/src/install/my_robot_interfaces/include/my_robot_interfaces/my_robot_interfaces/msg
[1.771s] -- Up-to-date: /home/cgrundman/ros2_ws/src/install/my_robot_interfaces/include/my_robot_interfaces/my_robot_interfaces/msg/detail
[1.771s] -- Up-to-date: /home/cgrundman/ros2_ws/src/install/my_robot_interfaces/include/my_robot_interfaces/my_robot_interfaces/msg/detail/hardware_status__type_support.cpp
[1.771s] -- Up-to-date: /home/cgrundman/ros2_ws/src/install/my_robot_interfaces/include/my_robot_interfaces/my_robot_interfaces/msg/detail/hardware_status__rosidl_typesupport_introspection_cpp.hpp
[1.771s] -- Up-to-date: /home/cgrundman/ros2_ws/src/install/my_robot_interfaces/lib/libmy_robot_interfaces__rosidl_typesupport_introspection_cpp.so
[1.771s] -- Up-to-date: /home/cgrundman/ros2_ws/src/install/my_robot_interfaces/lib/libmy_robot_interfaces__rosidl_typesupport_cpp.so
[1.771s] -- Up-to-date: /home/cgrundman/ros2_ws/src/install/my_robot_interfaces/share/my_robot_interfaces/environment/pythonpath.sh
[1.771s] -- Up-to-date: /home/cgrundman/ros2_ws/src/install/my_robot_interfaces/share/my_robot_interfaces/environment/pythonpath.dsv
[1.772s] -- Up-to-date: /home/cgrundman/ros2_ws/src/install/my_robot_interfaces/lib/python3.12/site-packages/my_robot_interfaces-0.0.0-py3.12.egg-info
[1.772s] -- Installing: /home/cgrundman/ros2_ws/src/install/my_robot_interfaces/lib/python3.12/site-packages/my_robot_interfaces-0.0.0-py3.12.egg-info/SOURCES.txt
[1.772s] -- Installing: /home/cgrundman/ros2_ws/src/install/my_robot_interfaces/lib/python3.12/site-packages/my_robot_interfaces-0.0.0-py3.12.egg-info/PKG-INFO
[1.772s] -- Installing: /home/cgrundman/ros2_ws/src/install/my_robot_interfaces/lib/python3.12/site-packages/my_robot_interfaces-0.0.0-py3.12.egg-info/dependency_links.txt
[1.772s] -- Installing: /home/cgrundman/ros2_ws/src/install/my_robot_interfaces/lib/python3.12/site-packages/my_robot_interfaces-0.0.0-py3.12.egg-info/top_level.txt
[1.772s] -- Up-to-date: /home/cgrundman/ros2_ws/src/install/my_robot_interfaces/lib/python3.12/site-packages/my_robot_interfaces
[1.772s] -- Up-to-date: /home/cgrundman/ros2_ws/src/install/my_robot_interfaces/lib/python3.12/site-packages/my_robot_interfaces/msg
[1.772s] -- Up-to-date: /home/cgrundman/ros2_ws/src/install/my_robot_interfaces/lib/python3.12/site-packages/my_robot_interfaces/msg/__init__.py
[1.772s] -- Up-to-date: /home/cgrundman/ros2_ws/src/install/my_robot_interfaces/lib/python3.12/site-packages/my_robot_interfaces/msg/_hardware_status.py
[1.772s] -- Up-to-date: /home/cgrundman/ros2_ws/src/install/my_robot_interfaces/lib/python3.12/site-packages/my_robot_interfaces/msg/_hardware_status_s.c
[1.772s] -- Up-to-date: /home/cgrundman/ros2_ws/src/install/my_robot_interfaces/lib/python3.12/site-packages/my_robot_interfaces/my_robot_interfaces_s__rosidl_typesupport_c.so
[1.772s] -- Installing: /home/cgrundman/ros2_ws/src/install/my_robot_interfaces/lib/python3.12/site-packages/my_robot_interfaces/__init__.py
[1.772s] -- Up-to-date: /home/cgrundman/ros2_ws/src/install/my_robot_interfaces/lib/python3.12/site-packages/my_robot_interfaces/_my_robot_interfaces_s.ep.rosidl_typesupport_c.c
[1.772s] -- Up-to-date: /home/cgrundman/ros2_ws/src/install/my_robot_interfaces/lib/python3.12/site-packages/my_robot_interfaces/my_robot_interfaces_s__rosidl_typesupport_fastrtps_c.so
[1.772s] -- Up-to-date: /home/cgrundman/ros2_ws/src/install/my_robot_interfaces/lib/python3.12/site-packages/my_robot_interfaces/_my_robot_interfaces_s.ep.rosidl_typesupport_fastrtps_c.c
[1.773s] -- Up-to-date: /home/cgrundman/ros2_ws/src/install/my_robot_interfaces/lib/python3.12/site-packages/my_robot_interfaces/my_robot_interfaces_s__rosidl_typesupport_introspection_c.so
[1.773s] -- Up-to-date: /home/cgrundman/ros2_ws/src/install/my_robot_interfaces/lib/python3.12/site-packages/my_robot_interfaces/_my_robot_interfaces_s.ep.rosidl_typesupport_introspection_c.c
[1.830s] Listing '/home/cgrundman/ros2_ws/src/install/my_robot_interfaces/lib/python3.12/site-packages/my_robot_interfaces'...
[1.830s] Compiling '/home/cgrundman/ros2_ws/src/install/my_robot_interfaces/lib/python3.12/site-packages/my_robot_interfaces/__init__.py'...
[1.830s] Listing '/home/cgrundman/ros2_ws/src/install/my_robot_interfaces/lib/python3.12/site-packages/my_robot_interfaces/msg'...
[1.833s] -- Up-to-date: /home/cgrundman/ros2_ws/src/install/my_robot_interfaces/lib/python3.12/site-packages/my_robot_interfaces/my_robot_interfaces_s__rosidl_typesupport_fastrtps_c.so
[1.833s] -- Up-to-date: /home/cgrundman/ros2_ws/src/install/my_robot_interfaces/lib/python3.12/site-packages/my_robot_interfaces/my_robot_interfaces_s__rosidl_typesupport_introspection_c.so
[1.834s] -- Up-to-date: /home/cgrundman/ros2_ws/src/install/my_robot_interfaces/lib/python3.12/site-packages/my_robot_interfaces/my_robot_interfaces_s__rosidl_typesupport_c.so
[1.834s] -- Up-to-date: /home/cgrundman/ros2_ws/src/install/my_robot_interfaces/lib/libmy_robot_interfaces__rosidl_generator_py.so
[1.834s] -- Up-to-date: /home/cgrundman/ros2_ws/src/install/my_robot_interfaces/share/my_robot_interfaces/msg/HardwareStatus.idl
[1.834s] -- Up-to-date: /home/cgrundman/ros2_ws/src/install/my_robot_interfaces/share/my_robot_interfaces/msg/HardwareStatus.msg
[1.835s] -- Up-to-date: /home/cgrundman/ros2_ws/src/install/my_robot_interfaces/share/ament_index/resource_index/package_run_dependencies/my_robot_interfaces
[1.835s] -- Up-to-date: /home/cgrundman/ros2_ws/src/install/my_robot_interfaces/share/ament_index/resource_index/parent_prefix_path/my_robot_interfaces
[1.835s] -- Up-to-date: /home/cgrundman/ros2_ws/src/install/my_robot_interfaces/share/my_robot_interfaces/environment/ament_prefix_path.sh
[1.835s] -- Up-to-date: /home/cgrundman/ros2_ws/src/install/my_robot_interfaces/share/my_robot_interfaces/environment/ament_prefix_path.dsv
[1.835s] -- Up-to-date: /home/cgrundman/ros2_ws/src/install/my_robot_interfaces/share/my_robot_interfaces/environment/path.sh
[1.835s] -- Up-to-date: /home/cgrundman/ros2_ws/src/install/my_robot_interfaces/share/my_robot_interfaces/environment/path.dsv
[1.835s] -- Up-to-date: /home/cgrundman/ros2_ws/src/install/my_robot_interfaces/share/my_robot_interfaces/local_setup.bash
[1.835s] -- Up-to-date: /home/cgrundman/ros2_ws/src/install/my_robot_interfaces/share/my_robot_interfaces/local_setup.sh
[1.835s] -- Up-to-date: /home/cgrundman/ros2_ws/src/install/my_robot_interfaces/share/my_robot_interfaces/local_setup.zsh
[1.835s] -- Up-to-date: /home/cgrundman/ros2_ws/src/install/my_robot_interfaces/share/my_robot_interfaces/local_setup.dsv
[1.835s] -- Installing: /home/cgrundman/ros2_ws/src/install/my_robot_interfaces/share/my_robot_interfaces/package.dsv
[1.835s] -- Up-to-date: /home/cgrundman/ros2_ws/src/install/my_robot_interfaces/share/ament_index/resource_index/packages/my_robot_interfaces
[1.835s] -- Up-to-date: /home/cgrundman/ros2_ws/src/install/my_robot_interfaces/share/my_robot_interfaces/cmake/export_my_robot_interfaces__rosidl_generator_cExport.cmake
[1.835s] -- Up-to-date: /home/cgrundman/ros2_ws/src/install/my_robot_interfaces/share/my_robot_interfaces/cmake/export_my_robot_interfaces__rosidl_generator_cExport-noconfig.cmake
[1.836s] -- Up-to-date: /home/cgrundman/ros2_ws/src/install/my_robot_interfaces/share/my_robot_interfaces/cmake/export_my_robot_interfaces__rosidl_typesupport_fastrtps_cExport.cmake
[1.836s] -- Up-to-date: /home/cgrundman/ros2_ws/src/install/my_robot_interfaces/share/my_robot_interfaces/cmake/export_my_robot_interfaces__rosidl_typesupport_fastrtps_cExport-noconfig.cmake
[1.836s] -- Up-to-date: /home/cgrundman/ros2_ws/src/install/my_robot_interfaces/share/my_robot_interfaces/cmake/my_robot_interfaces__rosidl_typesupport_introspection_cExport.cmake
[1.836s] -- Up-to-date: /home/cgrundman/ros2_ws/src/install/my_robot_interfaces/share/my_robot_interfaces/cmake/my_robot_interfaces__rosidl_typesupport_introspection_cExport-noconfig.cmake
[1.836s] -- Up-to-date: /home/cgrundman/ros2_ws/src/install/my_robot_interfaces/share/my_robot_interfaces/cmake/my_robot_interfaces__rosidl_typesupport_cExport.cmake
[1.836s] -- Up-to-date: /home/cgrundman/ros2_ws/src/install/my_robot_interfaces/share/my_robot_interfaces/cmake/my_robot_interfaces__rosidl_typesupport_cExport-noconfig.cmake
[1.836s] -- Up-to-date: /home/cgrundman/ros2_ws/src/install/my_robot_interfaces/share/my_robot_interfaces/cmake/export_my_robot_interfaces__rosidl_generator_cppExport.cmake
[1.836s] -- Up-to-date: /home/cgrundman/ros2_ws/src/install/my_robot_interfaces/share/my_robot_interfaces/cmake/export_my_robot_interfaces__rosidl_typesupport_fastrtps_cppExport.cmake
[1.836s] -- Up-to-date: /home/cgrundman/ros2_ws/src/install/my_robot_interfaces/share/my_robot_interfaces/cmake/export_my_robot_interfaces__rosidl_typesupport_fastrtps_cppExport-noconfig.cmake
[1.836s] -- Up-to-date: /home/cgrundman/ros2_ws/src/install/my_robot_interfaces/share/my_robot_interfaces/cmake/my_robot_interfaces__rosidl_typesupport_introspection_cppExport.cmake
[1.836s] -- Up-to-date: /home/cgrundman/ros2_ws/src/install/my_robot_interfaces/share/my_robot_interfaces/cmake/my_robot_interfaces__rosidl_typesupport_introspection_cppExport-noconfig.cmake
[1.836s] -- Up-to-date: /home/cgrundman/ros2_ws/src/install/my_robot_interfaces/share/my_robot_interfaces/cmake/my_robot_interfaces__rosidl_typesupport_cppExport.cmake
[1.836s] -- Up-to-date: /home/cgrundman/ros2_ws/src/install/my_robot_interfaces/share/my_robot_interfaces/cmake/my_robot_interfaces__rosidl_typesupport_cppExport-noconfig.cmake
[1.837s] -- Up-to-date: /home/cgrundman/ros2_ws/src/install/my_robot_interfaces/share/my_robot_interfaces/cmake/export_my_robot_interfaces__rosidl_generator_pyExport.cmake
[1.837s] -- Up-to-date: /home/cgrundman/ros2_ws/src/install/my_robot_interfaces/share/my_robot_interfaces/cmake/export_my_robot_interfaces__rosidl_generator_pyExport-noconfig.cmake
[1.837s] -- Up-to-date: /home/cgrundman/ros2_ws/src/install/my_robot_interfaces/share/my_robot_interfaces/cmake/rosidl_cmake-extras.cmake
[1.837s] -- Up-to-date: /home/cgrundman/ros2_ws/src/install/my_robot_interfaces/share/my_robot_interfaces/cmake/ament_cmake_export_include_directories-extras.cmake
[1.837s] -- Up-to-date: /home/cgrundman/ros2_ws/src/install/my_robot_interfaces/share/my_robot_interfaces/cmake/ament_cmake_export_libraries-extras.cmake
[1.837s] -- Up-to-date: /home/cgrundman/ros2_ws/src/install/my_robot_interfaces/share/my_robot_interfaces/cmake/ament_cmake_export_targets-extras.cmake
[1.837s] -- Up-to-date: /home/cgrundman/ros2_ws/src/install/my_robot_interfaces/share/my_robot_interfaces/cmake/rosidl_cmake_export_typesupport_targets-extras.cmake
[1.837s] -- Up-to-date: /home/cgrundman/ros2_ws/src/install/my_robot_interfaces/share/my_robot_interfaces/cmake/ament_cmake_export_dependencies-extras.cmake
[1.837s] -- Up-to-date: /home/cgrundman/ros2_ws/src/install/my_robot_interfaces/share/my_robot_interfaces/cmake/rosidl_cmake_export_typesupport_libraries-extras.cmake
[1.837s] -- Up-to-date: /home/cgrundman/ros2_ws/src/install/my_robot_interfaces/share/my_robot_interfaces/cmake/my_robot_interfacesConfig.cmake
[1.837s] -- Up-to-date: /home/cgrundman/ros2_ws/src/install/my_robot_interfaces/share/my_robot_interfaces/cmake/my_robot_interfacesConfig-version.cmake
[1.837s] -- Up-to-date: /home/cgrundman/ros2_ws/src/install/my_robot_interfaces/share/my_robot_interfaces/package.xml
[1.838s] Invoked command in '/home/cgrundman/ros2_ws/src/build/my_robot_interfaces' returned '0': CMAKE_PREFIX_PATH=${CMAKE_PREFIX_PATH}:/home/cgrundman/ros2_ws/install/my_py_pkg:/opt/ros/jazzy DEBUGINFOD_URLS=https://debuginfod.ubuntu.com /usr/bin/cmake --install /home/cgrundman/ros2_ws/src/build/my_robot_interfaces
