[0.009s] Invoking command in '/home/cgrundman/ros2_ws/build/my_cpp_pkg': CMAKE_PREFIX_PATH=/home/cgrundman/ros2_ws/install/my_robot_interfaces:/home/cgrundman/ros2_ws/install/my_cpp_pkg:/opt/ros/jazzy/opt/gz_math_vendor:/opt/ros/jazzy/opt/gz_utils_vendor:/opt/ros/jazzy/opt/gz_cmake_vendor:/home/cgrundman/ros2_ws/install/my_py_pkg:/opt/ros/jazzy DEBUGINFOD_URLS=https://debuginfod.ubuntu.com PYTHONPATH=/home/cgrundman/ros2_ws/install/my_robot_interfaces/lib/python3.12/site-packages:/home/cgrundman/GitLab/python-icitdlas:/home/cgrundman/ros2_ws/build/my_py_pkg:/home/cgrundman/ros2_ws/install/my_py_pkg/lib/python3.12/site-packages:/opt/ros/jazzy/lib/python3.12/site-packages /usr/bin/cmake --build /home/cgrundman/ros2_ws/build/my_cpp_pkg -- -j14 -l14
[0.031s] -- Found ament_cmake: 2.5.5 (/opt/ros/jazzy/share/ament_cmake/cmake)
[0.515s] -- Found rclcpp: 28.1.16 (/opt/ros/jazzy/share/rclcpp/cmake)
[0.532s] -- Found rosidl_generator_c: 4.6.7 (/opt/ros/jazzy/share/rosidl_generator_c/cmake)
[0.538s] -- Found rosidl_generator_cpp: 4.6.7 (/opt/ros/jazzy/share/rosidl_generator_cpp/cmake)
[0.545s] -- Using all available rosidl_typesupport_c: rosidl_typesupport_fastrtps_c;rosidl_typesupport_introspection_c
[0.553s] -- Using all available rosidl_typesupport_cpp: rosidl_typesupport_fastrtps_cpp;rosidl_typesupport_introspection_cpp
[0.593s] -- Found rmw_implementation_cmake: 7.3.3 (/opt/ros/jazzy/share/rmw_implementation_cmake/cmake)
[0.594s] -- Found rmw_fastrtps_cpp: 8.4.3 (/opt/ros/jazzy/share/rmw_fastrtps_cpp/cmake)
[0.647s] -- Using RMW implementation 'rmw_fastrtps_cpp' as default
[0.695s] -- Found example_interfaces: 0.12.0 (/opt/ros/jazzy/share/example_interfaces/cmake)
[0.730s] -- Found my_robot_interfaces: 0.0.0 (/home/cgrundman/ros2_ws/install/my_robot_interfaces/share/my_robot_interfaces/cmake)
[0.850s] -- Configuring done (0.8s)
[0.872s] -- Generating done (0.0s)
[0.879s] -- Build files have been written to: /home/cgrundman/ros2_ws/build/my_cpp_pkg
[0.916s] [ 12%] Built target smartphone
[0.916s] [ 25%] Built target cpp_node
[0.917s] [ 56%] Built target robot_news_station
[0.917s] [ 50%] [32mBuilding CXX object CMakeFiles/hw_status_publisher.dir/src/hardware_status_publisher.cpp.o[0m
[0.917s] [ 56%] Built target add_two_ints_server
[0.918s] [ 81%] Built target node_name
[0.918s] [ 81%] Built target add_two_ints_client_oop
[0.920s] [ 93%] Built target add_two_ints_client_no_oop
[3.758s] [100%] [32m[1mLinking CXX executable hw_status_publisher[0m
[3.881s] [100%] Built target hw_status_publisher
[3.889s] Invoked command in '/home/cgrundman/ros2_ws/build/my_cpp_pkg' returned '0': CMAKE_PREFIX_PATH=/home/cgrundman/ros2_ws/install/my_robot_interfaces:/home/cgrundman/ros2_ws/install/my_cpp_pkg:/opt/ros/jazzy/opt/gz_math_vendor:/opt/ros/jazzy/opt/gz_utils_vendor:/opt/ros/jazzy/opt/gz_cmake_vendor:/home/cgrundman/ros2_ws/install/my_py_pkg:/opt/ros/jazzy DEBUGINFOD_URLS=https://debuginfod.ubuntu.com PYTHONPATH=/home/cgrundman/ros2_ws/install/my_robot_interfaces/lib/python3.12/site-packages:/home/cgrundman/GitLab/python-icitdlas:/home/cgrundman/ros2_ws/build/my_py_pkg:/home/cgrundman/ros2_ws/install/my_py_pkg/lib/python3.12/site-packages:/opt/ros/jazzy/lib/python3.12/site-packages /usr/bin/cmake --build /home/cgrundman/ros2_ws/build/my_cpp_pkg -- -j14 -l14
[3.890s] Invoking command in '/home/cgrundman/ros2_ws/build/my_cpp_pkg': CMAKE_PREFIX_PATH=/home/cgrundman/ros2_ws/install/my_robot_interfaces:/home/cgrundman/ros2_ws/install/my_cpp_pkg:/opt/ros/jazzy/opt/gz_math_vendor:/opt/ros/jazzy/opt/gz_utils_vendor:/opt/ros/jazzy/opt/gz_cmake_vendor:/home/cgrundman/ros2_ws/install/my_py_pkg:/opt/ros/jazzy DEBUGINFOD_URLS=https://debuginfod.ubuntu.com PYTHONPATH=/home/cgrundman/ros2_ws/install/my_robot_interfaces/lib/python3.12/site-packages:/home/cgrundman/GitLab/python-icitdlas:/home/cgrundman/ros2_ws/build/my_py_pkg:/home/cgrundman/ros2_ws/install/my_py_pkg/lib/python3.12/site-packages:/opt/ros/jazzy/lib/python3.12/site-packages /usr/bin/cmake --install /home/cgrundman/ros2_ws/build/my_cpp_pkg
[3.897s] -- Install configuration: ""
[3.898s] -- Up-to-date: /home/cgrundman/ros2_ws/install/my_cpp_pkg/lib/my_cpp_pkg/cpp_node
[3.898s] -- Up-to-date: /home/cgrundman/ros2_ws/install/my_cpp_pkg/lib/my_cpp_pkg/robot_news_station
[3.899s] -- Up-to-date: /home/cgrundman/ros2_ws/install/my_cpp_pkg/lib/my_cpp_pkg/smartphone
[3.899s] -- Up-to-date: /home/cgrundman/ros2_ws/install/my_cpp_pkg/lib/my_cpp_pkg/add_two_ints_server
[3.900s] -- Up-to-date: /home/cgrundman/ros2_ws/install/my_cpp_pkg/lib/my_cpp_pkg/add_two_ints_client_no_oop
[3.900s] -- Up-to-date: /home/cgrundman/ros2_ws/install/my_cpp_pkg/lib/my_cpp_pkg/add_two_ints_client_oop
[3.901s] -- Installing: /home/cgrundman/ros2_ws/install/my_cpp_pkg/lib/my_cpp_pkg/hw_status_publisher
[3.903s] -- Set non-toolchain portion of runtime path of "/home/cgrundman/ros2_ws/install/my_cpp_pkg/lib/my_cpp_pkg/hw_status_publisher" to ""
[3.903s] -- Up-to-date: /home/cgrundman/ros2_ws/install/my_cpp_pkg/share/ament_index/resource_index/package_run_dependencies/my_cpp_pkg
[3.903s] -- Installing: /home/cgrundman/ros2_ws/install/my_cpp_pkg/share/ament_index/resource_index/parent_prefix_path/my_cpp_pkg
[3.903s] -- Up-to-date: /home/cgrundman/ros2_ws/install/my_cpp_pkg/share/my_cpp_pkg/environment/ament_prefix_path.sh
[3.903s] -- Up-to-date: /home/cgrundman/ros2_ws/install/my_cpp_pkg/share/my_cpp_pkg/environment/ament_prefix_path.dsv
[3.903s] -- Up-to-date: /home/cgrundman/ros2_ws/install/my_cpp_pkg/share/my_cpp_pkg/environment/path.sh
[3.903s] -- Up-to-date: /home/cgrundman/ros2_ws/install/my_cpp_pkg/share/my_cpp_pkg/environment/path.dsv
[3.903s] -- Up-to-date: /home/cgrundman/ros2_ws/install/my_cpp_pkg/share/my_cpp_pkg/local_setup.bash
[3.903s] -- Up-to-date: /home/cgrundman/ros2_ws/install/my_cpp_pkg/share/my_cpp_pkg/local_setup.sh
[3.903s] -- Up-to-date: /home/cgrundman/ros2_ws/install/my_cpp_pkg/share/my_cpp_pkg/local_setup.zsh
[3.903s] -- Up-to-date: /home/cgrundman/ros2_ws/install/my_cpp_pkg/share/my_cpp_pkg/local_setup.dsv
[3.903s] -- Installing: /home/cgrundman/ros2_ws/install/my_cpp_pkg/share/my_cpp_pkg/package.dsv
[3.903s] -- Up-to-date: /home/cgrundman/ros2_ws/install/my_cpp_pkg/share/ament_index/resource_index/packages/my_cpp_pkg
[3.903s] -- Up-to-date: /home/cgrundman/ros2_ws/install/my_cpp_pkg/share/my_cpp_pkg/cmake/my_cpp_pkgConfig.cmake
[3.903s] -- Up-to-date: /home/cgrundman/ros2_ws/install/my_cpp_pkg/share/my_cpp_pkg/cmake/my_cpp_pkgConfig-version.cmake
[3.904s] -- Up-to-date: /home/cgrundman/ros2_ws/install/my_cpp_pkg/share/my_cpp_pkg/package.xml
[3.905s] Invoked command in '/home/cgrundman/ros2_ws/build/my_cpp_pkg' returned '0': CMAKE_PREFIX_PATH=/home/cgrundman/ros2_ws/install/my_robot_interfaces:/home/cgrundman/ros2_ws/install/my_cpp_pkg:/opt/ros/jazzy/opt/gz_math_vendor:/opt/ros/jazzy/opt/gz_utils_vendor:/opt/ros/jazzy/opt/gz_cmake_vendor:/home/cgrundman/ros2_ws/install/my_py_pkg:/opt/ros/jazzy DEBUGINFOD_URLS=https://debuginfod.ubuntu.com PYTHONPATH=/home/cgrundman/ros2_ws/install/my_robot_interfaces/lib/python3.12/site-packages:/home/cgrundman/GitLab/python-icitdlas:/home/cgrundman/ros2_ws/build/my_py_pkg:/home/cgrundman/ros2_ws/install/my_py_pkg/lib/python3.12/site-packages:/opt/ros/jazzy/lib/python3.12/site-packages /usr/bin/cmake --install /home/cgrundman/ros2_ws/build/my_cpp_pkg
