[0.011s] Invoking command in '/home/cgrundman/ros2_ws/build/my_robot_interfaces': CMAKE_PREFIX_PATH=${CMAKE_PREFIX_PATH}:/home/cgrundman/ros2_ws/install/my_py_pkg:/opt/ros/jazzy DEBUGINFOD_URLS=https://debuginfod.ubuntu.com /usr/bin/cmake --build /home/cgrundman/ros2_ws/build/my_robot_interfaces -- -j14 -l14
[0.037s] -- Found ament_cmake: 2.5.5 (/opt/ros/jazzy/share/ament_cmake/cmake)
[0.188s] -- Found rosidl_default_generators: 1.6.0 (/opt/ros/jazzy/share/rosidl_default_generators/cmake)
[0.189s] -- Using all available rosidl_typesupport_c: rosidl_typesupport_fastrtps_c;rosidl_typesupport_introspection_c
[0.211s] -- Using all available rosidl_typesupport_cpp: rosidl_typesupport_fastrtps_cpp;rosidl_typesupport_introspection_cpp
[0.227s] -- Found rosidl_adapter: 4.6.7 (/opt/ros/jazzy/share/rosidl_adapter/cmake)
[0.634s] -- Found ament_cmake_ros: 0.12.0 (/opt/ros/jazzy/share/ament_cmake_ros/cmake)
[0.820s] -- Using all available rosidl_typesupport_c: rosidl_typesupport_fastrtps_c;rosidl_typesupport_introspection_c
[1.077s] -- Using all available rosidl_typesupport_cpp: rosidl_typesupport_fastrtps_cpp;rosidl_typesupport_introspection_cpp
[1.078s] -- Found python_cmake_module: 0.11.1 (/opt/ros/jazzy/share/python_cmake_module/cmake)
[1.456s] -- Found Python3: /home/cgrundman/.pyenv/shims/python3 (found version "3.12.3") found components: Interpreter Development NumPy Development.Module Development.Embed 
[1.468s] -- Configuring done (1.4s)
[1.490s] -- Generating done (0.0s)
[1.497s] -- Build files have been written to: /home/cgrundman/ros2_ws/build/my_robot_interfaces
[1.528s] [  1%] [34m[1mGenerating type hashes for ROS interfaces[0m
[1.534s] [  1%] Built target ament_cmake_python_copy_my_robot_interfaces
[1.709s] running egg_info
[1.714s] [  1%] Built target my_robot_interfaces__rosidl_generator_type_description
[1.722s] writing my_robot_interfaces.egg-info/PKG-INFO
[1.722s] writing dependency_links to my_robot_interfaces.egg-info/dependency_links.txt
[1.722s] writing top-level names to my_robot_interfaces.egg-info/top_level.txt
[1.724s] [  3%] [34m[1mGenerating C code for ROS interfaces[0m
[1.733s] [  5%] [34m[1mGenerating C++ code for ROS interfaces[0m
[1.760s] reading manifest file 'my_robot_interfaces.egg-info/SOURCES.txt'
[1.760s] writing manifest file 'my_robot_interfaces.egg-info/SOURCES.txt'
[1.783s] [  5%] Built target ament_cmake_python_build_my_robot_interfaces_egg
[1.997s] [  5%] Built target my_robot_interfaces__cpp
[2.029s] [  9%] [32mBuilding C object CMakeFiles/my_robot_interfaces__rosidl_generator_c.dir/rosidl_generator_c/my_robot_interfaces/msg/detail/led_panel_state__type_support.c.o[0m
[2.030s] [  9%] [32mBuilding C object CMakeFiles/my_robot_interfaces__rosidl_generator_c.dir/rosidl_generator_c/my_robot_interfaces/srv/detail/compute_rectangle_area__description.c.o[0m
[2.030s] [ 12%] [32mBuilding C object CMakeFiles/my_robot_interfaces__rosidl_generator_c.dir/rosidl_generator_c/my_robot_interfaces/msg/detail/hardware_status__description.c.o[0m
[2.030s] [ 12%] [32mBuilding C object CMakeFiles/my_robot_interfaces__rosidl_generator_c.dir/rosidl_generator_c/my_robot_interfaces/msg/detail/hardware_status__functions.c.o[0m
[2.030s] [ 16%] [32mBuilding C object CMakeFiles/my_robot_interfaces__rosidl_generator_c.dir/rosidl_generator_c/my_robot_interfaces/msg/detail/hardware_status__type_support.c.o[0m
[2.030s] [ 16%] [32mBuilding C object CMakeFiles/my_robot_interfaces__rosidl_generator_c.dir/rosidl_generator_c/my_robot_interfaces/msg/detail/led_panel_state__description.c.o[0m
[2.031s] [ 18%] [32mBuilding C object CMakeFiles/my_robot_interfaces__rosidl_generator_c.dir/rosidl_generator_c/my_robot_interfaces/msg/detail/led_panel_state__functions.c.o[0m
[2.032s] [ 20%] [32mBuilding C object CMakeFiles/my_robot_interfaces__rosidl_generator_c.dir/rosidl_generator_c/my_robot_interfaces/srv/detail/compute_rectangle_area__type_support.c.o[0m
[2.032s] [ 22%] [32mBuilding C object CMakeFiles/my_robot_interfaces__rosidl_generator_c.dir/rosidl_generator_c/my_robot_interfaces/srv/detail/compute_rectangle_area__functions.c.o[0m
[2.091s] [ 24%] [32m[1mLinking C shared library libmy_robot_interfaces__rosidl_generator_c.so[0m
[2.121s] [ 24%] Built target my_robot_interfaces__rosidl_generator_c
[2.128s] [ 25%] [34m[1mGenerating C introspection for ROS interfaces[0m
[2.129s] [ 27%] [34m[1mGenerating C++ type support dispatch for ROS interfaces[0m
[2.129s] [ 31%] [34m[1mGenerating C type support for eProsima Fast-RTPS[0m
[2.130s] [ 31%] [34m[1mGenerating C type support dispatch for ROS interfaces[0m
[2.130s] [ 35%] [34m[1mGenerating C++ introspection for ROS interfaces[0m
[2.130s] [ 35%] [34m[1mGenerating C++ type support for eProsima Fast-RTPS[0m
[2.420s] [ 37%] [32mBuilding CXX object CMakeFiles/my_robot_interfaces__rosidl_typesupport_cpp.dir/rosidl_typesupport_cpp/my_robot_interfaces/msg/hardware_status__type_support.cpp.o[0m
[2.426s] [ 40%] [32mBuilding CXX object CMakeFiles/my_robot_interfaces__rosidl_typesupport_cpp.dir/rosidl_typesupport_cpp/my_robot_interfaces/srv/compute_rectangle_area__type_support.cpp.o[0m
[2.426s] [ 40%] [32mBuilding CXX object CMakeFiles/my_robot_interfaces__rosidl_typesupport_cpp.dir/rosidl_typesupport_cpp/my_robot_interfaces/msg/led_panel_state__type_support.cpp.o[0m
[2.433s] [ 44%] [32mBuilding CXX object CMakeFiles/my_robot_interfaces__rosidl_typesupport_fastrtps_cpp.dir/rosidl_typesupport_fastrtps_cpp/my_robot_interfaces/msg/detail/dds_fastrtps/hardware_status__type_support.cpp.o[0m
[2.434s] [ 44%] [32mBuilding CXX object CMakeFiles/my_robot_interfaces__rosidl_typesupport_fastrtps_cpp.dir/rosidl_typesupport_fastrtps_cpp/my_robot_interfaces/msg/detail/dds_fastrtps/led_panel_state__type_support.cpp.o[0m
[2.434s] [ 46%] [32mBuilding CXX object CMakeFiles/my_robot_interfaces__rosidl_typesupport_fastrtps_cpp.dir/rosidl_typesupport_fastrtps_cpp/my_robot_interfaces/srv/detail/dds_fastrtps/compute_rectangle_area__type_support.cpp.o[0m
[2.435s] [ 48%] [32mBuilding CXX object CMakeFiles/my_robot_interfaces__rosidl_typesupport_fastrtps_c.dir/rosidl_typesupport_fastrtps_c/my_robot_interfaces/srv/detail/compute_rectangle_area__type_support_c.cpp.o[0m
[2.438s] [ 50%] [32mBuilding CXX object CMakeFiles/my_robot_interfaces__rosidl_typesupport_fastrtps_c.dir/rosidl_typesupport_fastrtps_c/my_robot_interfaces/msg/detail/hardware_status__type_support_c.cpp.o[0m
[2.443s] [ 51%] [32mBuilding CXX object CMakeFiles/my_robot_interfaces__rosidl_typesupport_fastrtps_c.dir/rosidl_typesupport_fastrtps_c/my_robot_interfaces/msg/detail/led_panel_state__type_support_c.cpp.o[0m
[2.448s] [ 53%] [32mBuilding CXX object CMakeFiles/my_robot_interfaces__rosidl_typesupport_c.dir/rosidl_typesupport_c/my_robot_interfaces/msg/hardware_status__type_support.cpp.o[0m
[2.448s] [ 55%] [32mBuilding CXX object CMakeFiles/my_robot_interfaces__rosidl_typesupport_introspection_cpp.dir/rosidl_typesupport_introspection_cpp/my_robot_interfaces/msg/detail/hardware_status__type_support.cpp.o[0m
[2.450s] [ 57%] [32mBuilding CXX object CMakeFiles/my_robot_interfaces__rosidl_typesupport_c.dir/rosidl_typesupport_c/my_robot_interfaces/srv/compute_rectangle_area__type_support.cpp.o[0m
[2.457s] [ 59%] [32mBuilding CXX object CMakeFiles/my_robot_interfaces__rosidl_typesupport_c.dir/rosidl_typesupport_c/my_robot_interfaces/msg/led_panel_state__type_support.cpp.o[0m
[2.501s] [ 61%] [32mBuilding CXX object CMakeFiles/my_robot_interfaces__rosidl_typesupport_introspection_cpp.dir/rosidl_typesupport_introspection_cpp/my_robot_interfaces/msg/detail/led_panel_state__type_support.cpp.o[0m
[2.501s] [ 62%] [32mBuilding CXX object CMakeFiles/my_robot_interfaces__rosidl_typesupport_introspection_cpp.dir/rosidl_typesupport_introspection_cpp/my_robot_interfaces/srv/detail/compute_rectangle_area__type_support.cpp.o[0m
[2.526s] [ 64%] [32m[1mLinking CXX shared library libmy_robot_interfaces__rosidl_typesupport_c.so[0m
[2.528s] [ 66%] [32mBuilding C object CMakeFiles/my_robot_interfaces__rosidl_typesupport_introspection_c.dir/rosidl_typesupport_introspection_c/my_robot_interfaces/msg/detail/hardware_status__type_support.c.o[0m
[2.575s] [ 68%] [32mBuilding C object CMakeFiles/my_robot_interfaces__rosidl_typesupport_introspection_c.dir/rosidl_typesupport_introspection_c/my_robot_interfaces/msg/detail/led_panel_state__type_support.c.o[0m
[2.600s] [ 68%] Built target my_robot_interfaces__rosidl_typesupport_c
[2.618s] [ 70%] [32mBuilding C object CMakeFiles/my_robot_interfaces__rosidl_typesupport_introspection_c.dir/rosidl_typesupport_introspection_c/my_robot_interfaces/srv/detail/compute_rectangle_area__type_support.c.o[0m
[2.707s] [ 72%] [32m[1mLinking C shared library libmy_robot_interfaces__rosidl_typesupport_introspection_c.so[0m
[2.746s] [ 72%] Built target my_robot_interfaces__rosidl_typesupport_introspection_c
[2.889s] [ 74%] [32m[1mLinking CXX shared library libmy_robot_interfaces__rosidl_typesupport_cpp.so[0m
[2.904s] [ 75%] [32m[1mLinking CXX shared library libmy_robot_interfaces__rosidl_typesupport_introspection_cpp.so[0m
[2.950s] [ 75%] Built target my_robot_interfaces__rosidl_typesupport_cpp
[2.987s] [ 77%] [32m[1mLinking CXX shared library libmy_robot_interfaces__rosidl_typesupport_fastrtps_c.so[0m
[3.006s] [ 77%] Built target my_robot_interfaces__rosidl_typesupport_introspection_cpp
[3.042s] [ 77%] Built target my_robot_interfaces__rosidl_typesupport_fastrtps_c
[3.085s] [ 79%] [32m[1mLinking CXX shared library libmy_robot_interfaces__rosidl_typesupport_fastrtps_cpp.so[0m
[3.140s] [ 79%] Built target my_robot_interfaces__rosidl_typesupport_fastrtps_cpp
[3.156s] [ 79%] Built target my_robot_interfaces
[3.171s] [ 81%] [34m[1mGenerating Python code for ROS interfaces[0m
[3.502s] [ 81%] Built target my_robot_interfaces__py
[3.520s] [ 83%] [32mBuilding C object CMakeFiles/my_robot_interfaces__rosidl_generator_py.dir/rosidl_generator_py/my_robot_interfaces/msg/_led_panel_state_s.c.o[0m
[3.521s] [ 87%] [32mBuilding C object CMakeFiles/my_robot_interfaces__rosidl_generator_py.dir/rosidl_generator_py/my_robot_interfaces/srv/_compute_rectangle_area_s.c.o[0m
[3.521s] [ 87%] [32mBuilding C object CMakeFiles/my_robot_interfaces__rosidl_generator_py.dir/rosidl_generator_py/my_robot_interfaces/msg/_hardware_status_s.c.o[0m
[3.622s] [ 88%] [32m[1mLinking C shared library libmy_robot_interfaces__rosidl_generator_py.so[0m
[3.650s] [ 88%] Built target my_robot_interfaces__rosidl_generator_py
[3.669s] [ 90%] [32mBuilding C object CMakeFiles/my_robot_interfaces_s__rosidl_typesupport_introspection_c.dir/rosidl_generator_py/my_robot_interfaces/_my_robot_interfaces_s.ep.rosidl_typesupport_introspection_c.c.o[0m
[3.669s] [ 94%] [32mBuilding C object CMakeFiles/my_robot_interfaces_s__rosidl_typesupport_c.dir/rosidl_generator_py/my_robot_interfaces/_my_robot_interfaces_s.ep.rosidl_typesupport_c.c.o[0m
[3.669s] [ 94%] [32mBuilding C object CMakeFiles/my_robot_interfaces_s__rosidl_typesupport_fastrtps_c.dir/rosidl_generator_py/my_robot_interfaces/_my_robot_interfaces_s.ep.rosidl_typesupport_fastrtps_c.c.o[0m
[3.741s] [ 98%] [32m[1mLinking C shared module rosidl_generator_py/my_robot_interfaces/my_robot_interfaces_s__rosidl_typesupport_fastrtps_c.so[0m
[3.741s] [ 98%] [32m[1mLinking C shared module rosidl_generator_py/my_robot_interfaces/my_robot_interfaces_s__rosidl_typesupport_c.so[0m
[3.766s] [ 98%] Built target my_robot_interfaces_s__rosidl_typesupport_fastrtps_c
[3.767s] [ 98%] Built target my_robot_interfaces_s__rosidl_typesupport_c
[3.769s] [100%] [32m[1mLinking C shared module rosidl_generator_py/my_robot_interfaces/my_robot_interfaces_s__rosidl_typesupport_introspection_c.so[0m
[3.795s] [100%] Built target my_robot_interfaces_s__rosidl_typesupport_introspection_c
[3.805s] Invoked command in '/home/cgrundman/ros2_ws/build/my_robot_interfaces' returned '0': CMAKE_PREFIX_PATH=${CMAKE_PREFIX_PATH}:/home/cgrundman/ros2_ws/install/my_py_pkg:/opt/ros/jazzy DEBUGINFOD_URLS=https://debuginfod.ubuntu.com /usr/bin/cmake --build /home/cgrundman/ros2_ws/build/my_robot_interfaces -- -j14 -l14
[3.814s] Invoking command in '/home/cgrundman/ros2_ws/build/my_robot_interfaces': CMAKE_PREFIX_PATH=${CMAKE_PREFIX_PATH}:/home/cgrundman/ros2_ws/install/my_py_pkg:/opt/ros/jazzy DEBUGINFOD_URLS=https://debuginfod.ubuntu.com /usr/bin/cmake --install /home/cgrundman/ros2_ws/build/my_robot_interfaces
[3.820s] -- Install configuration: ""
[3.820s] -- Installing: /home/cgrundman/ros2_ws/install/my_robot_interfaces/share/ament_index/resource_index/rosidl_interfaces/my_robot_interfaces
[3.820s] -- Installing: /home/cgrundman/ros2_ws/install/my_robot_interfaces/share/my_robot_interfaces/msg/HardwareStatus.json
[3.820s] -- Installing: /home/cgrundman/ros2_ws/install/my_robot_interfaces/share/my_robot_interfaces/msg/LEDPanelState.json
[3.820s] -- Installing: /home/cgrundman/ros2_ws/install/my_robot_interfaces/share/my_robot_interfaces/srv/ComputeRectangleArea.json
[3.820s] -- Up-to-date: /home/cgrundman/ros2_ws/install/my_robot_interfaces/include/my_robot_interfaces/my_robot_interfaces
[3.820s] -- Up-to-date: /home/cgrundman/ros2_ws/install/my_robot_interfaces/include/my_robot_interfaces/my_robot_interfaces/msg
[3.820s] -- Up-to-date: /home/cgrundman/ros2_ws/install/my_robot_interfaces/include/my_robot_interfaces/my_robot_interfaces/msg/rosidl_generator_c__visibility_control.h
[3.820s] -- Installing: /home/cgrundman/ros2_ws/install/my_robot_interfaces/include/my_robot_interfaces/my_robot_interfaces/msg/led_panel_state.h
[3.820s] -- Installing: /home/cgrundman/ros2_ws/install/my_robot_interfaces/include/my_robot_interfaces/my_robot_interfaces/msg/hardware_status.h
[3.820s] -- Up-to-date: /home/cgrundman/ros2_ws/install/my_robot_interfaces/include/my_robot_interfaces/my_robot_interfaces/msg/detail
[3.820s] -- Installing: /home/cgrundman/ros2_ws/install/my_robot_interfaces/include/my_robot_interfaces/my_robot_interfaces/msg/detail/led_panel_state__functions.h
[3.820s] -- Installing: /home/cgrundman/ros2_ws/install/my_robot_interfaces/include/my_robot_interfaces/my_robot_interfaces/msg/detail/hardware_status__description.c
[3.821s] -- Installing: /home/cgrundman/ros2_ws/install/my_robot_interfaces/include/my_robot_interfaces/my_robot_interfaces/msg/detail/led_panel_state__description.c
[3.821s] -- Installing: /home/cgrundman/ros2_ws/install/my_robot_interfaces/include/my_robot_interfaces/my_robot_interfaces/msg/detail/hardware_status__type_support.c
[3.821s] -- Installing: /home/cgrundman/ros2_ws/install/my_robot_interfaces/include/my_robot_interfaces/my_robot_interfaces/msg/detail/led_panel_state__type_support.c
[3.821s] -- Installing: /home/cgrundman/ros2_ws/install/my_robot_interfaces/include/my_robot_interfaces/my_robot_interfaces/msg/detail/hardware_status__type_support.h
[3.821s] -- Installing: /home/cgrundman/ros2_ws/install/my_robot_interfaces/include/my_robot_interfaces/my_robot_interfaces/msg/detail/hardware_status__functions.c
[3.821s] -- Installing: /home/cgrundman/ros2_ws/install/my_robot_interfaces/include/my_robot_interfaces/my_robot_interfaces/msg/detail/hardware_status__struct.h
[3.821s] -- Installing: /home/cgrundman/ros2_ws/install/my_robot_interfaces/include/my_robot_interfaces/my_robot_interfaces/msg/detail/led_panel_state__functions.c
[3.821s] -- Installing: /home/cgrundman/ros2_ws/install/my_robot_interfaces/include/my_robot_interfaces/my_robot_interfaces/msg/detail/hardware_status__functions.h
[3.821s] -- Installing: /home/cgrundman/ros2_ws/install/my_robot_interfaces/include/my_robot_interfaces/my_robot_interfaces/msg/detail/led_panel_state__struct.h
[3.821s] -- Installing: /home/cgrundman/ros2_ws/install/my_robot_interfaces/include/my_robot_interfaces/my_robot_interfaces/msg/detail/led_panel_state__type_support.h
[3.821s] -- Up-to-date: /home/cgrundman/ros2_ws/install/my_robot_interfaces/include/my_robot_interfaces/my_robot_interfaces/srv
[3.821s] -- Installing: /home/cgrundman/ros2_ws/install/my_robot_interfaces/include/my_robot_interfaces/my_robot_interfaces/srv/compute_rectangle_area.h
[3.821s] -- Up-to-date: /home/cgrundman/ros2_ws/install/my_robot_interfaces/include/my_robot_interfaces/my_robot_interfaces/srv/detail
[3.821s] -- Installing: /home/cgrundman/ros2_ws/install/my_robot_interfaces/include/my_robot_interfaces/my_robot_interfaces/srv/detail/compute_rectangle_area__type_support.h
[3.821s] -- Installing: /home/cgrundman/ros2_ws/install/my_robot_interfaces/include/my_robot_interfaces/my_robot_interfaces/srv/detail/compute_rectangle_area__type_support.c
[3.821s] -- Installing: /home/cgrundman/ros2_ws/install/my_robot_interfaces/include/my_robot_interfaces/my_robot_interfaces/srv/detail/compute_rectangle_area__functions.h
[3.821s] -- Installing: /home/cgrundman/ros2_ws/install/my_robot_interfaces/include/my_robot_interfaces/my_robot_interfaces/srv/detail/compute_rectangle_area__description.c
[3.821s] -- Installing: /home/cgrundman/ros2_ws/install/my_robot_interfaces/include/my_robot_interfaces/my_robot_interfaces/srv/detail/compute_rectangle_area__functions.c
[3.821s] -- Installing: /home/cgrundman/ros2_ws/install/my_robot_interfaces/include/my_robot_interfaces/my_robot_interfaces/srv/detail/compute_rectangle_area__struct.h
[3.821s] -- Up-to-date: /home/cgrundman/ros2_ws/install/my_robot_interfaces/share/my_robot_interfaces/environment/library_path.sh
[3.821s] -- Up-to-date: /home/cgrundman/ros2_ws/install/my_robot_interfaces/share/my_robot_interfaces/environment/library_path.dsv
[3.821s] -- Installing: /home/cgrundman/ros2_ws/install/my_robot_interfaces/lib/libmy_robot_interfaces__rosidl_generator_c.so
[3.821s] -- Set non-toolchain portion of runtime path of "/home/cgrundman/ros2_ws/install/my_robot_interfaces/lib/libmy_robot_interfaces__rosidl_generator_c.so" to ""
[3.821s] -- Up-to-date: /home/cgrundman/ros2_ws/install/my_robot_interfaces/include/my_robot_interfaces/my_robot_interfaces
[3.822s] -- Up-to-date: /home/cgrundman/ros2_ws/install/my_robot_interfaces/include/my_robot_interfaces/my_robot_interfaces/msg
[3.822s] -- Up-to-date: /home/cgrundman/ros2_ws/install/my_robot_interfaces/include/my_robot_interfaces/my_robot_interfaces/msg/rosidl_typesupport_fastrtps_c__visibility_control.h
[3.822s] -- Up-to-date: /home/cgrundman/ros2_ws/install/my_robot_interfaces/include/my_robot_interfaces/my_robot_interfaces/msg/detail
[3.822s] -- Installing: /home/cgrundman/ros2_ws/install/my_robot_interfaces/include/my_robot_interfaces/my_robot_interfaces/msg/detail/hardware_status__rosidl_typesupport_fastrtps_c.h
[3.822s] -- Installing: /home/cgrundman/ros2_ws/install/my_robot_interfaces/include/my_robot_interfaces/my_robot_interfaces/msg/detail/led_panel_state__rosidl_typesupport_fastrtps_c.h
[3.822s] -- Up-to-date: /home/cgrundman/ros2_ws/install/my_robot_interfaces/include/my_robot_interfaces/my_robot_interfaces/srv
[3.822s] -- Up-to-date: /home/cgrundman/ros2_ws/install/my_robot_interfaces/include/my_robot_interfaces/my_robot_interfaces/srv/detail
[3.822s] -- Installing: /home/cgrundman/ros2_ws/install/my_robot_interfaces/include/my_robot_interfaces/my_robot_interfaces/srv/detail/compute_rectangle_area__rosidl_typesupport_fastrtps_c.h
[3.822s] -- Installing: /home/cgrundman/ros2_ws/install/my_robot_interfaces/lib/libmy_robot_interfaces__rosidl_typesupport_fastrtps_c.so
[3.822s] -- Set non-toolchain portion of runtime path of "/home/cgrundman/ros2_ws/install/my_robot_interfaces/lib/libmy_robot_interfaces__rosidl_typesupport_fastrtps_c.so" to ""
[3.822s] -- Up-to-date: /home/cgrundman/ros2_ws/install/my_robot_interfaces/include/my_robot_interfaces/my_robot_interfaces
[3.822s] -- Up-to-date: /home/cgrundman/ros2_ws/install/my_robot_interfaces/include/my_robot_interfaces/my_robot_interfaces/msg
[3.822s] -- Up-to-date: /home/cgrundman/ros2_ws/install/my_robot_interfaces/include/my_robot_interfaces/my_robot_interfaces/msg/detail
[3.822s] -- Up-to-date: /home/cgrundman/ros2_ws/install/my_robot_interfaces/include/my_robot_interfaces/my_robot_interfaces/msg/detail/hardware_status__type_support.c
[3.822s] -- Up-to-date: /home/cgrundman/ros2_ws/install/my_robot_interfaces/include/my_robot_interfaces/my_robot_interfaces/msg/detail/led_panel_state__type_support.c
[3.822s] -- Installing: /home/cgrundman/ros2_ws/install/my_robot_interfaces/include/my_robot_interfaces/my_robot_interfaces/msg/detail/hardware_status__rosidl_typesupport_introspection_c.h
[3.822s] -- Installing: /home/cgrundman/ros2_ws/install/my_robot_interfaces/include/my_robot_interfaces/my_robot_interfaces/msg/detail/led_panel_state__rosidl_typesupport_introspection_c.h
[3.822s] -- Up-to-date: /home/cgrundman/ros2_ws/install/my_robot_interfaces/include/my_robot_interfaces/my_robot_interfaces/msg/rosidl_typesupport_introspection_c__visibility_control.h
[3.822s] -- Up-to-date: /home/cgrundman/ros2_ws/install/my_robot_interfaces/include/my_robot_interfaces/my_robot_interfaces/srv
[3.822s] -- Up-to-date: /home/cgrundman/ros2_ws/install/my_robot_interfaces/include/my_robot_interfaces/my_robot_interfaces/srv/detail
[3.822s] -- Up-to-date: /home/cgrundman/ros2_ws/install/my_robot_interfaces/include/my_robot_interfaces/my_robot_interfaces/srv/detail/compute_rectangle_area__type_support.c
[3.822s] -- Installing: /home/cgrundman/ros2_ws/install/my_robot_interfaces/include/my_robot_interfaces/my_robot_interfaces/srv/detail/compute_rectangle_area__rosidl_typesupport_introspection_c.h
[3.822s] -- Installing: /home/cgrundman/ros2_ws/install/my_robot_interfaces/lib/libmy_robot_interfaces__rosidl_typesupport_introspection_c.so
[3.822s] -- Set non-toolchain portion of runtime path of "/home/cgrundman/ros2_ws/install/my_robot_interfaces/lib/libmy_robot_interfaces__rosidl_typesupport_introspection_c.so" to ""
[3.822s] -- Installing: /home/cgrundman/ros2_ws/install/my_robot_interfaces/lib/libmy_robot_interfaces__rosidl_typesupport_c.so
[3.823s] -- Set non-toolchain portion of runtime path of "/home/cgrundman/ros2_ws/install/my_robot_interfaces/lib/libmy_robot_interfaces__rosidl_typesupport_c.so" to ""
[3.823s] -- Up-to-date: /home/cgrundman/ros2_ws/install/my_robot_interfaces/include/my_robot_interfaces/my_robot_interfaces
[3.823s] -- Up-to-date: /home/cgrundman/ros2_ws/install/my_robot_interfaces/include/my_robot_interfaces/my_robot_interfaces/msg
[3.823s] -- Installing: /home/cgrundman/ros2_ws/install/my_robot_interfaces/include/my_robot_interfaces/my_robot_interfaces/msg/rosidl_generator_cpp__visibility_control.hpp
[3.823s] -- Installing: /home/cgrundman/ros2_ws/install/my_robot_interfaces/include/my_robot_interfaces/my_robot_interfaces/msg/led_panel_state.hpp
[3.823s] -- Up-to-date: /home/cgrundman/ros2_ws/install/my_robot_interfaces/include/my_robot_interfaces/my_robot_interfaces/msg/detail
[3.823s] -- Installing: /home/cgrundman/ros2_ws/install/my_robot_interfaces/include/my_robot_interfaces/my_robot_interfaces/msg/detail/hardware_status__type_support.hpp
[3.823s] -- Installing: /home/cgrundman/ros2_ws/install/my_robot_interfaces/include/my_robot_interfaces/my_robot_interfaces/msg/detail/hardware_status__struct.hpp
[3.823s] -- Installing: /home/cgrundman/ros2_ws/install/my_robot_interfaces/include/my_robot_interfaces/my_robot_interfaces/msg/detail/led_panel_state__type_support.hpp
[3.823s] -- Installing: /home/cgrundman/ros2_ws/install/my_robot_interfaces/include/my_robot_interfaces/my_robot_interfaces/msg/detail/led_panel_state__struct.hpp
[3.823s] -- Installing: /home/cgrundman/ros2_ws/install/my_robot_interfaces/include/my_robot_interfaces/my_robot_interfaces/msg/detail/hardware_status__traits.hpp
[3.823s] -- Installing: /home/cgrundman/ros2_ws/install/my_robot_interfaces/include/my_robot_interfaces/my_robot_interfaces/msg/detail/led_panel_state__builder.hpp
[3.823s] -- Installing: /home/cgrundman/ros2_ws/install/my_robot_interfaces/include/my_robot_interfaces/my_robot_interfaces/msg/detail/led_panel_state__traits.hpp
[3.823s] -- Installing: /home/cgrundman/ros2_ws/install/my_robot_interfaces/include/my_robot_interfaces/my_robot_interfaces/msg/detail/hardware_status__builder.hpp
[3.823s] -- Installing: /home/cgrundman/ros2_ws/install/my_robot_interfaces/include/my_robot_interfaces/my_robot_interfaces/msg/hardware_status.hpp
[3.823s] -- Up-to-date: /home/cgrundman/ros2_ws/install/my_robot_interfaces/include/my_robot_interfaces/my_robot_interfaces/srv
[3.823s] -- Installing: /home/cgrundman/ros2_ws/install/my_robot_interfaces/include/my_robot_interfaces/my_robot_interfaces/srv/compute_rectangle_area.hpp
[3.823s] -- Up-to-date: /home/cgrundman/ros2_ws/install/my_robot_interfaces/include/my_robot_interfaces/my_robot_interfaces/srv/detail
[3.823s] -- Installing: /home/cgrundman/ros2_ws/install/my_robot_interfaces/include/my_robot_interfaces/my_robot_interfaces/srv/detail/compute_rectangle_area__builder.hpp
[3.823s] -- Installing: /home/cgrundman/ros2_ws/install/my_robot_interfaces/include/my_robot_interfaces/my_robot_interfaces/srv/detail/compute_rectangle_area__struct.hpp
[3.823s] -- Installing: /home/cgrundman/ros2_ws/install/my_robot_interfaces/include/my_robot_interfaces/my_robot_interfaces/srv/detail/compute_rectangle_area__traits.hpp
[3.823s] -- Installing: /home/cgrundman/ros2_ws/install/my_robot_interfaces/include/my_robot_interfaces/my_robot_interfaces/srv/detail/compute_rectangle_area__type_support.hpp
[3.823s] -- Up-to-date: /home/cgrundman/ros2_ws/install/my_robot_interfaces/include/my_robot_interfaces/my_robot_interfaces
[3.824s] -- Up-to-date: /home/cgrundman/ros2_ws/install/my_robot_interfaces/include/my_robot_interfaces/my_robot_interfaces/msg
[3.824s] -- Up-to-date: /home/cgrundman/ros2_ws/install/my_robot_interfaces/include/my_robot_interfaces/my_robot_interfaces/msg/rosidl_typesupport_fastrtps_cpp__visibility_control.h
[3.824s] -- Up-to-date: /home/cgrundman/ros2_ws/install/my_robot_interfaces/include/my_robot_interfaces/my_robot_interfaces/msg/detail
[3.824s] -- Installing: /home/cgrundman/ros2_ws/install/my_robot_interfaces/include/my_robot_interfaces/my_robot_interfaces/msg/detail/hardware_status__rosidl_typesupport_fastrtps_cpp.hpp
[3.824s] -- Up-to-date: /home/cgrundman/ros2_ws/install/my_robot_interfaces/include/my_robot_interfaces/my_robot_interfaces/msg/detail/dds_fastrtps
[3.824s] -- Installing: /home/cgrundman/ros2_ws/install/my_robot_interfaces/include/my_robot_interfaces/my_robot_interfaces/msg/detail/led_panel_state__rosidl_typesupport_fastrtps_cpp.hpp
[3.824s] -- Up-to-date: /home/cgrundman/ros2_ws/install/my_robot_interfaces/include/my_robot_interfaces/my_robot_interfaces/srv
[3.824s] -- Up-to-date: /home/cgrundman/ros2_ws/install/my_robot_interfaces/include/my_robot_interfaces/my_robot_interfaces/srv/detail
[3.824s] -- Installing: /home/cgrundman/ros2_ws/install/my_robot_interfaces/include/my_robot_interfaces/my_robot_interfaces/srv/detail/compute_rectangle_area__rosidl_typesupport_fastrtps_cpp.hpp
[3.824s] -- Up-to-date: /home/cgrundman/ros2_ws/install/my_robot_interfaces/include/my_robot_interfaces/my_robot_interfaces/srv/detail/dds_fastrtps
[3.824s] -- Installing: /home/cgrundman/ros2_ws/install/my_robot_interfaces/lib/libmy_robot_interfaces__rosidl_typesupport_fastrtps_cpp.so
[3.824s] -- Set non-toolchain portion of runtime path of "/home/cgrundman/ros2_ws/install/my_robot_interfaces/lib/libmy_robot_interfaces__rosidl_typesupport_fastrtps_cpp.so" to ""
[3.824s] -- Up-to-date: /home/cgrundman/ros2_ws/install/my_robot_interfaces/include/my_robot_interfaces/my_robot_interfaces
[3.824s] -- Up-to-date: /home/cgrundman/ros2_ws/install/my_robot_interfaces/include/my_robot_interfaces/my_robot_interfaces/msg
[3.824s] -- Up-to-date: /home/cgrundman/ros2_ws/install/my_robot_interfaces/include/my_robot_interfaces/my_robot_interfaces/msg/detail
[3.824s] -- Installing: /home/cgrundman/ros2_ws/install/my_robot_interfaces/include/my_robot_interfaces/my_robot_interfaces/msg/detail/led_panel_state__rosidl_typesupport_introspection_cpp.hpp
[3.824s] -- Installing: /home/cgrundman/ros2_ws/install/my_robot_interfaces/include/my_robot_interfaces/my_robot_interfaces/msg/detail/hardware_status__type_support.cpp
[3.824s] -- Installing: /home/cgrundman/ros2_ws/install/my_robot_interfaces/include/my_robot_interfaces/my_robot_interfaces/msg/detail/led_panel_state__type_support.cpp
[3.824s] -- Installing: /home/cgrundman/ros2_ws/install/my_robot_interfaces/include/my_robot_interfaces/my_robot_interfaces/msg/detail/hardware_status__rosidl_typesupport_introspection_cpp.hpp
[3.824s] -- Up-to-date: /home/cgrundman/ros2_ws/install/my_robot_interfaces/include/my_robot_interfaces/my_robot_interfaces/srv
[3.824s] -- Up-to-date: /home/cgrundman/ros2_ws/install/my_robot_interfaces/include/my_robot_interfaces/my_robot_interfaces/srv/detail
[3.824s] -- Installing: /home/cgrundman/ros2_ws/install/my_robot_interfaces/include/my_robot_interfaces/my_robot_interfaces/srv/detail/compute_rectangle_area__type_support.cpp
[3.824s] -- Installing: /home/cgrundman/ros2_ws/install/my_robot_interfaces/include/my_robot_interfaces/my_robot_interfaces/srv/detail/compute_rectangle_area__rosidl_typesupport_introspection_cpp.hpp
[3.824s] -- Installing: /home/cgrundman/ros2_ws/install/my_robot_interfaces/lib/libmy_robot_interfaces__rosidl_typesupport_introspection_cpp.so
[3.824s] -- Set non-toolchain portion of runtime path of "/home/cgrundman/ros2_ws/install/my_robot_interfaces/lib/libmy_robot_interfaces__rosidl_typesupport_introspection_cpp.so" to ""
[3.824s] -- Installing: /home/cgrundman/ros2_ws/install/my_robot_interfaces/lib/libmy_robot_interfaces__rosidl_typesupport_cpp.so
[3.825s] -- Set non-toolchain portion of runtime path of "/home/cgrundman/ros2_ws/install/my_robot_interfaces/lib/libmy_robot_interfaces__rosidl_typesupport_cpp.so" to ""
[3.825s] -- Up-to-date: /home/cgrundman/ros2_ws/install/my_robot_interfaces/share/my_robot_interfaces/environment/pythonpath.sh
[3.825s] -- Up-to-date: /home/cgrundman/ros2_ws/install/my_robot_interfaces/share/my_robot_interfaces/environment/pythonpath.dsv
[3.825s] -- Up-to-date: /home/cgrundman/ros2_ws/install/my_robot_interfaces/lib/python3.12/site-packages/my_robot_interfaces-0.0.0-py3.12.egg-info
[3.825s] -- Installing: /home/cgrundman/ros2_ws/install/my_robot_interfaces/lib/python3.12/site-packages/my_robot_interfaces-0.0.0-py3.12.egg-info/SOURCES.txt
[3.825s] -- Installing: /home/cgrundman/ros2_ws/install/my_robot_interfaces/lib/python3.12/site-packages/my_robot_interfaces-0.0.0-py3.12.egg-info/PKG-INFO
[3.825s] -- Installing: /home/cgrundman/ros2_ws/install/my_robot_interfaces/lib/python3.12/site-packages/my_robot_interfaces-0.0.0-py3.12.egg-info/dependency_links.txt
[3.825s] -- Installing: /home/cgrundman/ros2_ws/install/my_robot_interfaces/lib/python3.12/site-packages/my_robot_interfaces-0.0.0-py3.12.egg-info/top_level.txt
[3.825s] -- Up-to-date: /home/cgrundman/ros2_ws/install/my_robot_interfaces/lib/python3.12/site-packages/my_robot_interfaces
[3.825s] -- Up-to-date: /home/cgrundman/ros2_ws/install/my_robot_interfaces/lib/python3.12/site-packages/my_robot_interfaces/msg
[3.825s] -- Installing: /home/cgrundman/ros2_ws/install/my_robot_interfaces/lib/python3.12/site-packages/my_robot_interfaces/msg/__init__.py
[3.825s] -- Installing: /home/cgrundman/ros2_ws/install/my_robot_interfaces/lib/python3.12/site-packages/my_robot_interfaces/msg/_led_panel_state_s.c
[3.825s] -- Installing: /home/cgrundman/ros2_ws/install/my_robot_interfaces/lib/python3.12/site-packages/my_robot_interfaces/msg/_hardware_status.py
[3.825s] -- Installing: /home/cgrundman/ros2_ws/install/my_robot_interfaces/lib/python3.12/site-packages/my_robot_interfaces/msg/_led_panel_state.py
[3.825s] -- Installing: /home/cgrundman/ros2_ws/install/my_robot_interfaces/lib/python3.12/site-packages/my_robot_interfaces/msg/_hardware_status_s.c
[3.825s] -- Installing: /home/cgrundman/ros2_ws/install/my_robot_interfaces/lib/python3.12/site-packages/my_robot_interfaces/my_robot_interfaces_s__rosidl_typesupport_c.so
[3.825s] -- Up-to-date: /home/cgrundman/ros2_ws/install/my_robot_interfaces/lib/python3.12/site-packages/my_robot_interfaces/srv
[3.825s] -- Installing: /home/cgrundman/ros2_ws/install/my_robot_interfaces/lib/python3.12/site-packages/my_robot_interfaces/srv/_compute_rectangle_area_s.c
[3.825s] -- Installing: /home/cgrundman/ros2_ws/install/my_robot_interfaces/lib/python3.12/site-packages/my_robot_interfaces/srv/_compute_rectangle_area.py
[3.825s] -- Installing: /home/cgrundman/ros2_ws/install/my_robot_interfaces/lib/python3.12/site-packages/my_robot_interfaces/srv/__init__.py
[3.825s] -- Installing: /home/cgrundman/ros2_ws/install/my_robot_interfaces/lib/python3.12/site-packages/my_robot_interfaces/__init__.py
[3.825s] -- Installing: /home/cgrundman/ros2_ws/install/my_robot_interfaces/lib/python3.12/site-packages/my_robot_interfaces/_my_robot_interfaces_s.ep.rosidl_typesupport_c.c
[3.825s] -- Installing: /home/cgrundman/ros2_ws/install/my_robot_interfaces/lib/python3.12/site-packages/my_robot_interfaces/my_robot_interfaces_s__rosidl_typesupport_fastrtps_c.so
[3.825s] -- Installing: /home/cgrundman/ros2_ws/install/my_robot_interfaces/lib/python3.12/site-packages/my_robot_interfaces/_my_robot_interfaces_s.ep.rosidl_typesupport_fastrtps_c.c
[3.825s] -- Installing: /home/cgrundman/ros2_ws/install/my_robot_interfaces/lib/python3.12/site-packages/my_robot_interfaces/my_robot_interfaces_s__rosidl_typesupport_introspection_c.so
[3.825s] -- Installing: /home/cgrundman/ros2_ws/install/my_robot_interfaces/lib/python3.12/site-packages/my_robot_interfaces/_my_robot_interfaces_s.ep.rosidl_typesupport_introspection_c.c
[3.890s] Listing '/home/cgrundman/ros2_ws/install/my_robot_interfaces/lib/python3.12/site-packages/my_robot_interfaces'...
[3.890s] Compiling '/home/cgrundman/ros2_ws/install/my_robot_interfaces/lib/python3.12/site-packages/my_robot_interfaces/__init__.py'...
[3.891s] Listing '/home/cgrundman/ros2_ws/install/my_robot_interfaces/lib/python3.12/site-packages/my_robot_interfaces/msg'...
[3.891s] Compiling '/home/cgrundman/ros2_ws/install/my_robot_interfaces/lib/python3.12/site-packages/my_robot_interfaces/msg/__init__.py'...
[3.891s] Compiling '/home/cgrundman/ros2_ws/install/my_robot_interfaces/lib/python3.12/site-packages/my_robot_interfaces/msg/_hardware_status.py'...
[3.891s] Compiling '/home/cgrundman/ros2_ws/install/my_robot_interfaces/lib/python3.12/site-packages/my_robot_interfaces/msg/_led_panel_state.py'...
[3.891s] Listing '/home/cgrundman/ros2_ws/install/my_robot_interfaces/lib/python3.12/site-packages/my_robot_interfaces/srv'...
[3.891s] Compiling '/home/cgrundman/ros2_ws/install/my_robot_interfaces/lib/python3.12/site-packages/my_robot_interfaces/srv/__init__.py'...
[3.891s] Compiling '/home/cgrundman/ros2_ws/install/my_robot_interfaces/lib/python3.12/site-packages/my_robot_interfaces/srv/_compute_rectangle_area.py'...
[3.894s] -- Installing: /home/cgrundman/ros2_ws/install/my_robot_interfaces/lib/python3.12/site-packages/my_robot_interfaces/my_robot_interfaces_s__rosidl_typesupport_fastrtps_c.so
[3.895s] -- Set non-toolchain portion of runtime path of "/home/cgrundman/ros2_ws/install/my_robot_interfaces/lib/python3.12/site-packages/my_robot_interfaces/my_robot_interfaces_s__rosidl_typesupport_fastrtps_c.so" to ""
[3.895s] -- Installing: /home/cgrundman/ros2_ws/install/my_robot_interfaces/lib/python3.12/site-packages/my_robot_interfaces/my_robot_interfaces_s__rosidl_typesupport_introspection_c.so
[3.896s] -- Set non-toolchain portion of runtime path of "/home/cgrundman/ros2_ws/install/my_robot_interfaces/lib/python3.12/site-packages/my_robot_interfaces/my_robot_interfaces_s__rosidl_typesupport_introspection_c.so" to ""
[3.896s] -- Installing: /home/cgrundman/ros2_ws/install/my_robot_interfaces/lib/python3.12/site-packages/my_robot_interfaces/my_robot_interfaces_s__rosidl_typesupport_c.so
[3.896s] -- Set non-toolchain portion of runtime path of "/home/cgrundman/ros2_ws/install/my_robot_interfaces/lib/python3.12/site-packages/my_robot_interfaces/my_robot_interfaces_s__rosidl_typesupport_c.so" to ""
[3.896s] -- Installing: /home/cgrundman/ros2_ws/install/my_robot_interfaces/lib/libmy_robot_interfaces__rosidl_generator_py.so
[3.897s] -- Set non-toolchain portion of runtime path of "/home/cgrundman/ros2_ws/install/my_robot_interfaces/lib/libmy_robot_interfaces__rosidl_generator_py.so" to ""
[3.897s] -- Up-to-date: /home/cgrundman/ros2_ws/install/my_robot_interfaces/share/my_robot_interfaces/msg/HardwareStatus.idl
[3.897s] -- Installing: /home/cgrundman/ros2_ws/install/my_robot_interfaces/share/my_robot_interfaces/msg/LEDPanelState.idl
[3.897s] -- Up-to-date: /home/cgrundman/ros2_ws/install/my_robot_interfaces/share/my_robot_interfaces/srv/ComputeRectangleArea.idl
[3.897s] -- Up-to-date: /home/cgrundman/ros2_ws/install/my_robot_interfaces/share/my_robot_interfaces/msg/HardwareStatus.msg
[3.897s] -- Installing: /home/cgrundman/ros2_ws/install/my_robot_interfaces/share/my_robot_interfaces/msg/LEDPanelState.msg
[3.897s] -- Up-to-date: /home/cgrundman/ros2_ws/install/my_robot_interfaces/share/my_robot_interfaces/srv/ComputeRectangleArea.srv
[3.897s] -- Up-to-date: /home/cgrundman/ros2_ws/install/my_robot_interfaces/share/ament_index/resource_index/package_run_dependencies/my_robot_interfaces
[3.898s] -- Up-to-date: /home/cgrundman/ros2_ws/install/my_robot_interfaces/share/ament_index/resource_index/parent_prefix_path/my_robot_interfaces
[3.898s] -- Up-to-date: /home/cgrundman/ros2_ws/install/my_robot_interfaces/share/my_robot_interfaces/environment/ament_prefix_path.sh
[3.898s] -- Up-to-date: /home/cgrundman/ros2_ws/install/my_robot_interfaces/share/my_robot_interfaces/environment/ament_prefix_path.dsv
[3.898s] -- Up-to-date: /home/cgrundman/ros2_ws/install/my_robot_interfaces/share/my_robot_interfaces/environment/path.sh
[3.898s] -- Up-to-date: /home/cgrundman/ros2_ws/install/my_robot_interfaces/share/my_robot_interfaces/environment/path.dsv
[3.898s] -- Up-to-date: /home/cgrundman/ros2_ws/install/my_robot_interfaces/share/my_robot_interfaces/local_setup.bash
[3.898s] -- Up-to-date: /home/cgrundman/ros2_ws/install/my_robot_interfaces/share/my_robot_interfaces/local_setup.sh
[3.898s] -- Up-to-date: /home/cgrundman/ros2_ws/install/my_robot_interfaces/share/my_robot_interfaces/local_setup.zsh
[3.898s] -- Up-to-date: /home/cgrundman/ros2_ws/install/my_robot_interfaces/share/my_robot_interfaces/local_setup.dsv
[3.898s] -- Installing: /home/cgrundman/ros2_ws/install/my_robot_interfaces/share/my_robot_interfaces/package.dsv
[3.898s] -- Up-to-date: /home/cgrundman/ros2_ws/install/my_robot_interfaces/share/ament_index/resource_index/packages/my_robot_interfaces
[3.898s] -- Up-to-date: /home/cgrundman/ros2_ws/install/my_robot_interfaces/share/my_robot_interfaces/cmake/export_my_robot_interfaces__rosidl_generator_cExport.cmake
[3.898s] -- Up-to-date: /home/cgrundman/ros2_ws/install/my_robot_interfaces/share/my_robot_interfaces/cmake/export_my_robot_interfaces__rosidl_generator_cExport-noconfig.cmake
[3.898s] -- Up-to-date: /home/cgrundman/ros2_ws/install/my_robot_interfaces/share/my_robot_interfaces/cmake/export_my_robot_interfaces__rosidl_typesupport_fastrtps_cExport.cmake
[3.898s] -- Up-to-date: /home/cgrundman/ros2_ws/install/my_robot_interfaces/share/my_robot_interfaces/cmake/export_my_robot_interfaces__rosidl_typesupport_fastrtps_cExport-noconfig.cmake
[3.898s] -- Up-to-date: /home/cgrundman/ros2_ws/install/my_robot_interfaces/share/my_robot_interfaces/cmake/my_robot_interfaces__rosidl_typesupport_introspection_cExport.cmake
[3.898s] -- Up-to-date: /home/cgrundman/ros2_ws/install/my_robot_interfaces/share/my_robot_interfaces/cmake/my_robot_interfaces__rosidl_typesupport_introspection_cExport-noconfig.cmake
[3.899s] -- Up-to-date: /home/cgrundman/ros2_ws/install/my_robot_interfaces/share/my_robot_interfaces/cmake/my_robot_interfaces__rosidl_typesupport_cExport.cmake
[3.899s] -- Up-to-date: /home/cgrundman/ros2_ws/install/my_robot_interfaces/share/my_robot_interfaces/cmake/my_robot_interfaces__rosidl_typesupport_cExport-noconfig.cmake
[3.899s] -- Up-to-date: /home/cgrundman/ros2_ws/install/my_robot_interfaces/share/my_robot_interfaces/cmake/export_my_robot_interfaces__rosidl_generator_cppExport.cmake
[3.899s] -- Up-to-date: /home/cgrundman/ros2_ws/install/my_robot_interfaces/share/my_robot_interfaces/cmake/export_my_robot_interfaces__rosidl_typesupport_fastrtps_cppExport.cmake
[3.899s] -- Up-to-date: /home/cgrundman/ros2_ws/install/my_robot_interfaces/share/my_robot_interfaces/cmake/export_my_robot_interfaces__rosidl_typesupport_fastrtps_cppExport-noconfig.cmake
[3.899s] -- Up-to-date: /home/cgrundman/ros2_ws/install/my_robot_interfaces/share/my_robot_interfaces/cmake/my_robot_interfaces__rosidl_typesupport_introspection_cppExport.cmake
[3.899s] -- Up-to-date: /home/cgrundman/ros2_ws/install/my_robot_interfaces/share/my_robot_interfaces/cmake/my_robot_interfaces__rosidl_typesupport_introspection_cppExport-noconfig.cmake
[3.899s] -- Up-to-date: /home/cgrundman/ros2_ws/install/my_robot_interfaces/share/my_robot_interfaces/cmake/my_robot_interfaces__rosidl_typesupport_cppExport.cmake
[3.899s] -- Up-to-date: /home/cgrundman/ros2_ws/install/my_robot_interfaces/share/my_robot_interfaces/cmake/my_robot_interfaces__rosidl_typesupport_cppExport-noconfig.cmake
[3.899s] -- Up-to-date: /home/cgrundman/ros2_ws/install/my_robot_interfaces/share/my_robot_interfaces/cmake/export_my_robot_interfaces__rosidl_generator_pyExport.cmake
[3.899s] -- Up-to-date: /home/cgrundman/ros2_ws/install/my_robot_interfaces/share/my_robot_interfaces/cmake/export_my_robot_interfaces__rosidl_generator_pyExport-noconfig.cmake
[3.899s] -- Installing: /home/cgrundman/ros2_ws/install/my_robot_interfaces/share/my_robot_interfaces/cmake/rosidl_cmake-extras.cmake
[3.899s] -- Up-to-date: /home/cgrundman/ros2_ws/install/my_robot_interfaces/share/my_robot_interfaces/cmake/ament_cmake_export_dependencies-extras.cmake
[3.899s] -- Up-to-date: /home/cgrundman/ros2_ws/install/my_robot_interfaces/share/my_robot_interfaces/cmake/ament_cmake_export_include_directories-extras.cmake
[3.899s] -- Up-to-date: /home/cgrundman/ros2_ws/install/my_robot_interfaces/share/my_robot_interfaces/cmake/ament_cmake_export_libraries-extras.cmake
[3.899s] -- Up-to-date: /home/cgrundman/ros2_ws/install/my_robot_interfaces/share/my_robot_interfaces/cmake/ament_cmake_export_targets-extras.cmake
[3.899s] -- Up-to-date: /home/cgrundman/ros2_ws/install/my_robot_interfaces/share/my_robot_interfaces/cmake/rosidl_cmake_export_typesupport_targets-extras.cmake
[3.899s] -- Up-to-date: /home/cgrundman/ros2_ws/install/my_robot_interfaces/share/my_robot_interfaces/cmake/rosidl_cmake_export_typesupport_libraries-extras.cmake
[3.899s] -- Up-to-date: /home/cgrundman/ros2_ws/install/my_robot_interfaces/share/my_robot_interfaces/cmake/my_robot_interfacesConfig.cmake
[3.899s] -- Up-to-date: /home/cgrundman/ros2_ws/install/my_robot_interfaces/share/my_robot_interfaces/cmake/my_robot_interfacesConfig-version.cmake
[3.899s] -- Up-to-date: /home/cgrundman/ros2_ws/install/my_robot_interfaces/share/my_robot_interfaces/package.xml
[3.901s] Invoked command in '/home/cgrundman/ros2_ws/build/my_robot_interfaces' returned '0': CMAKE_PREFIX_PATH=${CMAKE_PREFIX_PATH}:/home/cgrundman/ros2_ws/install/my_py_pkg:/opt/ros/jazzy DEBUGINFOD_URLS=https://debuginfod.ubuntu.com /usr/bin/cmake --install /home/cgrundman/ros2_ws/build/my_robot_interfaces
